[06:57:02] 🔥 Setting up GPU configuration...
[06:57:02] 🎯 Using device: cuda:0
[06:57:02] 📦 Loading Facebook RAG models...
[07:01:42] 🚀 RAG system ready!
[07:01:42] 📚 Loading SQuAD dataset for 7-template testing...
[07:01:42] 🔄 Loading 1000 SQuAD questions...
[07:01:45] 📊 Dataset loaded: 498 questions
[07:01:45] 🎯 Will test 7 templates = 3486 total evaluations
[07:01:45] 
📋 SAMPLE QUESTIONS:
[07:01:45]    1. Q: 'In what country is Normandy located'
[07:01:45]       A: 'France'
[07:01:45]    2. Q: 'When were the Normans in Normandy'
[07:01:45]       A: '10th and 11th centuries'
[07:01:45]    3. Q: 'From which countries did the Norse originate'
[07:01:45]       A: 'Denmark, Iceland and Norway'
[07:01:45] 🧪 Starting 7-template strategic experiment...
[07:01:45] ✅ Loaded 7 templates from config
[07:01:45] 📋 Experiment scope:
[07:01:45]    Questions: 498
[07:01:45]    Templates: 7
[07:01:45]    Total evaluations: 3486
[07:01:45] 
📝 TEMPLATES FROM CONFIG:
[07:01:45]    1. question_mark: "{question}?"
[07:01:45]       Purpose: Test punctuation impact
[07:01:45]    2. precise_instruction: "Give a factual, concise answer to: {question}"
[07:01:45]       Purpose: Proven successful template from small tests
[07:01:45]    3. retrieval_focused: "Based on retrieved information, answer: {question}"
[07:01:45]       Purpose: Leverage RAG's retrieval strength
[07:01:45]    4. direct_answer: "Answer the question: {question}"
[07:01:45]       Purpose: Direct instruction approach
[07:01:45]    5. generate_format: "Generate answer for this question: {question}"
[07:01:45]       Purpose: Generation-focused instruction
[07:01:45]    6. quoted_question: "Answer Question: '''{question}'''"
[07:01:45]       Purpose: Prompt engineering pattern with triple quotes
[07:01:45]    7. basic: "{question}"
[07:01:45]       Purpose: Baseline comparison
[07:01:45] 
🔄 Testing template: question_mark
[07:01:53]   Progress: 25/498 - Recent F1: 0.129
[07:02:01]   Progress: 50/498 - Recent F1: 0.166
[07:02:08]   Progress: 75/498 - Recent F1: 0.060
[07:02:15]   Progress: 100/498 - Recent F1: 0.173
[07:02:22]   Progress: 125/498 - Recent F1: 0.196
[07:02:29]   Progress: 150/498 - Recent F1: 0.116
[07:02:36]   Progress: 175/498 - Recent F1: 0.119
[07:02:42]   Progress: 200/498 - Recent F1: 0.047
[07:02:49]   Progress: 225/498 - Recent F1: 0.221
[07:02:56]   Progress: 250/498 - Recent F1: 0.088
[07:03:03]   Progress: 275/498 - Recent F1: 0.019
[07:03:10]   Progress: 300/498 - Recent F1: 0.056
[07:03:17]   Progress: 325/498 - Recent F1: 0.293
[07:03:24]   Progress: 350/498 - Recent F1: 0.190
[07:03:32]   Progress: 375/498 - Recent F1: 0.172
[07:03:39]   Progress: 400/498 - Recent F1: 0.247
[07:03:46]   Progress: 425/498 - Recent F1: 0.116
[07:03:53]   Progress: 450/498 - Recent F1: 0.241
[07:04:00]   Progress: 475/498 - Recent F1: 0.083
[07:04:06]    ✅ question_mark: F1=0.139, EM=0.072
[07:04:06] 
🔄 Testing template: precise_instruction
[07:04:14]   Progress: 25/498 - Recent F1: 0.142
[07:04:21]   Progress: 50/498 - Recent F1: 0.130
[07:04:29]   Progress: 75/498 - Recent F1: 0.100
[07:04:36]   Progress: 100/498 - Recent F1: 0.093
[07:04:43]   Progress: 125/498 - Recent F1: 0.115
[07:04:49]   Progress: 150/498 - Recent F1: 0.076
[07:04:56]   Progress: 175/498 - Recent F1: 0.077
[07:05:03]   Progress: 200/498 - Recent F1: 0.020
[07:05:09]   Progress: 225/498 - Recent F1: 0.027
[07:05:16]   Progress: 250/498 - Recent F1: 0.069
[07:05:23]   Progress: 275/498 - Recent F1: 0.048
[07:05:30]   Progress: 300/498 - Recent F1: 0.112
[07:05:37]   Progress: 325/498 - Recent F1: 0.252
[07:05:45]   Progress: 350/498 - Recent F1: 0.147
[07:05:51]   Progress: 375/498 - Recent F1: 0.000
[07:05:58]   Progress: 400/498 - Recent F1: 0.200
[07:06:05]   Progress: 425/498 - Recent F1: 0.123
[07:06:12]   Progress: 450/498 - Recent F1: 0.130
[07:06:19]   Progress: 475/498 - Recent F1: 0.087
[07:06:25]    ✅ precise_instruction: F1=0.102, EM=0.044
[07:06:25] 
🔄 Testing template: retrieval_focused
[07:06:33]   Progress: 25/498 - Recent F1: 0.092
[07:06:40]   Progress: 50/498 - Recent F1: 0.110
[07:06:47]   Progress: 75/498 - Recent F1: 0.060
[07:06:54]   Progress: 100/498 - Recent F1: 0.040
[07:07:00]   Progress: 125/498 - Recent F1: 0.071
[07:07:07]   Progress: 150/498 - Recent F1: 0.101
[07:07:13]   Progress: 175/498 - Recent F1: 0.050
[07:07:20]   Progress: 200/498 - Recent F1: 0.032
[07:07:27]   Progress: 225/498 - Recent F1: 0.007
[07:07:34]   Progress: 250/498 - Recent F1: 0.072
[07:07:41]   Progress: 275/498 - Recent F1: 0.068
[07:07:48]   Progress: 300/498 - Recent F1: 0.051
[07:07:55]   Progress: 325/498 - Recent F1: 0.300
[07:08:02]   Progress: 350/498 - Recent F1: 0.183
[07:08:09]   Progress: 375/498 - Recent F1: 0.098
[07:08:16]   Progress: 400/498 - Recent F1: 0.120
[07:08:23]   Progress: 425/498 - Recent F1: 0.090
[07:08:30]   Progress: 450/498 - Recent F1: 0.172
[07:08:37]   Progress: 475/498 - Recent F1: 0.163
[07:08:44]    ✅ retrieval_focused: F1=0.096, EM=0.054
[07:08:44] 
🔄 Testing template: direct_answer
[07:08:51]   Progress: 25/498 - Recent F1: 0.105
[07:08:58]   Progress: 50/498 - Recent F1: 0.130
[07:09:06]   Progress: 75/498 - Recent F1: 0.020
[07:09:13]   Progress: 100/498 - Recent F1: 0.093
[07:09:19]   Progress: 125/498 - Recent F1: 0.148
[07:09:26]   Progress: 150/498 - Recent F1: 0.137
[07:09:32]   Progress: 175/498 - Recent F1: 0.106
[07:09:39]   Progress: 200/498 - Recent F1: 0.045
[07:09:46]   Progress: 225/498 - Recent F1: 0.182
[07:09:53]   Progress: 250/498 - Recent F1: 0.069
[07:09:59]   Progress: 275/498 - Recent F1: 0.033
[07:10:07]   Progress: 300/498 - Recent F1: 0.100
[07:10:14]   Progress: 325/498 - Recent F1: 0.280
[07:10:21]   Progress: 350/498 - Recent F1: 0.143
[07:10:28]   Progress: 375/498 - Recent F1: 0.138
[07:10:35]   Progress: 400/498 - Recent F1: 0.227
[07:10:42]   Progress: 425/498 - Recent F1: 0.130
[07:10:49]   Progress: 450/498 - Recent F1: 0.143
[07:10:56]   Progress: 475/498 - Recent F1: 0.196
[07:11:02]    ✅ direct_answer: F1=0.127, EM=0.066
[07:11:02] 
🔄 Testing template: generate_format
[07:11:10]   Progress: 25/498 - Recent F1: 0.063
[07:11:17]   Progress: 50/498 - Recent F1: 0.167
[07:11:24]   Progress: 75/498 - Recent F1: 0.020
[07:11:32]   Progress: 100/498 - Recent F1: 0.139
[07:11:38]   Progress: 125/498 - Recent F1: 0.165
[07:11:45]   Progress: 150/498 - Recent F1: 0.130
[07:11:51]   Progress: 175/498 - Recent F1: 0.152
[07:11:58]   Progress: 200/498 - Recent F1: 0.061
[07:12:05]   Progress: 225/498 - Recent F1: 0.123
[07:12:12]   Progress: 250/498 - Recent F1: 0.109
[07:12:19]   Progress: 275/498 - Recent F1: 0.072
[07:12:26]   Progress: 300/498 - Recent F1: 0.091
[07:12:33]   Progress: 325/498 - Recent F1: 0.230
[07:12:41]   Progress: 350/498 - Recent F1: 0.090
[07:12:48]   Progress: 375/498 - Recent F1: 0.074
[07:12:55]   Progress: 400/498 - Recent F1: 0.253
[07:13:02]   Progress: 425/498 - Recent F1: 0.070
[07:13:09]   Progress: 450/498 - Recent F1: 0.130
[07:13:16]   Progress: 475/498 - Recent F1: 0.107
[07:13:22]    ✅ generate_format: F1=0.118, EM=0.058
[07:13:22] 
🔄 Testing template: quoted_question
[07:13:30]   Progress: 25/498 - Recent F1: 0.127
[07:13:37]   Progress: 50/498 - Recent F1: 0.120
[07:13:44]   Progress: 75/498 - Recent F1: 0.096
[07:13:51]   Progress: 100/498 - Recent F1: 0.149
[07:13:57]   Progress: 125/498 - Recent F1: 0.155
[07:14:04]   Progress: 150/498 - Recent F1: 0.094
[07:14:10]   Progress: 175/498 - Recent F1: 0.133
[07:14:17]   Progress: 200/498 - Recent F1: 0.000
[07:14:24]   Progress: 225/498 - Recent F1: 0.120
[07:14:31]   Progress: 250/498 - Recent F1: 0.072
[07:14:39]   Progress: 275/498 - Recent F1: 0.033
[07:14:46]   Progress: 300/498 - Recent F1: 0.080
[07:14:53]   Progress: 325/498 - Recent F1: 0.230
[07:15:00]   Progress: 350/498 - Recent F1: 0.123
[07:15:07]   Progress: 375/498 - Recent F1: 0.034
[07:15:14]   Progress: 400/498 - Recent F1: 0.207
[07:15:21]   Progress: 425/498 - Recent F1: 0.060
[07:15:28]   Progress: 450/498 - Recent F1: 0.103
[07:15:35]   Progress: 475/498 - Recent F1: 0.156
[07:15:41]    ✅ quoted_question: F1=0.107, EM=0.054
[07:15:41] 
🔄 Testing template: basic
[07:15:48]   Progress: 25/498 - Recent F1: 0.132
[07:15:56]   Progress: 50/498 - Recent F1: 0.126
[07:16:03]   Progress: 75/498 - Recent F1: 0.060
[07:16:10]   Progress: 100/498 - Recent F1: 0.093
[07:16:17]   Progress: 125/498 - Recent F1: 0.169
[07:16:23]   Progress: 150/498 - Recent F1: 0.175
[07:16:30]   Progress: 175/498 - Recent F1: 0.100
[07:16:36]   Progress: 200/498 - Recent F1: 0.033
[07:16:43]   Progress: 225/498 - Recent F1: 0.158
[07:16:50]   Progress: 250/498 - Recent F1: 0.101
[07:16:57]   Progress: 275/498 - Recent F1: 0.040
[07:17:04]   Progress: 300/498 - Recent F1: 0.112
[07:17:10]   Progress: 325/498 - Recent F1: 0.200
[07:17:17]   Progress: 350/498 - Recent F1: 0.190
[07:17:24]   Progress: 375/498 - Recent F1: 0.178
[07:17:31]   Progress: 400/498 - Recent F1: 0.218
[07:17:38]   Progress: 425/498 - Recent F1: 0.170
[07:17:45]   Progress: 450/498 - Recent F1: 0.244
[07:17:52]   Progress: 475/498 - Recent F1: 0.133
[07:17:59]    ✅ basic: F1=0.136, EM=0.068
[07:17:59] 
🎉 Experiment completed!
[07:17:59] 📊 Total results generated: 3486
[07:17:59] 
🔍 ANALYZING 7-TEMPLATE RESULTS...
[07:17:59] 
🏆 7-TEMPLATE PERFORMANCE RANKING:
[07:17:59] -------------------------------------------------------------------------------------
[07:17:59] Template             F1 Score   EM Score   Samples  Improvement 
[07:17:59] -------------------------------------------------------------------------------------
[07:17:59] question_mark        0.139     0.072     498      +2.2%       
[07:17:59] basic                0.136     0.068     498      BASELINE    
[07:17:59] direct_answer        0.127     0.066     498      -7.0%       
[07:17:59] generate_format      0.118     0.058     498      -13.5%      
[07:17:59] quoted_question      0.107     0.054     498      -21.4%      
[07:17:59] precise_instruction  0.102     0.044     498      -25.3%      
[07:17:59] retrieval_focused    0.096     0.054     498      -29.2%      
[07:17:59] 
📊 EXPERIMENT SUCCESS ANALYSIS:
[07:17:59]   🥇 Best Template: question_mark (F1: 0.139)
[07:17:59]      Purpose: Test punctuation impact
[07:17:59]   ✅ SUCCESS! Basic template relegated to rank 2
[07:17:59]   🎯 Template engineering shows measurable impact!
[07:17:59] 
🚀 TOP PERFORMERS VS BASIC:
[07:17:59]    1. question_mark: +2.2% improvement
[07:17:59]    3. direct_answer: -7.0% improvement
[07:17:59] 
📋 TEMPLATE CATEGORY ANALYSIS:
[07:17:59]    Instructional: Average F1=0.113 (-16.8% vs basic)
[07:17:59]    RAG-Specific: Average F1=0.096 (-29.2% vs basic)
[07:17:59]    Formatting: Average F1=0.139 (+2.2% vs basic)
[07:17:59] 
💾 Saving results...
[07:17:59]    📊 Detailed results: ../results/seven_template_detailed_20250711_071759.csv
[07:17:59]        Contains: 3486 rows with all prompts/answers/scores
[07:17:59]    📋 Summary: ../results/seven_template_summary_20250711_071759.csv
