[08:47:47] 🔥 Setting up GPU configuration...
[08:47:47] 🎯 Using device: cuda:0
[08:47:47] 📦 Loading Facebook RAG models...
[08:51:18] 🚀 RAG system ready!
[08:51:18] 📚 Loading SQuAD dataset for 7-template testing...
[08:51:18] 🔄 Loading 2000 SQuAD questions...
[08:51:21] 📊 Dataset loaded: 1001 questions
[08:51:21] 🎯 Will test 7 templates = 7007 total evaluations
[08:51:21] 
📋 SAMPLE QUESTIONS:
[08:51:21]    1. Q: 'In what country is Normandy located'
[08:51:21]       A: 'France'
[08:51:21]    2. Q: 'When were the Normans in Normandy'
[08:51:21]       A: '10th and 11th centuries'
[08:51:21]    3. Q: 'From which countries did the Norse originate'
[08:51:21]       A: 'Denmark, Iceland and Norway'
[08:51:21] 🧪 Starting 7-template strategic experiment...
[08:51:21] ✅ Loaded 7 templates from config
[08:51:21] 📋 Experiment scope:
[08:51:21]    Questions: 1001
[08:51:21]    Templates: 7
[08:51:21]    Total evaluations: 7007
[08:51:21] 
📝 TEMPLATES FROM CONFIG:
[08:51:21]    1. question_mark: "{question}?"
[08:51:21]       Purpose: Proven 2.2% improvement
[08:51:21]    2. statement_form: "The answer to '{question}' is"
[08:51:21]       Purpose: Statement completion instead of question
[08:51:21]    3. tell_me: "Tell me {question}"
[08:51:21]       Purpose: Imperative form - natural command
[08:51:21]    4. complete_sentence: "'{question}' The answer is"
[08:51:21]       Purpose: Completion prompt format
[08:51:21]    5. search_format: "Search: {question}"
[08:51:21]       Purpose: Search engine style query
[08:51:21]    6. conversational: "Q: {question} A:"
[08:51:21]       Purpose: Conversational Q&A format
[08:51:21]    7. basic: "{question}"
[08:51:21]       Purpose: Baseline comparison
[08:51:21] 
🔄 Testing template: question_mark
[08:51:32]   Progress: 25/1001 - Recent F1: 0.129
[08:51:42]   Progress: 50/1001 - Recent F1: 0.166
[08:51:52]   Progress: 75/1001 - Recent F1: 0.060
[08:52:03]   Progress: 100/1001 - Recent F1: 0.173
[08:52:12]   Progress: 125/1001 - Recent F1: 0.196
[08:52:22]   Progress: 150/1001 - Recent F1: 0.116
[08:52:32]   Progress: 175/1001 - Recent F1: 0.119
[08:52:41]   Progress: 200/1001 - Recent F1: 0.047
[08:52:51]   Progress: 225/1001 - Recent F1: 0.221
[08:53:01]   Progress: 250/1001 - Recent F1: 0.088
[08:53:10]   Progress: 275/1001 - Recent F1: 0.019
[08:53:20]   Progress: 300/1001 - Recent F1: 0.056
[08:53:31]   Progress: 325/1001 - Recent F1: 0.293
[08:53:41]   Progress: 350/1001 - Recent F1: 0.190
[08:53:51]   Progress: 375/1001 - Recent F1: 0.172
[08:54:01]   Progress: 400/1001 - Recent F1: 0.247
[08:54:11]   Progress: 425/1001 - Recent F1: 0.116
[08:54:21]   Progress: 450/1001 - Recent F1: 0.241
[08:54:31]   Progress: 475/1001 - Recent F1: 0.083
[08:54:41]   Progress: 500/1001 - Recent F1: 0.040
[08:54:50]   Progress: 525/1001 - Recent F1: 0.167
[08:55:00]   Progress: 550/1001 - Recent F1: 0.020
[08:55:09]   Progress: 575/1001 - Recent F1: 0.056
[08:55:19]   Progress: 600/1001 - Recent F1: 0.127
[08:55:29]   Progress: 625/1001 - Recent F1: 0.092
[08:55:40]   Progress: 650/1001 - Recent F1: 0.168
[08:55:50]   Progress: 675/1001 - Recent F1: 0.232
[08:56:00]   Progress: 700/1001 - Recent F1: 0.173
[08:56:11]   Progress: 725/1001 - Recent F1: 0.169
[08:56:21]   Progress: 750/1001 - Recent F1: 0.212
[08:56:31]   Progress: 775/1001 - Recent F1: 0.147
[08:56:42]   Progress: 800/1001 - Recent F1: 0.180
[08:56:52]   Progress: 825/1001 - Recent F1: 0.147
[08:57:02]   Progress: 850/1001 - Recent F1: 0.049
[08:57:13]   Progress: 875/1001 - Recent F1: 0.126
[08:57:23]   Progress: 900/1001 - Recent F1: 0.121
[08:57:34]   Progress: 925/1001 - Recent F1: 0.205
[08:57:44]   Progress: 950/1001 - Recent F1: 0.299
[08:57:53]   Progress: 975/1001 - Recent F1: 0.241
[08:58:03]   Progress: 1000/1001 - Recent F1: 0.320
[08:58:03]    ✅ question_mark: F1=0.150, EM=0.086
[08:58:03] 
🔄 Testing template: statement_form
[08:58:13]   Progress: 25/1001 - Recent F1: 0.112
[08:58:24]   Progress: 50/1001 - Recent F1: 0.049
[08:58:34]   Progress: 75/1001 - Recent F1: 0.060
[08:58:43]   Progress: 100/1001 - Recent F1: 0.040
[08:58:52]   Progress: 125/1001 - Recent F1: 0.036
[08:59:02]   Progress: 150/1001 - Recent F1: 0.050
[08:59:11]   Progress: 175/1001 - Recent F1: 0.109
[08:59:21]   Progress: 200/1001 - Recent F1: 0.000
[08:59:31]   Progress: 225/1001 - Recent F1: 0.088
[08:59:41]   Progress: 250/1001 - Recent F1: 0.059
[08:59:51]   Progress: 275/1001 - Recent F1: 0.033
[09:00:01]   Progress: 300/1001 - Recent F1: 0.060
[09:00:11]   Progress: 325/1001 - Recent F1: 0.216
[09:00:21]   Progress: 350/1001 - Recent F1: 0.020
[09:00:32]   Progress: 375/1001 - Recent F1: 0.084
[09:00:41]   Progress: 400/1001 - Recent F1: 0.127
[09:00:51]   Progress: 425/1001 - Recent F1: 0.076
[09:01:01]   Progress: 450/1001 - Recent F1: 0.123
[09:01:10]   Progress: 475/1001 - Recent F1: 0.030
[09:01:21]   Progress: 500/1001 - Recent F1: 0.040
[09:01:31]   Progress: 525/1001 - Recent F1: 0.096
[09:01:41]   Progress: 550/1001 - Recent F1: 0.000
[09:01:52]   Progress: 575/1001 - Recent F1: 0.072
[09:02:01]   Progress: 600/1001 - Recent F1: 0.163
[09:02:11]   Progress: 625/1001 - Recent F1: 0.147
[09:02:21]   Progress: 650/1001 - Recent F1: 0.147
[09:02:31]   Progress: 675/1001 - Recent F1: 0.160
[09:02:40]   Progress: 700/1001 - Recent F1: 0.103
[09:02:49]   Progress: 725/1001 - Recent F1: 0.185
[09:02:59]   Progress: 750/1001 - Recent F1: 0.088
[09:03:09]   Progress: 775/1001 - Recent F1: 0.055
[09:03:19]   Progress: 800/1001 - Recent F1: 0.076
[09:03:29]   Progress: 825/1001 - Recent F1: 0.036
[09:03:39]   Progress: 850/1001 - Recent F1: 0.080
[09:03:50]   Progress: 875/1001 - Recent F1: 0.100
[09:04:00]   Progress: 900/1001 - Recent F1: 0.043
[09:04:09]   Progress: 925/1001 - Recent F1: 0.158
[09:04:20]   Progress: 950/1001 - Recent F1: 0.202
[09:04:29]   Progress: 975/1001 - Recent F1: 0.139
[09:04:39]   Progress: 1000/1001 - Recent F1: 0.320
[09:04:40]    ✅ statement_form: F1=0.094, EM=0.057
[09:04:40] 
🔄 Testing template: tell_me
[09:04:50]   Progress: 25/1001 - Recent F1: 0.105
[09:05:00]   Progress: 50/1001 - Recent F1: 0.123
[09:05:10]   Progress: 75/1001 - Recent F1: 0.060
[09:05:20]   Progress: 100/1001 - Recent F1: 0.147
[09:05:29]   Progress: 125/1001 - Recent F1: 0.167
[09:05:39]   Progress: 150/1001 - Recent F1: 0.155
[09:05:48]   Progress: 175/1001 - Recent F1: 0.092
[09:05:57]   Progress: 200/1001 - Recent F1: 0.049
[09:06:07]   Progress: 225/1001 - Recent F1: 0.126
[09:06:16]   Progress: 250/1001 - Recent F1: 0.099
[09:06:26]   Progress: 275/1001 - Recent F1: 0.067
[09:06:35]   Progress: 300/1001 - Recent F1: 0.072
[09:06:45]   Progress: 325/1001 - Recent F1: 0.260
[09:06:55]   Progress: 350/1001 - Recent F1: 0.103
[09:07:06]   Progress: 375/1001 - Recent F1: 0.098
[09:07:16]   Progress: 400/1001 - Recent F1: 0.180
[09:07:26]   Progress: 425/1001 - Recent F1: 0.116
[09:07:37]   Progress: 450/1001 - Recent F1: 0.142
[09:07:47]   Progress: 475/1001 - Recent F1: 0.129
[09:07:57]   Progress: 500/1001 - Recent F1: 0.040
[09:08:07]   Progress: 525/1001 - Recent F1: 0.127
[09:08:16]   Progress: 550/1001 - Recent F1: 0.013
[09:08:26]   Progress: 575/1001 - Recent F1: 0.072
[09:08:35]   Progress: 600/1001 - Recent F1: 0.157
[09:08:45]   Progress: 625/1001 - Recent F1: 0.109
[09:08:56]   Progress: 650/1001 - Recent F1: 0.195
[09:09:05]   Progress: 675/1001 - Recent F1: 0.212
[09:09:16]   Progress: 700/1001 - Recent F1: 0.131
[09:09:26]   Progress: 725/1001 - Recent F1: 0.165
[09:09:36]   Progress: 750/1001 - Recent F1: 0.295
[09:09:47]   Progress: 775/1001 - Recent F1: 0.194
[09:09:57]   Progress: 800/1001 - Recent F1: 0.100
[09:10:07]   Progress: 825/1001 - Recent F1: 0.114
[09:10:18]   Progress: 850/1001 - Recent F1: 0.080
[09:10:28]   Progress: 875/1001 - Recent F1: 0.078
[09:10:39]   Progress: 900/1001 - Recent F1: 0.156
[09:10:48]   Progress: 925/1001 - Recent F1: 0.187
[09:10:58]   Progress: 950/1001 - Recent F1: 0.265
[09:11:07]   Progress: 975/1001 - Recent F1: 0.211
[09:11:17]   Progress: 1000/1001 - Recent F1: 0.320
[09:11:17]    ✅ tell_me: F1=0.138, EM=0.074
[09:11:17] 
🔄 Testing template: complete_sentence
[09:11:27]   Progress: 25/1001 - Recent F1: 0.076
[09:11:38]   Progress: 50/1001 - Recent F1: 0.086
[09:11:49]   Progress: 75/1001 - Recent F1: 0.100
[09:11:59]   Progress: 100/1001 - Recent F1: 0.080
[09:12:08]   Progress: 125/1001 - Recent F1: 0.118
[09:12:18]   Progress: 150/1001 - Recent F1: 0.115
[09:12:26]   Progress: 175/1001 - Recent F1: 0.099
[09:12:35]   Progress: 200/1001 - Recent F1: 0.000
[09:12:45]   Progress: 225/1001 - Recent F1: 0.183
[09:12:55]   Progress: 250/1001 - Recent F1: 0.053
[09:13:05]   Progress: 275/1001 - Recent F1: 0.025
[09:13:15]   Progress: 300/1001 - Recent F1: 0.056
[09:13:26]   Progress: 325/1001 - Recent F1: 0.180
[09:13:37]   Progress: 350/1001 - Recent F1: 0.083
[09:13:47]   Progress: 375/1001 - Recent F1: 0.098
[09:13:57]   Progress: 400/1001 - Recent F1: 0.207
[09:14:06]   Progress: 425/1001 - Recent F1: 0.116
[09:14:16]   Progress: 450/1001 - Recent F1: 0.123
[09:14:26]   Progress: 475/1001 - Recent F1: 0.100
[09:14:35]   Progress: 500/1001 - Recent F1: 0.040
[09:14:45]   Progress: 525/1001 - Recent F1: 0.116
[09:14:54]   Progress: 550/1001 - Recent F1: 0.000
[09:15:05]   Progress: 575/1001 - Recent F1: 0.069
[09:15:14]   Progress: 600/1001 - Recent F1: 0.169
[09:15:24]   Progress: 625/1001 - Recent F1: 0.180
[09:15:34]   Progress: 650/1001 - Recent F1: 0.160
[09:15:44]   Progress: 675/1001 - Recent F1: 0.240
[09:15:53]   Progress: 700/1001 - Recent F1: 0.100
[09:16:04]   Progress: 725/1001 - Recent F1: 0.150
[09:16:14]   Progress: 750/1001 - Recent F1: 0.174
[09:16:25]   Progress: 775/1001 - Recent F1: 0.149
[09:16:35]   Progress: 800/1001 - Recent F1: 0.083
[09:16:45]   Progress: 825/1001 - Recent F1: 0.151
[09:16:55]   Progress: 850/1001 - Recent F1: 0.040
[09:17:04]   Progress: 875/1001 - Recent F1: 0.112
[09:17:15]   Progress: 900/1001 - Recent F1: 0.143
[09:17:26]   Progress: 925/1001 - Recent F1: 0.136
[09:17:36]   Progress: 950/1001 - Recent F1: 0.185
[09:17:45]   Progress: 975/1001 - Recent F1: 0.139
[09:17:55]   Progress: 1000/1001 - Recent F1: 0.260
[09:17:56]    ✅ complete_sentence: F1=0.117, EM=0.073
[09:17:56] 
🔄 Testing template: search_format
[09:18:07]   Progress: 25/1001 - Recent F1: 0.145
[09:18:17]   Progress: 50/1001 - Recent F1: 0.080
[09:18:28]   Progress: 75/1001 - Recent F1: 0.080
[09:18:38]   Progress: 100/1001 - Recent F1: 0.040
[09:18:47]   Progress: 125/1001 - Recent F1: 0.081
[09:18:57]   Progress: 150/1001 - Recent F1: 0.114
[09:19:06]   Progress: 175/1001 - Recent F1: 0.000
[09:19:16]   Progress: 200/1001 - Recent F1: 0.013
[09:19:25]   Progress: 225/1001 - Recent F1: 0.113
[09:19:35]   Progress: 250/1001 - Recent F1: 0.056
[09:19:46]   Progress: 275/1001 - Recent F1: 0.021
[09:19:56]   Progress: 300/1001 - Recent F1: 0.056
[09:20:06]   Progress: 325/1001 - Recent F1: 0.211
[09:20:16]   Progress: 350/1001 - Recent F1: 0.120
[09:20:26]   Progress: 375/1001 - Recent F1: 0.058
[09:20:37]   Progress: 400/1001 - Recent F1: 0.167
[09:20:46]   Progress: 425/1001 - Recent F1: 0.132
[09:20:57]   Progress: 450/1001 - Recent F1: 0.073
[09:21:07]   Progress: 475/1001 - Recent F1: 0.020
[09:21:16]   Progress: 500/1001 - Recent F1: 0.000
[09:21:26]   Progress: 525/1001 - Recent F1: 0.100
[09:21:36]   Progress: 550/1001 - Recent F1: 0.016
[09:21:46]   Progress: 575/1001 - Recent F1: 0.049
[09:21:56]   Progress: 600/1001 - Recent F1: 0.173
[09:22:05]   Progress: 625/1001 - Recent F1: 0.100
[09:22:16]   Progress: 650/1001 - Recent F1: 0.115
[09:22:25]   Progress: 675/1001 - Recent F1: 0.220
[09:22:36]   Progress: 700/1001 - Recent F1: 0.080
[09:22:46]   Progress: 725/1001 - Recent F1: 0.112
[09:22:56]   Progress: 750/1001 - Recent F1: 0.195
[09:23:08]   Progress: 775/1001 - Recent F1: 0.133
[09:23:18]   Progress: 800/1001 - Recent F1: 0.013
[09:23:29]   Progress: 825/1001 - Recent F1: 0.133
[09:23:40]   Progress: 850/1001 - Recent F1: 0.080
[09:23:50]   Progress: 875/1001 - Recent F1: 0.063
[09:24:01]   Progress: 900/1001 - Recent F1: 0.060
[09:24:12]   Progress: 925/1001 - Recent F1: 0.158
[09:24:22]   Progress: 950/1001 - Recent F1: 0.155
[09:24:31]   Progress: 975/1001 - Recent F1: 0.185
[09:24:41]   Progress: 1000/1001 - Recent F1: 0.160
[09:24:41]    ✅ search_format: F1=0.097, EM=0.051
[09:24:41] 
🔄 Testing template: conversational
[09:24:52]   Progress: 25/1001 - Recent F1: 0.092
[09:25:02]   Progress: 50/1001 - Recent F1: 0.116
[09:25:13]   Progress: 75/1001 - Recent F1: 0.020
[09:25:23]   Progress: 100/1001 - Recent F1: 0.099
[09:25:33]   Progress: 125/1001 - Recent F1: 0.085
[09:25:43]   Progress: 150/1001 - Recent F1: 0.085
[09:25:52]   Progress: 175/1001 - Recent F1: 0.053
[09:26:02]   Progress: 200/1001 - Recent F1: 0.032
[09:26:11]   Progress: 225/1001 - Recent F1: 0.123
[09:26:21]   Progress: 250/1001 - Recent F1: 0.094
[09:26:31]   Progress: 275/1001 - Recent F1: 0.033
[09:26:41]   Progress: 300/1001 - Recent F1: 0.073
[09:26:51]   Progress: 325/1001 - Recent F1: 0.183
[09:27:01]   Progress: 350/1001 - Recent F1: 0.120
[09:27:11]   Progress: 375/1001 - Recent F1: 0.159
[09:27:21]   Progress: 400/1001 - Recent F1: 0.100
[09:27:31]   Progress: 425/1001 - Recent F1: 0.090
[09:27:41]   Progress: 450/1001 - Recent F1: 0.160
[09:27:50]   Progress: 475/1001 - Recent F1: 0.105
[09:28:01]   Progress: 500/1001 - Recent F1: 0.000
[09:28:10]   Progress: 525/1001 - Recent F1: 0.056
[09:28:20]   Progress: 550/1001 - Recent F1: 0.013
[09:28:30]   Progress: 575/1001 - Recent F1: 0.045
[09:28:40]   Progress: 600/1001 - Recent F1: 0.149
[09:28:50]   Progress: 625/1001 - Recent F1: 0.127
[09:29:00]   Progress: 650/1001 - Recent F1: 0.108
[09:29:09]   Progress: 675/1001 - Recent F1: 0.223
[09:29:20]   Progress: 700/1001 - Recent F1: 0.100
[09:29:30]   Progress: 725/1001 - Recent F1: 0.191
[09:29:41]   Progress: 750/1001 - Recent F1: 0.184
[09:29:51]   Progress: 775/1001 - Recent F1: 0.120
[09:30:00]   Progress: 800/1001 - Recent F1: 0.097
[09:30:11]   Progress: 825/1001 - Recent F1: 0.102
[09:30:21]   Progress: 850/1001 - Recent F1: 0.040
[09:30:32]   Progress: 875/1001 - Recent F1: 0.135
[09:30:42]   Progress: 900/1001 - Recent F1: 0.166
[09:30:53]   Progress: 925/1001 - Recent F1: 0.171
[09:31:02]   Progress: 950/1001 - Recent F1: 0.180
[09:31:11]   Progress: 975/1001 - Recent F1: 0.187
[09:31:21]   Progress: 1000/1001 - Recent F1: 0.187
[09:31:21]    ✅ conversational: F1=0.110, EM=0.059
[09:31:21] 
🔄 Testing template: basic
[09:31:31]   Progress: 25/1001 - Recent F1: 0.132
[09:31:41]   Progress: 50/1001 - Recent F1: 0.126
[09:31:52]   Progress: 75/1001 - Recent F1: 0.060
[09:32:02]   Progress: 100/1001 - Recent F1: 0.093
[09:32:11]   Progress: 125/1001 - Recent F1: 0.169
[09:32:20]   Progress: 150/1001 - Recent F1: 0.175
[09:32:29]   Progress: 175/1001 - Recent F1: 0.100
[09:32:38]   Progress: 200/1001 - Recent F1: 0.033
[09:32:49]   Progress: 225/1001 - Recent F1: 0.158
[09:32:58]   Progress: 250/1001 - Recent F1: 0.101
[09:33:08]   Progress: 275/1001 - Recent F1: 0.040
[09:33:18]   Progress: 300/1001 - Recent F1: 0.112
[09:33:27]   Progress: 325/1001 - Recent F1: 0.200
[09:33:38]   Progress: 350/1001 - Recent F1: 0.190
[09:33:48]   Progress: 375/1001 - Recent F1: 0.178
[09:33:58]   Progress: 400/1001 - Recent F1: 0.218
[09:34:08]   Progress: 425/1001 - Recent F1: 0.170
[09:34:19]   Progress: 450/1001 - Recent F1: 0.244
[09:34:29]   Progress: 475/1001 - Recent F1: 0.133
[09:34:38]   Progress: 500/1001 - Recent F1: 0.080
[09:34:48]   Progress: 525/1001 - Recent F1: 0.183
[09:34:57]   Progress: 550/1001 - Recent F1: 0.033
[09:35:08]   Progress: 575/1001 - Recent F1: 0.069
[09:35:17]   Progress: 600/1001 - Recent F1: 0.073
[09:35:27]   Progress: 625/1001 - Recent F1: 0.116
[09:35:38]   Progress: 650/1001 - Recent F1: 0.218
[09:35:48]   Progress: 675/1001 - Recent F1: 0.212
[09:35:59]   Progress: 700/1001 - Recent F1: 0.193
[09:36:09]   Progress: 725/1001 - Recent F1: 0.142
[09:36:20]   Progress: 750/1001 - Recent F1: 0.216
[09:36:30]   Progress: 775/1001 - Recent F1: 0.177
[09:36:40]   Progress: 800/1001 - Recent F1: 0.136
[09:36:52]   Progress: 825/1001 - Recent F1: 0.107
[09:37:02]   Progress: 850/1001 - Recent F1: 0.049
[09:37:13]   Progress: 875/1001 - Recent F1: 0.091
[09:37:24]   Progress: 900/1001 - Recent F1: 0.141
[09:37:33]   Progress: 925/1001 - Recent F1: 0.214
[09:37:44]   Progress: 950/1001 - Recent F1: 0.249
[09:37:53]   Progress: 975/1001 - Recent F1: 0.303
[09:38:02]   Progress: 1000/1001 - Recent F1: 0.320
[09:38:03]    ✅ basic: F1=0.149, EM=0.080
[09:38:03] 
🎉 Experiment completed!
[09:38:03] 📊 Total results generated: 7007
[09:38:03] 
🔍 ANALYZING 7-TEMPLATE RESULTS...
[09:38:03] 
🏆 7-TEMPLATE PERFORMANCE RANKING:
[09:38:03] -------------------------------------------------------------------------------------
[09:38:03] Template             F1 Score   EM Score   Samples  Improvement 
[09:38:03] -------------------------------------------------------------------------------------
[09:38:03] question_mark        0.150     0.086     1001     +1.1%       
[09:38:03] basic                0.149     0.080     1001     BASELINE    
[09:38:03] tell_me              0.138     0.074     1001     -7.4%       
[09:38:03] complete_sentence    0.117     0.073     1001     -21.2%      
[09:38:03] conversational       0.110     0.059     1001     -26.0%      
[09:38:03] search_format        0.097     0.051     1001     -34.8%      
[09:38:03] statement_form       0.094     0.057     1001     -36.5%      
[09:38:03] 
📊 EXPERIMENT SUCCESS ANALYSIS:
[09:38:03]   🥇 Best Template: question_mark (F1: 0.150)
[09:38:03]      Purpose: Proven 2.2% improvement
[09:38:03]   ✅ SUCCESS! Basic template relegated to rank 2
[09:38:03]   🎯 Template engineering shows measurable impact!
[09:38:03] 
🚀 TOP PERFORMERS VS BASIC:
[09:38:03]    1. question_mark: +1.1% improvement
[09:38:03]    3. tell_me: -7.4% improvement
[09:38:03] 
📋 TEMPLATE CATEGORY ANALYSIS:
[09:38:03]    Formatting: Average F1=0.150 (+1.1% vs basic)
[09:38:03] 
💾 Saving results...
[09:38:03]    📊 Detailed results: ../results/seven_template_detailed_20250711_093803.csv
[09:38:03]        Contains: 7007 rows with all prompts/answers/scores
[09:38:03]    📋 Summary: ../results/seven_template_summary_20250711_093803.csv
[09:38:03]    🔧 Metadata: ../results/seven_template_metadata_20250711_093803.json
[09:38:03] 
📋 SAMPLE TEMPLATE COMPARISONS:
[09:38:03] ======================================================================
[09:38:03] 
🔸 Sample Question: 'In what country is Normandy located'
[09:38:03]    Expected Answer: 'France'
[09:38:03] 
   📊 Template Comparison:
[09:38:03]    question_mark:
[09:38:03]      Prompt: "In what country is Normandy located?"
[09:38:03]      Answer: "france"
[09:38:03]      F1: 1.000
[09:38:03]    basic:
[09:38:03]      Prompt: "In what country is Normandy located"
[09:38:03]      Answer: "france"
[09:38:03]      F1: 1.000
[09:38:03]    tell_me:
[09:38:03]      Prompt: "Tell me In what country is Normandy located"
[09:38:03]      Answer: "france"
[09:38:03]      F1: 1.000
[09:38:03] 
🏆 FINAL RANKING:
[09:38:03]    1. question_mark: F1=0.150
[09:38:03]    2. basic: F1=0.149
[09:38:03]    3. tell_me: F1=0.138
[09:38:03]    4. complete_sentence: F1=0.117
[09:38:03]    5. conversational: F1=0.110
[09:38:03]    6. search_format: F1=0.097
[09:38:03]    7. statement_form: F1=0.094
[09:38:03] 
🎉 7-TEMPLATE EXPERIMENT COMPLETED!
[09:38:03] 📚 Check results directory for comprehensive analysis
