[07:37:42] 🔥 Setting up GPU configuration...
[07:37:42] 🎯 Using device: cuda:0
[07:37:42] 📦 Loading Facebook RAG models...
[07:41:37] 🚀 RAG system ready!
[07:41:37] 📚 Loading SQuAD dataset for 7-template testing...
[07:41:37] 🔄 Loading 2500 SQuAD questions...
[07:41:41] 📊 Dataset loaded: 1272 questions
[07:41:41] 🎯 Will test 7 templates = 8904 total evaluations
[07:41:41] 
📋 SAMPLE QUESTIONS:
[07:41:41]    1. Q: 'In what country is Normandy located'
[07:41:41]       A: 'France'
[07:41:41]    2. Q: 'When were the Normans in Normandy'
[07:41:41]       A: '10th and 11th centuries'
[07:41:41]    3. Q: 'From which countries did the Norse originate'
[07:41:41]       A: 'Denmark, Iceland and Norway'
[07:41:41] 🧪 Starting 7-template strategic experiment...
[07:41:41] ✅ Loaded 7 templates from config
[07:41:41] 📋 Experiment scope:
[07:41:41]    Questions: 1272
[07:41:41]    Templates: 7
[07:41:41]    Total evaluations: 8904
[07:41:41] 
📝 TEMPLATES FROM CONFIG:
[07:41:41]    1. question_mark: "{question}?"
[07:41:41]       Purpose: Proven winner - 2.2% improvement over basic
[07:41:41]    2. question_colon: "{question}:"
[07:41:41]       Purpose: Punctuation variant - colon instead of question mark
[07:41:41]    3. question_period: "{question}."
[07:41:41]       Purpose: Punctuation variant - period for completion
[07:41:41]    4. what_answer: "What is: {question}?"
[07:41:41]       Purpose: Minimal question framing with proven punctuation
[07:41:41]    5. short_please: "Please: {question}?"
[07:41:41]       Purpose: Minimal politeness with proven punctuation
[07:41:41]    6. answer_question: "Answer {question}?"
[07:41:41]       Purpose: Single word instruction with proven punctuation
[07:41:41]    7. basic: "{question}"
[07:41:41]       Purpose: Baseline comparison
[07:41:41] 
🔄 Testing template: question_mark
[07:41:52]   Progress: 25/1272 - Recent F1: 0.129
[07:42:02]   Progress: 50/1272 - Recent F1: 0.166
[07:42:13]   Progress: 75/1272 - Recent F1: 0.060
[07:42:23]   Progress: 100/1272 - Recent F1: 0.173
[07:42:32]   Progress: 125/1272 - Recent F1: 0.196
[07:42:42]   Progress: 150/1272 - Recent F1: 0.116
[07:42:51]   Progress: 175/1272 - Recent F1: 0.119
[07:43:01]   Progress: 200/1272 - Recent F1: 0.047
[07:43:11]   Progress: 225/1272 - Recent F1: 0.221
[07:43:20]   Progress: 250/1272 - Recent F1: 0.088
[07:43:31]   Progress: 275/1272 - Recent F1: 0.019
[07:43:41]   Progress: 300/1272 - Recent F1: 0.056
[07:43:51]   Progress: 325/1272 - Recent F1: 0.293
[07:44:01]   Progress: 350/1272 - Recent F1: 0.190
[07:44:11]   Progress: 375/1272 - Recent F1: 0.172
[07:44:21]   Progress: 400/1272 - Recent F1: 0.247
[07:44:31]   Progress: 425/1272 - Recent F1: 0.116
[07:44:41]   Progress: 450/1272 - Recent F1: 0.241
[07:44:51]   Progress: 475/1272 - Recent F1: 0.083
[07:45:01]   Progress: 500/1272 - Recent F1: 0.040
[07:45:10]   Progress: 525/1272 - Recent F1: 0.167
[07:45:20]   Progress: 550/1272 - Recent F1: 0.020
[07:45:29]   Progress: 575/1272 - Recent F1: 0.056
[07:45:38]   Progress: 600/1272 - Recent F1: 0.127
[07:45:49]   Progress: 625/1272 - Recent F1: 0.092
[07:46:00]   Progress: 650/1272 - Recent F1: 0.168
[07:46:10]   Progress: 675/1272 - Recent F1: 0.232
[07:46:20]   Progress: 700/1272 - Recent F1: 0.173
[07:46:31]   Progress: 725/1272 - Recent F1: 0.169
[07:46:41]   Progress: 750/1272 - Recent F1: 0.212
[07:46:51]   Progress: 775/1272 - Recent F1: 0.147
[07:47:01]   Progress: 800/1272 - Recent F1: 0.180
[07:47:12]   Progress: 825/1272 - Recent F1: 0.147
[07:47:22]   Progress: 850/1272 - Recent F1: 0.049
[07:47:32]   Progress: 875/1272 - Recent F1: 0.126
[07:47:43]   Progress: 900/1272 - Recent F1: 0.121
[07:47:53]   Progress: 925/1272 - Recent F1: 0.205
[07:48:03]   Progress: 950/1272 - Recent F1: 0.299
[07:48:13]   Progress: 975/1272 - Recent F1: 0.241
[07:48:23]   Progress: 1000/1272 - Recent F1: 0.320
[07:48:32]   Progress: 1025/1272 - Recent F1: 0.178
[07:48:42]   Progress: 1050/1272 - Recent F1: 0.372
[07:48:52]   Progress: 1075/1272 - Recent F1: 0.028
[07:49:01]   Progress: 1100/1272 - Recent F1: 0.147
[07:49:10]   Progress: 1125/1272 - Recent F1: 0.163
[07:49:20]   Progress: 1150/1272 - Recent F1: 0.345
[07:49:31]   Progress: 1175/1272 - Recent F1: 0.319
[07:49:40]   Progress: 1200/1272 - Recent F1: 0.148
[07:49:51]   Progress: 1225/1272 - Recent F1: 0.223
[07:50:00]   Progress: 1250/1272 - Recent F1: 0.115
[07:50:09]    ✅ question_mark: F1=0.164, EM=0.099
[07:50:09] 
🔄 Testing template: question_colon
[07:50:19]   Progress: 25/1272 - Recent F1: 0.148
[07:50:29]   Progress: 50/1272 - Recent F1: 0.126
[07:50:40]   Progress: 75/1272 - Recent F1: 0.060
[07:50:49]   Progress: 100/1272 - Recent F1: 0.093
[07:50:58]   Progress: 125/1272 - Recent F1: 0.235
[07:51:09]   Progress: 150/1272 - Recent F1: 0.186
[07:51:17]   Progress: 175/1272 - Recent F1: 0.076
[07:51:27]   Progress: 200/1272 - Recent F1: 0.033
[07:51:38]   Progress: 225/1272 - Recent F1: 0.115
[07:51:47]   Progress: 250/1272 - Recent F1: 0.126
[07:51:56]   Progress: 275/1272 - Recent F1: 0.040
[07:52:06]   Progress: 300/1272 - Recent F1: 0.123
[07:52:17]   Progress: 325/1272 - Recent F1: 0.240
[07:52:27]   Progress: 350/1272 - Recent F1: 0.230
[07:52:37]   Progress: 375/1272 - Recent F1: 0.172
[07:52:48]   Progress: 400/1272 - Recent F1: 0.167
[07:52:57]   Progress: 425/1272 - Recent F1: 0.130
[07:53:08]   Progress: 450/1272 - Recent F1: 0.294
[07:53:18]   Progress: 475/1272 - Recent F1: 0.085
[07:53:28]   Progress: 500/1272 - Recent F1: 0.080
[07:53:38]   Progress: 525/1272 - Recent F1: 0.143
[07:53:47]   Progress: 550/1272 - Recent F1: 0.033
[07:53:58]   Progress: 575/1272 - Recent F1: 0.069
[07:54:08]   Progress: 600/1272 - Recent F1: 0.087
[07:54:18]   Progress: 625/1272 - Recent F1: 0.092
[07:54:29]   Progress: 650/1272 - Recent F1: 0.164
[07:54:39]   Progress: 675/1272 - Recent F1: 0.212
[07:54:50]   Progress: 700/1272 - Recent F1: 0.193
[07:55:01]   Progress: 725/1272 - Recent F1: 0.202
[07:55:11]   Progress: 750/1272 - Recent F1: 0.162
[07:55:21]   Progress: 775/1272 - Recent F1: 0.154
[07:55:31]   Progress: 800/1272 - Recent F1: 0.080
[07:55:42]   Progress: 825/1272 - Recent F1: 0.147
[07:55:53]   Progress: 850/1272 - Recent F1: 0.049
[07:56:04]   Progress: 875/1272 - Recent F1: 0.051
[07:56:14]   Progress: 900/1272 - Recent F1: 0.125
[07:56:24]   Progress: 925/1272 - Recent F1: 0.197
[07:56:34]   Progress: 950/1272 - Recent F1: 0.269
[07:56:43]   Progress: 975/1272 - Recent F1: 0.313
[07:56:53]   Progress: 1000/1272 - Recent F1: 0.320
[07:57:03]   Progress: 1025/1272 - Recent F1: 0.218
[07:57:12]   Progress: 1050/1272 - Recent F1: 0.252
[07:57:22]   Progress: 1075/1272 - Recent F1: 0.028
[07:57:31]   Progress: 1100/1272 - Recent F1: 0.120
[07:57:40]   Progress: 1125/1272 - Recent F1: 0.187
[07:57:50]   Progress: 1150/1272 - Recent F1: 0.319
[07:58:01]   Progress: 1175/1272 - Recent F1: 0.359
[07:58:11]   Progress: 1200/1272 - Recent F1: 0.148
[07:58:22]   Progress: 1225/1272 - Recent F1: 0.203
[07:58:31]   Progress: 1250/1272 - Recent F1: 0.115
[07:58:40]    ✅ question_colon: F1=0.159, EM=0.088
[07:58:40] 
🔄 Testing template: question_period
[07:58:50]   Progress: 25/1272 - Recent F1: 0.116
[07:59:01]   Progress: 50/1272 - Recent F1: 0.126
[07:59:11]   Progress: 75/1272 - Recent F1: 0.060
[07:59:23]   Progress: 100/1272 - Recent F1: 0.093
[07:59:32]   Progress: 125/1272 - Recent F1: 0.209
[07:59:42]   Progress: 150/1272 - Recent F1: 0.187
[07:59:51]   Progress: 175/1272 - Recent F1: 0.096
[08:00:00]   Progress: 200/1272 - Recent F1: 0.013
[08:00:11]   Progress: 225/1272 - Recent F1: 0.095
[08:00:20]   Progress: 250/1272 - Recent F1: 0.088
[08:00:30]   Progress: 275/1272 - Recent F1: 0.020
[08:00:40]   Progress: 300/1272 - Recent F1: 0.112
[08:00:49]   Progress: 325/1272 - Recent F1: 0.200
[08:00:59]   Progress: 350/1272 - Recent F1: 0.170
[08:01:10]   Progress: 375/1272 - Recent F1: 0.204
[08:01:20]   Progress: 400/1272 - Recent F1: 0.267
[08:01:30]   Progress: 425/1272 - Recent F1: 0.150
[08:01:41]   Progress: 450/1272 - Recent F1: 0.257
[08:01:52]   Progress: 475/1272 - Recent F1: 0.147
[08:02:01]   Progress: 500/1272 - Recent F1: 0.040
[08:02:11]   Progress: 525/1272 - Recent F1: 0.116
[08:02:21]   Progress: 550/1272 - Recent F1: 0.020
[08:02:31]   Progress: 575/1272 - Recent F1: 0.096
[08:02:40]   Progress: 600/1272 - Recent F1: 0.113
[08:02:50]   Progress: 625/1272 - Recent F1: 0.172
[08:03:01]   Progress: 650/1272 - Recent F1: 0.144
[08:03:11]   Progress: 675/1272 - Recent F1: 0.172
[08:03:22]   Progress: 700/1272 - Recent F1: 0.165
[08:03:33]   Progress: 725/1272 - Recent F1: 0.152
[08:03:43]   Progress: 750/1272 - Recent F1: 0.215
[08:03:53]   Progress: 775/1272 - Recent F1: 0.137
[08:04:03]   Progress: 800/1272 - Recent F1: 0.112
[08:04:13]   Progress: 825/1272 - Recent F1: 0.107
[08:04:24]   Progress: 850/1272 - Recent F1: 0.049
[08:04:34]   Progress: 875/1272 - Recent F1: 0.103
[08:04:45]   Progress: 900/1272 - Recent F1: 0.098
[08:04:55]   Progress: 925/1272 - Recent F1: 0.254
[08:05:06]   Progress: 950/1272 - Recent F1: 0.315
[08:05:15]   Progress: 975/1272 - Recent F1: 0.233
[08:05:25]   Progress: 1000/1272 - Recent F1: 0.360
[08:05:34]   Progress: 1025/1272 - Recent F1: 0.218
[08:05:44]   Progress: 1050/1272 - Recent F1: 0.279
[08:05:54]   Progress: 1075/1272 - Recent F1: 0.028
[08:06:03]   Progress: 1100/1272 - Recent F1: 0.147
[08:06:11]   Progress: 1125/1272 - Recent F1: 0.096
[08:06:22]   Progress: 1150/1272 - Recent F1: 0.305
[08:06:33]   Progress: 1175/1272 - Recent F1: 0.279
[08:06:42]   Progress: 1200/1272 - Recent F1: 0.099
[08:06:53]   Progress: 1225/1272 - Recent F1: 0.203
[08:07:02]   Progress: 1250/1272 - Recent F1: 0.128
[08:07:11]    ✅ question_period: F1=0.153, EM=0.086
[08:07:11] 
🔄 Testing template: what_answer
[08:07:21]   Progress: 25/1272 - Recent F1: 0.105
[08:07:31]   Progress: 50/1272 - Recent F1: 0.150
[08:07:41]   Progress: 75/1272 - Recent F1: 0.020
[08:07:51]   Progress: 100/1272 - Recent F1: 0.200
[08:08:00]   Progress: 125/1272 - Recent F1: 0.136
[08:08:10]   Progress: 150/1272 - Recent F1: 0.187
[08:08:19]   Progress: 175/1272 - Recent F1: 0.116
[08:08:29]   Progress: 200/1272 - Recent F1: 0.027
[08:08:37]   Progress: 225/1272 - Recent F1: 0.173
[08:08:47]   Progress: 250/1272 - Recent F1: 0.056
[08:08:57]   Progress: 275/1272 - Recent F1: 0.020
[08:09:07]   Progress: 300/1272 - Recent F1: 0.040
[08:09:17]   Progress: 325/1272 - Recent F1: 0.187
[08:09:28]   Progress: 350/1272 - Recent F1: 0.203
[08:09:38]   Progress: 375/1272 - Recent F1: 0.138
[08:09:48]   Progress: 400/1272 - Recent F1: 0.185
[08:09:57]   Progress: 425/1272 - Recent F1: 0.076
[08:10:07]   Progress: 450/1272 - Recent F1: 0.201
[08:10:17]   Progress: 475/1272 - Recent F1: 0.136
[08:10:27]   Progress: 500/1272 - Recent F1: 0.040
[08:10:37]   Progress: 525/1272 - Recent F1: 0.123
[08:10:46]   Progress: 550/1272 - Recent F1: 0.029
[08:10:56]   Progress: 575/1272 - Recent F1: 0.056
[08:11:06]   Progress: 600/1272 - Recent F1: 0.219
[08:11:16]   Progress: 625/1272 - Recent F1: 0.132
[08:11:26]   Progress: 650/1272 - Recent F1: 0.166
[08:11:36]   Progress: 675/1272 - Recent F1: 0.247
[08:11:47]   Progress: 700/1272 - Recent F1: 0.198
[08:11:57]   Progress: 725/1272 - Recent F1: 0.201
[08:12:07]   Progress: 750/1272 - Recent F1: 0.114
[08:12:18]   Progress: 775/1272 - Recent F1: 0.163
[08:12:28]   Progress: 800/1272 - Recent F1: 0.100
[08:12:39]   Progress: 825/1272 - Recent F1: 0.147
[08:12:50]   Progress: 850/1272 - Recent F1: 0.080
[08:13:00]   Progress: 875/1272 - Recent F1: 0.051
[08:13:11]   Progress: 900/1272 - Recent F1: 0.184
[08:13:22]   Progress: 925/1272 - Recent F1: 0.176
[08:13:31]   Progress: 950/1272 - Recent F1: 0.282
[08:13:41]   Progress: 975/1272 - Recent F1: 0.204
[08:13:50]   Progress: 1000/1272 - Recent F1: 0.320
[08:14:00]   Progress: 1025/1272 - Recent F1: 0.087
[08:14:10]   Progress: 1050/1272 - Recent F1: 0.232
[08:14:19]   Progress: 1075/1272 - Recent F1: 0.020
[08:14:29]   Progress: 1100/1272 - Recent F1: 0.107
[08:14:38]   Progress: 1125/1272 - Recent F1: 0.112
[08:14:47]   Progress: 1150/1272 - Recent F1: 0.372
[08:14:56]   Progress: 1175/1272 - Recent F1: 0.279
[08:15:06]   Progress: 1200/1272 - Recent F1: 0.148
[08:15:16]   Progress: 1225/1272 - Recent F1: 0.216
[08:15:25]   Progress: 1250/1272 - Recent F1: 0.080
[08:15:34]    ✅ what_answer: F1=0.145, EM=0.087
[08:15:34] 
🔄 Testing template: short_please
[08:15:44]   Progress: 25/1272 - Recent F1: 0.095
[08:15:55]   Progress: 50/1272 - Recent F1: 0.110
[08:16:05]   Progress: 75/1272 - Recent F1: 0.020
[08:16:15]   Progress: 100/1272 - Recent F1: 0.067
[08:16:25]   Progress: 125/1272 - Recent F1: 0.214
[08:16:35]   Progress: 150/1272 - Recent F1: 0.188
[08:16:43]   Progress: 175/1272 - Recent F1: 0.069
[08:16:53]   Progress: 200/1272 - Recent F1: 0.056
[08:17:02]   Progress: 225/1272 - Recent F1: 0.093
[08:17:12]   Progress: 250/1272 - Recent F1: 0.085
[08:17:22]   Progress: 275/1272 - Recent F1: 0.061
[08:17:32]   Progress: 300/1272 - Recent F1: 0.056
[08:17:42]   Progress: 325/1272 - Recent F1: 0.300
[08:17:52]   Progress: 350/1272 - Recent F1: 0.120
[08:18:01]   Progress: 375/1272 - Recent F1: 0.138
[08:18:12]   Progress: 400/1272 - Recent F1: 0.207
[08:18:21]   Progress: 425/1272 - Recent F1: 0.110
[08:18:31]   Progress: 450/1272 - Recent F1: 0.222
[08:18:41]   Progress: 475/1272 - Recent F1: 0.113
[08:18:51]   Progress: 500/1272 - Recent F1: 0.080
[08:19:01]   Progress: 525/1272 - Recent F1: 0.127
[08:19:10]   Progress: 550/1272 - Recent F1: 0.000
[08:19:21]   Progress: 575/1272 - Recent F1: 0.129
[08:19:30]   Progress: 600/1272 - Recent F1: 0.163
[08:19:40]   Progress: 625/1272 - Recent F1: 0.140
[08:19:50]   Progress: 650/1272 - Recent F1: 0.155
[08:19:59]   Progress: 675/1272 - Recent F1: 0.253
[08:20:10]   Progress: 700/1272 - Recent F1: 0.113
[08:20:20]   Progress: 725/1272 - Recent F1: 0.230
[08:20:30]   Progress: 750/1272 - Recent F1: 0.175
[08:20:41]   Progress: 775/1272 - Recent F1: 0.195
[08:20:51]   Progress: 800/1272 - Recent F1: 0.038
[08:21:01]   Progress: 825/1272 - Recent F1: 0.173
[08:21:12]   Progress: 850/1272 - Recent F1: 0.065
[08:21:22]   Progress: 875/1272 - Recent F1: 0.099
[08:21:33]   Progress: 900/1272 - Recent F1: 0.090
[08:21:44]   Progress: 925/1272 - Recent F1: 0.178
[08:21:54]   Progress: 950/1272 - Recent F1: 0.252
[08:22:04]   Progress: 975/1272 - Recent F1: 0.211
[08:22:13]   Progress: 1000/1272 - Recent F1: 0.347
[08:22:23]   Progress: 1025/1272 - Recent F1: 0.207
[08:22:32]   Progress: 1050/1272 - Recent F1: 0.252
[08:22:43]   Progress: 1075/1272 - Recent F1: 0.019
[08:22:52]   Progress: 1100/1272 - Recent F1: 0.127
[08:23:01]   Progress: 1125/1272 - Recent F1: 0.094
[08:23:11]   Progress: 1150/1272 - Recent F1: 0.356
[08:23:20]   Progress: 1175/1272 - Recent F1: 0.259
[08:23:30]   Progress: 1200/1272 - Recent F1: 0.123
[08:23:40]   Progress: 1225/1272 - Recent F1: 0.163
[08:23:49]   Progress: 1250/1272 - Recent F1: 0.067
[08:23:58]    ✅ short_please: F1=0.146, EM=0.085
[08:23:58] 
🔄 Testing template: answer_question
[08:24:09]   Progress: 25/1272 - Recent F1: 0.105
[08:24:19]   Progress: 50/1272 - Recent F1: 0.106
[08:24:30]   Progress: 75/1272 - Recent F1: 0.100
[08:24:40]   Progress: 100/1272 - Recent F1: 0.115
[08:24:50]   Progress: 125/1272 - Recent F1: 0.196
[08:25:00]   Progress: 150/1272 - Recent F1: 0.110
[08:25:09]   Progress: 175/1272 - Recent F1: 0.119
[08:25:19]   Progress: 200/1272 - Recent F1: 0.013
[08:25:29]   Progress: 225/1272 - Recent F1: 0.181
[08:25:38]   Progress: 250/1272 - Recent F1: 0.043
[08:25:48]   Progress: 275/1272 - Recent F1: 0.033
[08:25:58]   Progress: 300/1272 - Recent F1: 0.040
[08:26:08]   Progress: 325/1272 - Recent F1: 0.260
[08:26:18]   Progress: 350/1272 - Recent F1: 0.130
[08:26:28]   Progress: 375/1272 - Recent F1: 0.124
[08:26:39]   Progress: 400/1272 - Recent F1: 0.227
[08:26:49]   Progress: 425/1272 - Recent F1: 0.116
[08:26:59]   Progress: 450/1272 - Recent F1: 0.170
[08:27:09]   Progress: 475/1272 - Recent F1: 0.076
[08:27:19]   Progress: 500/1272 - Recent F1: 0.040
[08:27:29]   Progress: 525/1272 - Recent F1: 0.067
[08:27:39]   Progress: 550/1272 - Recent F1: 0.045
[08:27:50]   Progress: 575/1272 - Recent F1: 0.069
[08:27:59]   Progress: 600/1272 - Recent F1: 0.133
[08:28:09]   Progress: 625/1272 - Recent F1: 0.096
[08:28:20]   Progress: 650/1272 - Recent F1: 0.148
[08:28:30]   Progress: 675/1272 - Recent F1: 0.213
[08:28:40]   Progress: 700/1272 - Recent F1: 0.187
[08:28:50]   Progress: 725/1272 - Recent F1: 0.188
[08:29:02]   Progress: 750/1272 - Recent F1: 0.232
[08:29:12]   Progress: 775/1272 - Recent F1: 0.167
[08:29:22]   Progress: 800/1272 - Recent F1: 0.062
[08:29:32]   Progress: 825/1272 - Recent F1: 0.149
[08:29:42]   Progress: 850/1272 - Recent F1: 0.090
[08:29:53]   Progress: 875/1272 - Recent F1: 0.152
[08:30:02]   Progress: 900/1272 - Recent F1: 0.112
[08:30:12]   Progress: 925/1272 - Recent F1: 0.147
[08:30:22]   Progress: 950/1272 - Recent F1: 0.245
[08:30:31]   Progress: 975/1272 - Recent F1: 0.237
[08:30:42]   Progress: 1000/1272 - Recent F1: 0.280
[08:30:51]   Progress: 1025/1272 - Recent F1: 0.165
[08:31:00]   Progress: 1050/1272 - Recent F1: 0.227
[08:31:11]   Progress: 1075/1272 - Recent F1: 0.009
[08:31:20]   Progress: 1100/1272 - Recent F1: 0.090
[08:31:29]   Progress: 1125/1272 - Recent F1: 0.096
[08:31:38]   Progress: 1150/1272 - Recent F1: 0.429
[08:31:49]   Progress: 1175/1272 - Recent F1: 0.285
[08:31:59]   Progress: 1200/1272 - Recent F1: 0.116
[08:32:08]   Progress: 1225/1272 - Recent F1: 0.136
[08:32:19]   Progress: 1250/1272 - Recent F1: 0.120
[08:32:27]    ✅ answer_question: F1=0.142, EM=0.088
[08:32:27] 
🔄 Testing template: basic
[08:32:36]   Progress: 25/1272 - Recent F1: 0.132
[08:32:47]   Progress: 50/1272 - Recent F1: 0.126
[08:32:58]   Progress: 75/1272 - Recent F1: 0.060
[08:33:09]   Progress: 100/1272 - Recent F1: 0.093
[08:33:18]   Progress: 125/1272 - Recent F1: 0.169
[08:33:27]   Progress: 150/1272 - Recent F1: 0.175
[08:33:36]   Progress: 175/1272 - Recent F1: 0.100
[08:33:45]   Progress: 200/1272 - Recent F1: 0.033
[08:33:56]   Progress: 225/1272 - Recent F1: 0.158
[08:34:06]   Progress: 250/1272 - Recent F1: 0.101
[08:34:15]   Progress: 275/1272 - Recent F1: 0.040
[08:34:25]   Progress: 300/1272 - Recent F1: 0.112
[08:34:35]   Progress: 325/1272 - Recent F1: 0.200
[08:34:45]   Progress: 350/1272 - Recent F1: 0.190
[08:34:55]   Progress: 375/1272 - Recent F1: 0.178
[08:35:05]   Progress: 400/1272 - Recent F1: 0.218
[08:35:15]   Progress: 425/1272 - Recent F1: 0.170
[08:35:25]   Progress: 450/1272 - Recent F1: 0.244
[08:35:36]   Progress: 475/1272 - Recent F1: 0.133
[08:35:46]   Progress: 500/1272 - Recent F1: 0.080
[08:35:56]   Progress: 525/1272 - Recent F1: 0.183
[08:36:06]   Progress: 550/1272 - Recent F1: 0.033
[08:36:16]   Progress: 575/1272 - Recent F1: 0.069
[08:36:26]   Progress: 600/1272 - Recent F1: 0.073
[08:36:36]   Progress: 625/1272 - Recent F1: 0.116
[08:36:47]   Progress: 650/1272 - Recent F1: 0.218
[08:36:57]   Progress: 675/1272 - Recent F1: 0.212
[08:37:07]   Progress: 700/1272 - Recent F1: 0.193
[08:37:19]   Progress: 725/1272 - Recent F1: 0.142
[08:37:29]   Progress: 750/1272 - Recent F1: 0.216
[08:37:39]   Progress: 775/1272 - Recent F1: 0.177
[08:37:50]   Progress: 800/1272 - Recent F1: 0.136
[08:38:01]   Progress: 825/1272 - Recent F1: 0.107
[08:38:12]   Progress: 850/1272 - Recent F1: 0.049
[08:38:23]   Progress: 875/1272 - Recent F1: 0.091
[08:38:33]   Progress: 900/1272 - Recent F1: 0.141
[08:38:43]   Progress: 925/1272 - Recent F1: 0.214
[08:38:54]   Progress: 950/1272 - Recent F1: 0.249
[08:39:03]   Progress: 975/1272 - Recent F1: 0.303
[08:39:13]   Progress: 1000/1272 - Recent F1: 0.320
[08:39:23]   Progress: 1025/1272 - Recent F1: 0.198
[08:39:32]   Progress: 1050/1272 - Recent F1: 0.339
[08:39:42]   Progress: 1075/1272 - Recent F1: 0.028
[08:39:51]   Progress: 1100/1272 - Recent F1: 0.120
[08:40:00]   Progress: 1125/1272 - Recent F1: 0.096
[08:40:09]   Progress: 1150/1272 - Recent F1: 0.319
[08:40:20]   Progress: 1175/1272 - Recent F1: 0.239
[08:40:29]   Progress: 1200/1272 - Recent F1: 0.148
[08:40:40]   Progress: 1225/1272 - Recent F1: 0.216
[08:40:50]   Progress: 1250/1272 - Recent F1: 0.128
[08:40:58]    ✅ basic: F1=0.159, EM=0.093
[08:40:58] 
🎉 Experiment completed!
[08:40:58] 📊 Total results generated: 8904
[08:40:58] 
🔍 ANALYZING 7-TEMPLATE RESULTS...
[08:40:58] 
🏆 7-TEMPLATE PERFORMANCE RANKING:
[08:40:58] -------------------------------------------------------------------------------------
[08:40:58] Template             F1 Score   EM Score   Samples  Improvement 
[08:40:58] -------------------------------------------------------------------------------------
[08:40:58] question_mark        0.164     0.099     1272     +3.2%       
[08:40:58] basic                0.159     0.093     1272     BASELINE    
[08:40:58] question_colon       0.159     0.088     1272     -0.4%       
[08:40:58] question_period      0.153     0.086     1272     -3.6%       
[08:40:58] short_please         0.146     0.085     1272     -8.4%       
[08:40:58] what_answer          0.145     0.087     1272     -8.8%       
[08:40:58] answer_question      0.142     0.088     1272     -10.9%      
[08:40:58] 
📊 EXPERIMENT SUCCESS ANALYSIS:
[08:40:58]   🥇 Best Template: question_mark (F1: 0.164)
[08:40:58]      Purpose: Proven winner - 2.2% improvement over basic
[08:40:58]   ✅ SUCCESS! Basic template relegated to rank 2
[08:40:58]   🎯 Template engineering shows measurable impact!
[08:40:58] 
🚀 TOP PERFORMERS VS BASIC:
[08:40:58]    1. question_mark: +3.2% improvement
[08:40:58]    3. question_colon: -0.4% improvement
[08:40:58] 
📋 TEMPLATE CATEGORY ANALYSIS:
[08:40:58]    Formatting: Average F1=0.164 (+3.2% vs basic)
[08:40:58] 
💾 Saving results...
[08:40:58]    📊 Detailed results: ../results/seven_template_detailed_20250711_084058.csv
[08:40:58]        Contains: 8904 rows with all prompts/answers/scores
[08:40:58]    📋 Summary: ../results/seven_template_summary_20250711_084058.csv
[08:40:58]    🔧 Metadata: ../results/seven_template_metadata_20250711_084058.json
[08:40:58] 
📋 SAMPLE TEMPLATE COMPARISONS:
[08:40:58] ======================================================================
[08:40:58] 
🔸 Sample Question: 'In what country is Normandy located'
[08:40:58]    Expected Answer: 'France'
[08:40:58] 
   📊 Template Comparison:
[08:40:58]    question_mark:
[08:40:58]      Prompt: "In what country is Normandy located?"
[08:40:58]      Answer: "france"
[08:40:58]      F1: 1.000
[08:40:58]    basic:
[08:40:58]      Prompt: "In what country is Normandy located"
[08:40:58]      Answer: "france"
[08:40:58]      F1: 1.000
[08:40:58]    question_colon:
[08:40:58]      Prompt: "In what country is Normandy located:"
[08:40:58]      Answer: "france"
[08:40:58]      F1: 1.000
[08:40:58] 
🏆 FINAL RANKING:
[08:40:58]    1. question_mark: F1=0.164
[08:40:58]    2. basic: F1=0.159
[08:40:58]    3. question_colon: F1=0.159
[08:40:58]    4. question_period: F1=0.153
[08:40:58]    5. short_please: F1=0.146
[08:40:58]    6. what_answer: F1=0.145
[08:40:58]    7. answer_question: F1=0.142
[08:40:58] 
🎉 7-TEMPLATE EXPERIMENT COMPLETED!
[08:40:58] 📚 Check results directory for comprehensive analysis
