[21:04:48] 🔥 Setting up GPU configuration...
[21:04:48] 🎯 Using device: cuda:0
[21:04:48] 📦 Loading RAG models...
[21:08:13] 🚀 RAG system ready!
[21:08:13] 📚 Loading targeted evaluation dataset...
[21:08:16] 📊 Dataset loaded: 48 questions
[21:08:16]    - Targeted questions: 18
[21:08:16]    - SQuAD questions: 30
[21:08:16] 🧪 Starting targeted RAG experiment...
[21:08:16] 📋 Testing 7 templates on 48 questions
[21:08:16] 
🔄 Testing template: instructional
[21:08:16] Generation error for instructional: 'RagTokenizer' object has no attribute 'eos_token_id'
[21:08:16] Generation error for instructional: 'RagTokenizer' object has no attribute 'eos_token_id'
[21:08:16] Generation error for instructional: 'RagTokenizer' object has no attribute 'eos_token_id'
[21:08:16] Generation error for instructional: 'RagTokenizer' object has no attribute 'eos_token_id'
[21:08:16] Generation error for instructional: 'RagTokenizer' object has no attribute 'eos_token_id'
[21:08:16] Generation error for instructional: 'RagTokenizer' object has no attribute 'eos_token_id'
[21:08:16] Generation error for instructional: 'RagTokenizer' object has no attribute 'eos_token_id'
[21:08:16] Generation error for instructional: 'RagTokenizer' object has no attribute 'eos_token_id'
[21:08:16] Generation error for instructional: 'RagTokenizer' object has no attribute 'eos_token_id'
[21:08:16] Generation error for instructional: 'RagTokenizer' object has no attribute 'eos_token_id'
[21:08:16]   Progress: 10/48 - Recent F1: 0.000
[21:08:16] Generation error for instructional: 'RagTokenizer' object has no attribute 'eos_token_id'
[21:08:16] Generation error for instructional: 'RagTokenizer' object has no attribute 'eos_token_id'
[21:08:16] Generation error for instructional: 'RagTokenizer' object has no attribute 'eos_token_id'
[21:08:16] Generation error for instructional: 'RagTokenizer' object has no attribute 'eos_token_id'
[21:08:16] Generation error for instructional: 'RagTokenizer' object has no attribute 'eos_token_id'
[21:08:16] Generation error for instructional: 'RagTokenizer' object has no attribute 'eos_token_id'
[21:08:16] Generation error for instructional: 'RagTokenizer' object has no attribute 'eos_token_id'
[21:08:16] Generation error for instructional: 'RagTokenizer' object has no attribute 'eos_token_id'
[21:08:16] Generation error for instructional: 'RagTokenizer' object has no attribute 'eos_token_id'
[21:08:16] Generation error for instructional: 'RagTokenizer' object has no attribute 'eos_token_id'
[21:08:16]   Progress: 20/48 - Recent F1: 0.000
[21:08:16] Generation error for instructional: 'RagTokenizer' object has no attribute 'eos_token_id'
[21:08:16] Generation error for instructional: 'RagTokenizer' object has no attribute 'eos_token_id'
[21:08:16] Generation error for instructional: 'RagTokenizer' object has no attribute 'eos_token_id'
[21:08:16] Generation error for instructional: 'RagTokenizer' object has no attribute 'eos_token_id'
[21:08:16] Generation error for instructional: 'RagTokenizer' object has no attribute 'eos_token_id'
[21:08:16] Generation error for instructional: 'RagTokenizer' object has no attribute 'eos_token_id'
[21:08:16] Generation error for instructional: 'RagTokenizer' object has no attribute 'eos_token_id'
[21:08:16] Generation error for instructional: 'RagTokenizer' object has no attribute 'eos_token_id'
[21:08:16] Generation error for instructional: 'RagTokenizer' object has no attribute 'eos_token_id'
[21:08:16] Generation error for instructional: 'RagTokenizer' object has no attribute 'eos_token_id'
[21:08:16]   Progress: 30/48 - Recent F1: 0.000
[21:08:16] Generation error for instructional: 'RagTokenizer' object has no attribute 'eos_token_id'
[21:08:16] Generation error for instructional: 'RagTokenizer' object has no attribute 'eos_token_id'
[21:08:16] Generation error for instructional: 'RagTokenizer' object has no attribute 'eos_token_id'
[21:08:16] Generation error for instructional: 'RagTokenizer' object has no attribute 'eos_token_id'
[21:08:16] Generation error for instructional: 'RagTokenizer' object has no attribute 'eos_token_id'
[21:08:16] Generation error for instructional: 'RagTokenizer' object has no attribute 'eos_token_id'
[21:08:16] Generation error for instructional: 'RagTokenizer' object has no attribute 'eos_token_id'
[21:08:16] Generation error for instructional: 'RagTokenizer' object has no attribute 'eos_token_id'
[21:08:16] Generation error for instructional: 'RagTokenizer' object has no attribute 'eos_token_id'
[21:08:16] Generation error for instructional: 'RagTokenizer' object has no attribute 'eos_token_id'
[21:08:16]   Progress: 40/48 - Recent F1: 0.000
[21:08:16] Generation error for instructional: 'RagTokenizer' object has no attribute 'eos_token_id'
[21:08:16] Generation error for instructional: 'RagTokenizer' object has no attribute 'eos_token_id'
[21:08:16] Generation error for instructional: 'RagTokenizer' object has no attribute 'eos_token_id'
[21:08:16] Generation error for instructional: 'RagTokenizer' object has no attribute 'eos_token_id'
[21:08:16] Generation error for instructional: 'RagTokenizer' object has no attribute 'eos_token_id'
[21:08:16] Generation error for instructional: 'RagTokenizer' object has no attribute 'eos_token_id'
[21:08:16] Generation error for instructional: 'RagTokenizer' object has no attribute 'eos_token_id'
[21:08:16] Generation error for instructional: 'RagTokenizer' object has no attribute 'eos_token_id'
[21:08:16]    instructional completed: F1=0.000, EM=0.000
[21:08:16] 
🔄 Testing template: expert_role
[21:08:16] Generation error for expert_role: 'RagTokenizer' object has no attribute 'eos_token_id'
[21:08:16] Generation error for expert_role: 'RagTokenizer' object has no attribute 'eos_token_id'
[21:08:16] Generation error for expert_role: 'RagTokenizer' object has no attribute 'eos_token_id'
[21:08:16] Generation error for expert_role: 'RagTokenizer' object has no attribute 'eos_token_id'
[21:08:16] Generation error for expert_role: 'RagTokenizer' object has no attribute 'eos_token_id'
[21:08:16] Generation error for expert_role: 'RagTokenizer' object has no attribute 'eos_token_id'
[21:08:16] Generation error for expert_role: 'RagTokenizer' object has no attribute 'eos_token_id'
[21:08:16] Generation error for expert_role: 'RagTokenizer' object has no attribute 'eos_token_id'
[21:08:16] Generation error for expert_role: 'RagTokenizer' object has no attribute 'eos_token_id'
[21:08:16] Generation error for expert_role: 'RagTokenizer' object has no attribute 'eos_token_id'
[21:08:16]   Progress: 10/48 - Recent F1: 0.000
[21:08:16] Generation error for expert_role: 'RagTokenizer' object has no attribute 'eos_token_id'
[21:08:16] Generation error for expert_role: 'RagTokenizer' object has no attribute 'eos_token_id'
[21:08:16] Generation error for expert_role: 'RagTokenizer' object has no attribute 'eos_token_id'
[21:08:16] Generation error for expert_role: 'RagTokenizer' object has no attribute 'eos_token_id'
[21:08:16] Generation error for expert_role: 'RagTokenizer' object has no attribute 'eos_token_id'
[21:08:16] Generation error for expert_role: 'RagTokenizer' object has no attribute 'eos_token_id'
[21:08:16] Generation error for expert_role: 'RagTokenizer' object has no attribute 'eos_token_id'
[21:08:16] Generation error for expert_role: 'RagTokenizer' object has no attribute 'eos_token_id'
[21:08:16] Generation error for expert_role: 'RagTokenizer' object has no attribute 'eos_token_id'
[21:08:16] Generation error for expert_role: 'RagTokenizer' object has no attribute 'eos_token_id'
[21:08:16]   Progress: 20/48 - Recent F1: 0.000
[21:08:16] Generation error for expert_role: 'RagTokenizer' object has no attribute 'eos_token_id'
[21:08:16] Generation error for expert_role: 'RagTokenizer' object has no attribute 'eos_token_id'
[21:08:16] Generation error for expert_role: 'RagTokenizer' object has no attribute 'eos_token_id'
[21:08:16] Generation error for expert_role: 'RagTokenizer' object has no attribute 'eos_token_id'
[21:08:16] Generation error for expert_role: 'RagTokenizer' object has no attribute 'eos_token_id'
[21:08:16] Generation error for expert_role: 'RagTokenizer' object has no attribute 'eos_token_id'
[21:08:16] Generation error for expert_role: 'RagTokenizer' object has no attribute 'eos_token_id'
[21:08:16] Generation error for expert_role: 'RagTokenizer' object has no attribute 'eos_token_id'
[21:08:16] Generation error for expert_role: 'RagTokenizer' object has no attribute 'eos_token_id'
[21:08:16] Generation error for expert_role: 'RagTokenizer' object has no attribute 'eos_token_id'
[21:08:16]   Progress: 30/48 - Recent F1: 0.000
[21:08:16] Generation error for expert_role: 'RagTokenizer' object has no attribute 'eos_token_id'
[21:08:16] Generation error for expert_role: 'RagTokenizer' object has no attribute 'eos_token_id'
[21:08:16] Generation error for expert_role: 'RagTokenizer' object has no attribute 'eos_token_id'
[21:08:16] Generation error for expert_role: 'RagTokenizer' object has no attribute 'eos_token_id'
[21:08:16] Generation error for expert_role: 'RagTokenizer' object has no attribute 'eos_token_id'
[21:08:16] Generation error for expert_role: 'RagTokenizer' object has no attribute 'eos_token_id'
[21:08:16] Generation error for expert_role: 'RagTokenizer' object has no attribute 'eos_token_id'
[21:08:16] Generation error for expert_role: 'RagTokenizer' object has no attribute 'eos_token_id'
[21:08:16] Generation error for expert_role: 'RagTokenizer' object has no attribute 'eos_token_id'
[21:08:16] Generation error for expert_role: 'RagTokenizer' object has no attribute 'eos_token_id'
[21:08:16]   Progress: 40/48 - Recent F1: 0.000
[21:08:16] Generation error for expert_role: 'RagTokenizer' object has no attribute 'eos_token_id'
[21:08:16] Generation error for expert_role: 'RagTokenizer' object has no attribute 'eos_token_id'
[21:08:16] Generation error for expert_role: 'RagTokenizer' object has no attribute 'eos_token_id'
[21:08:16] Generation error for expert_role: 'RagTokenizer' object has no attribute 'eos_token_id'
[21:08:16] Generation error for expert_role: 'RagTokenizer' object has no attribute 'eos_token_id'
[21:08:16] Generation error for expert_role: 'RagTokenizer' object has no attribute 'eos_token_id'
[21:08:16] Generation error for expert_role: 'RagTokenizer' object has no attribute 'eos_token_id'
[21:08:16] Generation error for expert_role: 'RagTokenizer' object has no attribute 'eos_token_id'
[21:08:16]    expert_role completed: F1=0.000, EM=0.000
[21:08:16] 
🔄 Testing template: precise_instruction
[21:08:16] Generation error for precise_instruction: 'RagTokenizer' object has no attribute 'eos_token_id'
[21:08:16] Generation error for precise_instruction: 'RagTokenizer' object has no attribute 'eos_token_id'
[21:08:16] Generation error for precise_instruction: 'RagTokenizer' object has no attribute 'eos_token_id'
[21:08:16] Generation error for precise_instruction: 'RagTokenizer' object has no attribute 'eos_token_id'
[21:08:16] Generation error for precise_instruction: 'RagTokenizer' object has no attribute 'eos_token_id'
[21:08:16] Generation error for precise_instruction: 'RagTokenizer' object has no attribute 'eos_token_id'
[21:08:16] Generation error for precise_instruction: 'RagTokenizer' object has no attribute 'eos_token_id'
[21:08:16] Generation error for precise_instruction: 'RagTokenizer' object has no attribute 'eos_token_id'
[21:08:16] Generation error for precise_instruction: 'RagTokenizer' object has no attribute 'eos_token_id'
[21:08:16] Generation error for precise_instruction: 'RagTokenizer' object has no attribute 'eos_token_id'
[21:08:16]   Progress: 10/48 - Recent F1: 0.000
[21:08:16] Generation error for precise_instruction: 'RagTokenizer' object has no attribute 'eos_token_id'
[21:08:16] Generation error for precise_instruction: 'RagTokenizer' object has no attribute 'eos_token_id'
[21:08:16] Generation error for precise_instruction: 'RagTokenizer' object has no attribute 'eos_token_id'
[21:08:16] Generation error for precise_instruction: 'RagTokenizer' object has no attribute 'eos_token_id'
[21:08:16] Generation error for precise_instruction: 'RagTokenizer' object has no attribute 'eos_token_id'
[21:08:16] Generation error for precise_instruction: 'RagTokenizer' object has no attribute 'eos_token_id'
[21:08:16] Generation error for precise_instruction: 'RagTokenizer' object has no attribute 'eos_token_id'
[21:08:16] Generation error for precise_instruction: 'RagTokenizer' object has no attribute 'eos_token_id'
[21:08:16] Generation error for precise_instruction: 'RagTokenizer' object has no attribute 'eos_token_id'
[21:08:16] Generation error for precise_instruction: 'RagTokenizer' object has no attribute 'eos_token_id'
[21:08:16]   Progress: 20/48 - Recent F1: 0.000
[21:08:16] Generation error for precise_instruction: 'RagTokenizer' object has no attribute 'eos_token_id'
[21:08:16] Generation error for precise_instruction: 'RagTokenizer' object has no attribute 'eos_token_id'
[21:08:16] Generation error for precise_instruction: 'RagTokenizer' object has no attribute 'eos_token_id'
[21:08:16] Generation error for precise_instruction: 'RagTokenizer' object has no attribute 'eos_token_id'
[21:08:16] Generation error for precise_instruction: 'RagTokenizer' object has no attribute 'eos_token_id'
[21:08:16] Generation error for precise_instruction: 'RagTokenizer' object has no attribute 'eos_token_id'
[21:08:16] Generation error for precise_instruction: 'RagTokenizer' object has no attribute 'eos_token_id'
[21:08:16] Generation error for precise_instruction: 'RagTokenizer' object has no attribute 'eos_token_id'
[21:08:16] Generation error for precise_instruction: 'RagTokenizer' object has no attribute 'eos_token_id'
[21:08:16] Generation error for precise_instruction: 'RagTokenizer' object has no attribute 'eos_token_id'
[21:08:16]   Progress: 30/48 - Recent F1: 0.000
[21:08:16] Generation error for precise_instruction: 'RagTokenizer' object has no attribute 'eos_token_id'
[21:08:16] Generation error for precise_instruction: 'RagTokenizer' object has no attribute 'eos_token_id'
[21:08:16] Generation error for precise_instruction: 'RagTokenizer' object has no attribute 'eos_token_id'
[21:08:16] Generation error for precise_instruction: 'RagTokenizer' object has no attribute 'eos_token_id'
[21:08:16] Generation error for precise_instruction: 'RagTokenizer' object has no attribute 'eos_token_id'
[21:08:16] Generation error for precise_instruction: 'RagTokenizer' object has no attribute 'eos_token_id'
[21:08:16] Generation error for precise_instruction: 'RagTokenizer' object has no attribute 'eos_token_id'
[21:08:16] Generation error for precise_instruction: 'RagTokenizer' object has no attribute 'eos_token_id'
[21:08:16] Generation error for precise_instruction: 'RagTokenizer' object has no attribute 'eos_token_id'
[21:08:16] Generation error for precise_instruction: 'RagTokenizer' object has no attribute 'eos_token_id'
[21:08:16]   Progress: 40/48 - Recent F1: 0.000
[21:08:16] Generation error for precise_instruction: 'RagTokenizer' object has no attribute 'eos_token_id'
[21:08:16] Generation error for precise_instruction: 'RagTokenizer' object has no attribute 'eos_token_id'
[21:08:16] Generation error for precise_instruction: 'RagTokenizer' object has no attribute 'eos_token_id'
[21:08:16] Generation error for precise_instruction: 'RagTokenizer' object has no attribute 'eos_token_id'
[21:08:16] Generation error for precise_instruction: 'RagTokenizer' object has no attribute 'eos_token_id'
[21:08:16] Generation error for precise_instruction: 'RagTokenizer' object has no attribute 'eos_token_id'
[21:08:16] Generation error for precise_instruction: 'RagTokenizer' object has no attribute 'eos_token_id'
[21:08:16] Generation error for precise_instruction: 'RagTokenizer' object has no attribute 'eos_token_id'
[21:08:16]    precise_instruction completed: F1=0.000, EM=0.000
[21:08:16] 
🔄 Testing template: context_emphasis
[21:08:16] Generation error for context_emphasis: 'RagTokenizer' object has no attribute 'eos_token_id'
[21:08:16] Generation error for context_emphasis: 'RagTokenizer' object has no attribute 'eos_token_id'
[21:08:16] Generation error for context_emphasis: 'RagTokenizer' object has no attribute 'eos_token_id'
[21:08:16] Generation error for context_emphasis: 'RagTokenizer' object has no attribute 'eos_token_id'
[21:08:16] Generation error for context_emphasis: 'RagTokenizer' object has no attribute 'eos_token_id'
[21:08:16] Generation error for context_emphasis: 'RagTokenizer' object has no attribute 'eos_token_id'
[21:08:16] Generation error for context_emphasis: 'RagTokenizer' object has no attribute 'eos_token_id'
[21:08:16] Generation error for context_emphasis: 'RagTokenizer' object has no attribute 'eos_token_id'
[21:08:16] Generation error for context_emphasis: 'RagTokenizer' object has no attribute 'eos_token_id'
[21:08:16] Generation error for context_emphasis: 'RagTokenizer' object has no attribute 'eos_token_id'
[21:08:16]   Progress: 10/48 - Recent F1: 0.000
[21:08:16] Generation error for context_emphasis: 'RagTokenizer' object has no attribute 'eos_token_id'
[21:08:16] Generation error for context_emphasis: 'RagTokenizer' object has no attribute 'eos_token_id'
[21:08:16] Generation error for context_emphasis: 'RagTokenizer' object has no attribute 'eos_token_id'
[21:08:16] Generation error for context_emphasis: 'RagTokenizer' object has no attribute 'eos_token_id'
[21:08:16] Generation error for context_emphasis: 'RagTokenizer' object has no attribute 'eos_token_id'
[21:08:16] Generation error for context_emphasis: 'RagTokenizer' object has no attribute 'eos_token_id'
[21:08:16] Generation error for context_emphasis: 'RagTokenizer' object has no attribute 'eos_token_id'
[21:08:16] Generation error for context_emphasis: 'RagTokenizer' object has no attribute 'eos_token_id'
[21:08:16] Generation error for context_emphasis: 'RagTokenizer' object has no attribute 'eos_token_id'
[21:08:16] Generation error for context_emphasis: 'RagTokenizer' object has no attribute 'eos_token_id'
[21:08:16]   Progress: 20/48 - Recent F1: 0.000
[21:08:16] Generation error for context_emphasis: 'RagTokenizer' object has no attribute 'eos_token_id'
[21:08:16] Generation error for context_emphasis: 'RagTokenizer' object has no attribute 'eos_token_id'
[21:08:16] Generation error for context_emphasis: 'RagTokenizer' object has no attribute 'eos_token_id'
[21:08:16] Generation error for context_emphasis: 'RagTokenizer' object has no attribute 'eos_token_id'
[21:08:16] Generation error for context_emphasis: 'RagTokenizer' object has no attribute 'eos_token_id'
[21:08:16] Generation error for context_emphasis: 'RagTokenizer' object has no attribute 'eos_token_id'
[21:08:16] Generation error for context_emphasis: 'RagTokenizer' object has no attribute 'eos_token_id'
[21:08:16] Generation error for context_emphasis: 'RagTokenizer' object has no attribute 'eos_token_id'
[21:08:16] Generation error for context_emphasis: 'RagTokenizer' object has no attribute 'eos_token_id'
[21:08:16] Generation error for context_emphasis: 'RagTokenizer' object has no attribute 'eos_token_id'
[21:08:16]   Progress: 30/48 - Recent F1: 0.000
[21:08:16] Generation error for context_emphasis: 'RagTokenizer' object has no attribute 'eos_token_id'
[21:08:16] Generation error for context_emphasis: 'RagTokenizer' object has no attribute 'eos_token_id'
[21:08:16] Generation error for context_emphasis: 'RagTokenizer' object has no attribute 'eos_token_id'
[21:08:16] Generation error for context_emphasis: 'RagTokenizer' object has no attribute 'eos_token_id'
[21:08:16] Generation error for context_emphasis: 'RagTokenizer' object has no attribute 'eos_token_id'
[21:08:16] Generation error for context_emphasis: 'RagTokenizer' object has no attribute 'eos_token_id'
[21:08:16] Generation error for context_emphasis: 'RagTokenizer' object has no attribute 'eos_token_id'
[21:08:16] Generation error for context_emphasis: 'RagTokenizer' object has no attribute 'eos_token_id'
[21:08:16] Generation error for context_emphasis: 'RagTokenizer' object has no attribute 'eos_token_id'
[21:08:16] Generation error for context_emphasis: 'RagTokenizer' object has no attribute 'eos_token_id'
[21:08:16]   Progress: 40/48 - Recent F1: 0.000
[21:08:16] Generation error for context_emphasis: 'RagTokenizer' object has no attribute 'eos_token_id'
[21:08:16] Generation error for context_emphasis: 'RagTokenizer' object has no attribute 'eos_token_id'
[21:08:16] Generation error for context_emphasis: 'RagTokenizer' object has no attribute 'eos_token_id'
[21:08:16] Generation error for context_emphasis: 'RagTokenizer' object has no attribute 'eos_token_id'
[21:08:16] Generation error for context_emphasis: 'RagTokenizer' object has no attribute 'eos_token_id'
[21:08:16] Generation error for context_emphasis: 'RagTokenizer' object has no attribute 'eos_token_id'
[21:08:16] Generation error for context_emphasis: 'RagTokenizer' object has no attribute 'eos_token_id'
[21:08:16] Generation error for context_emphasis: 'RagTokenizer' object has no attribute 'eos_token_id'
[21:08:16]    context_emphasis completed: F1=0.000, EM=0.000
[21:08:16] 
🔄 Testing template: confident
[21:08:16] Generation error for confident: 'RagTokenizer' object has no attribute 'eos_token_id'
[21:08:16] Generation error for confident: 'RagTokenizer' object has no attribute 'eos_token_id'
[21:08:16] Generation error for confident: 'RagTokenizer' object has no attribute 'eos_token_id'
[21:08:16] Generation error for confident: 'RagTokenizer' object has no attribute 'eos_token_id'
[21:08:16] Generation error for confident: 'RagTokenizer' object has no attribute 'eos_token_id'
[21:08:16] Generation error for confident: 'RagTokenizer' object has no attribute 'eos_token_id'
[21:08:16] Generation error for confident: 'RagTokenizer' object has no attribute 'eos_token_id'
[21:08:16] Generation error for confident: 'RagTokenizer' object has no attribute 'eos_token_id'
[21:08:16] Generation error for confident: 'RagTokenizer' object has no attribute 'eos_token_id'
[21:08:16] Generation error for confident: 'RagTokenizer' object has no attribute 'eos_token_id'
[21:08:16]   Progress: 10/48 - Recent F1: 0.000
[21:08:16] Generation error for confident: 'RagTokenizer' object has no attribute 'eos_token_id'
[21:08:16] Generation error for confident: 'RagTokenizer' object has no attribute 'eos_token_id'
[21:08:16] Generation error for confident: 'RagTokenizer' object has no attribute 'eos_token_id'
[21:08:16] Generation error for confident: 'RagTokenizer' object has no attribute 'eos_token_id'
[21:08:16] Generation error for confident: 'RagTokenizer' object has no attribute 'eos_token_id'
[21:08:16] Generation error for confident: 'RagTokenizer' object has no attribute 'eos_token_id'
[21:08:16] Generation error for confident: 'RagTokenizer' object has no attribute 'eos_token_id'
[21:08:16] Generation error for confident: 'RagTokenizer' object has no attribute 'eos_token_id'
[21:08:16] Generation error for confident: 'RagTokenizer' object has no attribute 'eos_token_id'
[21:08:16] Generation error for confident: 'RagTokenizer' object has no attribute 'eos_token_id'
[21:08:16]   Progress: 20/48 - Recent F1: 0.000
[21:08:16] Generation error for confident: 'RagTokenizer' object has no attribute 'eos_token_id'
[21:08:16] Generation error for confident: 'RagTokenizer' object has no attribute 'eos_token_id'
[21:08:16] Generation error for confident: 'RagTokenizer' object has no attribute 'eos_token_id'
[21:08:16] Generation error for confident: 'RagTokenizer' object has no attribute 'eos_token_id'
[21:08:16] Generation error for confident: 'RagTokenizer' object has no attribute 'eos_token_id'
[21:08:16] Generation error for confident: 'RagTokenizer' object has no attribute 'eos_token_id'
[21:08:16] Generation error for confident: 'RagTokenizer' object has no attribute 'eos_token_id'
[21:08:16] Generation error for confident: 'RagTokenizer' object has no attribute 'eos_token_id'
[21:08:16] Generation error for confident: 'RagTokenizer' object has no attribute 'eos_token_id'
[21:08:16] Generation error for confident: 'RagTokenizer' object has no attribute 'eos_token_id'
[21:08:16]   Progress: 30/48 - Recent F1: 0.000
[21:08:16] Generation error for confident: 'RagTokenizer' object has no attribute 'eos_token_id'
[21:08:16] Generation error for confident: 'RagTokenizer' object has no attribute 'eos_token_id'
[21:08:16] Generation error for confident: 'RagTokenizer' object has no attribute 'eos_token_id'
[21:08:16] Generation error for confident: 'RagTokenizer' object has no attribute 'eos_token_id'
[21:08:16] Generation error for confident: 'RagTokenizer' object has no attribute 'eos_token_id'
[21:08:16] Generation error for confident: 'RagTokenizer' object has no attribute 'eos_token_id'
[21:08:16] Generation error for confident: 'RagTokenizer' object has no attribute 'eos_token_id'
[21:08:16] Generation error for confident: 'RagTokenizer' object has no attribute 'eos_token_id'
[21:08:16] Generation error for confident: 'RagTokenizer' object has no attribute 'eos_token_id'
[21:08:16] Generation error for confident: 'RagTokenizer' object has no attribute 'eos_token_id'
[21:08:16]   Progress: 40/48 - Recent F1: 0.000
[21:08:16] Generation error for confident: 'RagTokenizer' object has no attribute 'eos_token_id'
[21:08:16] Generation error for confident: 'RagTokenizer' object has no attribute 'eos_token_id'
[21:08:16] Generation error for confident: 'RagTokenizer' object has no attribute 'eos_token_id'
[21:08:16] Generation error for confident: 'RagTokenizer' object has no attribute 'eos_token_id'
[21:08:16] Generation error for confident: 'RagTokenizer' object has no attribute 'eos_token_id'
[21:08:16] Generation error for confident: 'RagTokenizer' object has no attribute 'eos_token_id'
[21:08:16] Generation error for confident: 'RagTokenizer' object has no attribute 'eos_token_id'
[21:08:16] Generation error for confident: 'RagTokenizer' object has no attribute 'eos_token_id'
[21:08:16]    confident completed: F1=0.000, EM=0.000
[21:08:16] 
🔄 Testing template: knowledge_based
[21:08:16] Generation error for knowledge_based: 'RagTokenizer' object has no attribute 'eos_token_id'
[21:08:16] Generation error for knowledge_based: 'RagTokenizer' object has no attribute 'eos_token_id'
[21:08:16] Generation error for knowledge_based: 'RagTokenizer' object has no attribute 'eos_token_id'
[21:08:16] Generation error for knowledge_based: 'RagTokenizer' object has no attribute 'eos_token_id'
[21:08:16] Generation error for knowledge_based: 'RagTokenizer' object has no attribute 'eos_token_id'
[21:08:16] Generation error for knowledge_based: 'RagTokenizer' object has no attribute 'eos_token_id'
[21:08:16] Generation error for knowledge_based: 'RagTokenizer' object has no attribute 'eos_token_id'
[21:08:16] Generation error for knowledge_based: 'RagTokenizer' object has no attribute 'eos_token_id'
[21:08:16] Generation error for knowledge_based: 'RagTokenizer' object has no attribute 'eos_token_id'
[21:08:16] Generation error for knowledge_based: 'RagTokenizer' object has no attribute 'eos_token_id'
[21:08:16]   Progress: 10/48 - Recent F1: 0.000
[21:08:16] Generation error for knowledge_based: 'RagTokenizer' object has no attribute 'eos_token_id'
[21:08:16] Generation error for knowledge_based: 'RagTokenizer' object has no attribute 'eos_token_id'
[21:08:16] Generation error for knowledge_based: 'RagTokenizer' object has no attribute 'eos_token_id'
[21:08:16] Generation error for knowledge_based: 'RagTokenizer' object has no attribute 'eos_token_id'
[21:08:16] Generation error for knowledge_based: 'RagTokenizer' object has no attribute 'eos_token_id'
[21:08:16] Generation error for knowledge_based: 'RagTokenizer' object has no attribute 'eos_token_id'
[21:08:16] Generation error for knowledge_based: 'RagTokenizer' object has no attribute 'eos_token_id'
[21:08:16] Generation error for knowledge_based: 'RagTokenizer' object has no attribute 'eos_token_id'
[21:08:16] Generation error for knowledge_based: 'RagTokenizer' object has no attribute 'eos_token_id'
[21:08:16] Generation error for knowledge_based: 'RagTokenizer' object has no attribute 'eos_token_id'
[21:08:16]   Progress: 20/48 - Recent F1: 0.000
[21:08:16] Generation error for knowledge_based: 'RagTokenizer' object has no attribute 'eos_token_id'
[21:08:16] Generation error for knowledge_based: 'RagTokenizer' object has no attribute 'eos_token_id'
[21:08:16] Generation error for knowledge_based: 'RagTokenizer' object has no attribute 'eos_token_id'
[21:08:16] Generation error for knowledge_based: 'RagTokenizer' object has no attribute 'eos_token_id'
[21:08:16] Generation error for knowledge_based: 'RagTokenizer' object has no attribute 'eos_token_id'
[21:08:16] Generation error for knowledge_based: 'RagTokenizer' object has no attribute 'eos_token_id'
[21:08:16] Generation error for knowledge_based: 'RagTokenizer' object has no attribute 'eos_token_id'
[21:08:16] Generation error for knowledge_based: 'RagTokenizer' object has no attribute 'eos_token_id'
[21:08:16] Generation error for knowledge_based: 'RagTokenizer' object has no attribute 'eos_token_id'
[21:08:16] Generation error for knowledge_based: 'RagTokenizer' object has no attribute 'eos_token_id'
[21:08:16]   Progress: 30/48 - Recent F1: 0.000
[21:08:16] Generation error for knowledge_based: 'RagTokenizer' object has no attribute 'eos_token_id'
[21:08:16] Generation error for knowledge_based: 'RagTokenizer' object has no attribute 'eos_token_id'
[21:08:16] Generation error for knowledge_based: 'RagTokenizer' object has no attribute 'eos_token_id'
[21:08:16] Generation error for knowledge_based: 'RagTokenizer' object has no attribute 'eos_token_id'
[21:08:16] Generation error for knowledge_based: 'RagTokenizer' object has no attribute 'eos_token_id'
[21:08:16] Generation error for knowledge_based: 'RagTokenizer' object has no attribute 'eos_token_id'
[21:08:16] Generation error for knowledge_based: 'RagTokenizer' object has no attribute 'eos_token_id'
[21:08:16] Generation error for knowledge_based: 'RagTokenizer' object has no attribute 'eos_token_id'
[21:08:16] Generation error for knowledge_based: 'RagTokenizer' object has no attribute 'eos_token_id'
[21:08:16] Generation error for knowledge_based: 'RagTokenizer' object has no attribute 'eos_token_id'
[21:08:16]   Progress: 40/48 - Recent F1: 0.000
[21:08:16] Generation error for knowledge_based: 'RagTokenizer' object has no attribute 'eos_token_id'
[21:08:16] Generation error for knowledge_based: 'RagTokenizer' object has no attribute 'eos_token_id'
[21:08:16] Generation error for knowledge_based: 'RagTokenizer' object has no attribute 'eos_token_id'
[21:08:16] Generation error for knowledge_based: 'RagTokenizer' object has no attribute 'eos_token_id'
[21:08:16] Generation error for knowledge_based: 'RagTokenizer' object has no attribute 'eos_token_id'
[21:08:16] Generation error for knowledge_based: 'RagTokenizer' object has no attribute 'eos_token_id'
[21:08:16] Generation error for knowledge_based: 'RagTokenizer' object has no attribute 'eos_token_id'
[21:08:16] Generation error for knowledge_based: 'RagTokenizer' object has no attribute 'eos_token_id'
[21:08:16]    knowledge_based completed: F1=0.000, EM=0.000
[21:08:16] 
🔄 Testing template: basic
[21:08:16] Generation error for basic: 'RagTokenizer' object has no attribute 'eos_token_id'
[21:08:16] Generation error for basic: 'RagTokenizer' object has no attribute 'eos_token_id'
[21:08:16] Generation error for basic: 'RagTokenizer' object has no attribute 'eos_token_id'
[21:08:16] Generation error for basic: 'RagTokenizer' object has no attribute 'eos_token_id'
[21:08:16] Generation error for basic: 'RagTokenizer' object has no attribute 'eos_token_id'
[21:08:16] Generation error for basic: 'RagTokenizer' object has no attribute 'eos_token_id'
[21:08:16] Generation error for basic: 'RagTokenizer' object has no attribute 'eos_token_id'
[21:08:16] Generation error for basic: 'RagTokenizer' object has no attribute 'eos_token_id'
[21:08:16] Generation error for basic: 'RagTokenizer' object has no attribute 'eos_token_id'
[21:08:16] Generation error for basic: 'RagTokenizer' object has no attribute 'eos_token_id'
[21:08:16]   Progress: 10/48 - Recent F1: 0.000
[21:08:16] Generation error for basic: 'RagTokenizer' object has no attribute 'eos_token_id'
[21:08:16] Generation error for basic: 'RagTokenizer' object has no attribute 'eos_token_id'
[21:08:16] Generation error for basic: 'RagTokenizer' object has no attribute 'eos_token_id'
[21:08:16] Generation error for basic: 'RagTokenizer' object has no attribute 'eos_token_id'
[21:08:16] Generation error for basic: 'RagTokenizer' object has no attribute 'eos_token_id'
[21:08:16] Generation error for basic: 'RagTokenizer' object has no attribute 'eos_token_id'
[21:08:16] Generation error for basic: 'RagTokenizer' object has no attribute 'eos_token_id'
[21:08:16] Generation error for basic: 'RagTokenizer' object has no attribute 'eos_token_id'
[21:08:16] Generation error for basic: 'RagTokenizer' object has no attribute 'eos_token_id'
[21:08:16] Generation error for basic: 'RagTokenizer' object has no attribute 'eos_token_id'
[21:08:16]   Progress: 20/48 - Recent F1: 0.000
[21:08:16] Generation error for basic: 'RagTokenizer' object has no attribute 'eos_token_id'
[21:08:16] Generation error for basic: 'RagTokenizer' object has no attribute 'eos_token_id'
[21:08:16] Generation error for basic: 'RagTokenizer' object has no attribute 'eos_token_id'
[21:08:16] Generation error for basic: 'RagTokenizer' object has no attribute 'eos_token_id'
[21:08:16] Generation error for basic: 'RagTokenizer' object has no attribute 'eos_token_id'
[21:08:16] Generation error for basic: 'RagTokenizer' object has no attribute 'eos_token_id'
[21:08:16] Generation error for basic: 'RagTokenizer' object has no attribute 'eos_token_id'
[21:08:16] Generation error for basic: 'RagTokenizer' object has no attribute 'eos_token_id'
[21:08:16] Generation error for basic: 'RagTokenizer' object has no attribute 'eos_token_id'
[21:08:16] Generation error for basic: 'RagTokenizer' object has no attribute 'eos_token_id'
[21:08:16]   Progress: 30/48 - Recent F1: 0.000
[21:08:16] Generation error for basic: 'RagTokenizer' object has no attribute 'eos_token_id'
[21:08:16] Generation error for basic: 'RagTokenizer' object has no attribute 'eos_token_id'
[21:08:16] Generation error for basic: 'RagTokenizer' object has no attribute 'eos_token_id'
[21:08:16] Generation error for basic: 'RagTokenizer' object has no attribute 'eos_token_id'
[21:08:16] Generation error for basic: 'RagTokenizer' object has no attribute 'eos_token_id'
[21:08:16] Generation error for basic: 'RagTokenizer' object has no attribute 'eos_token_id'
[21:08:16] Generation error for basic: 'RagTokenizer' object has no attribute 'eos_token_id'
[21:08:16] Generation error for basic: 'RagTokenizer' object has no attribute 'eos_token_id'
[21:08:16] Generation error for basic: 'RagTokenizer' object has no attribute 'eos_token_id'
[21:08:16] Generation error for basic: 'RagTokenizer' object has no attribute 'eos_token_id'
[21:08:16]   Progress: 40/48 - Recent F1: 0.000
[21:08:16] Generation error for basic: 'RagTokenizer' object has no attribute 'eos_token_id'
[21:08:16] Generation error for basic: 'RagTokenizer' object has no attribute 'eos_token_id'
[21:08:16] Generation error for basic: 'RagTokenizer' object has no attribute 'eos_token_id'
[21:08:16] Generation error for basic: 'RagTokenizer' object has no attribute 'eos_token_id'
[21:08:16] Generation error for basic: 'RagTokenizer' object has no attribute 'eos_token_id'
[21:08:16] Generation error for basic: 'RagTokenizer' object has no attribute 'eos_token_id'
[21:08:16] Generation error for basic: 'RagTokenizer' object has no attribute 'eos_token_id'
[21:08:16] Generation error for basic: 'RagTokenizer' object has no attribute 'eos_token_id'
[21:08:16]    basic completed: F1=0.000, EM=0.000
[21:08:16] 
🎉 Experiment completed! Total results: 336
[21:08:16] 
🔍 ANALYZING RESULTS...
[21:08:16] 
🏆 TEMPLATE PERFORMANCE RANKING:
[21:08:16] --------------------------------------------------------------------------------
[21:08:16] Template             F1 Score   EM Score   Samples  Improvement 
[21:08:16] --------------------------------------------------------------------------------
[21:08:16] instructional        0.000     0.000     48       N/A         
[21:08:16] expert_role          0.000     0.000     48       N/A         
[21:08:16] precise_instruction  0.000     0.000     48       N/A         
[21:08:16] context_emphasis     0.000     0.000     48       N/A         
[21:08:16] confident            0.000     0.000     48       N/A         
[21:08:16] knowledge_based      0.000     0.000     48       N/A         
[21:08:16] basic                0.000     0.000     48       BASELINE    
[21:08:16] 
📊 SUCCESS ANALYSIS:
[21:08:16]   🥇 Best Template: instructional (F1: 0.000)
[21:08:16]   ✅ SUCCESS! Basic template relegated to rank 7
[21:08:16]   🎯 Template engineering shows measurable impact!
[21:08:16] 
📋 SAMPLE RESULTS:
[21:08:16] ======================================================================
[21:08:16] 
🔸 Template: basic (Rank 1)
[21:08:16]    Q: List the three main causes of World War I...
[21:08:16]    Expected: Imperialism, nationalism, and alliance system
[21:08:16]    Generated: Error: 'RagTokenizer' object has no a
[21:08:16]    Score: F1=0.000
[21:08:16]    Q: Explain the process of photosynthesis in plants...
[21:08:16]    Expected: Plants convert light energy into chemical energy using chlorophyll
[21:08:16]    Generated: Error: 'RagTokenizer' object has no a
[21:08:16]    Score: F1=0.000
[21:08:16] 
🔸 Template: confident (Rank 2)
[21:08:16]    Q: List the three main causes of World War I...
[21:08:16]    Expected: Imperialism, nationalism, and alliance system
[21:08:16]    Generated: Error: 'RagTokenizer' object has no a
[21:08:16]    Score: F1=0.000
[21:08:16]    Q: Explain the process of photosynthesis in plants...
[21:08:16]    Expected: Plants convert light energy into chemical energy using chlorophyll
[21:08:16]    Generated: Error: 'RagTokenizer' object has no a
[21:08:16]    Score: F1=0.000
[21:08:16] 
🔸 Template: context_emphasis (Rank 3)
[21:08:16]    Q: List the three main causes of World War I...
[21:08:16]    Expected: Imperialism, nationalism, and alliance system
[21:08:16]    Generated: Error: 'RagTokenizer' object has no a
[21:08:16]    Score: F1=0.000
[21:08:16]    Q: Explain the process of photosynthesis in plants...
[21:08:16]    Expected: Plants convert light energy into chemical energy using chlorophyll
[21:08:16]    Generated: Error: 'RagTokenizer' object has no a
[21:08:16]    Score: F1=0.000
[21:08:16] 
🎉 TARGETED EXPERIMENT COMPLETED!
