[13:45:00] 🔥 Setting up GPU configuration...
[13:45:00] 🎯 Using device: cuda:0
[13:45:00] 📦 Loading RAG models...
[13:48:26] 🚀 RAG system ready!
[13:48:26] 📚 Loading targeted evaluation dataset...
[13:48:30] 📊 Dataset loaded: 30 questions
[13:48:30]    - SQuAD questions: 30
[13:48:30] 🧪 Starting targeted RAG experiment...
[13:48:30] 📋 Testing 7 templates on 30 questions
[13:48:30] 
🔄 Testing template: retrieval_focused
[13:48:31] DEBUG: Generated='france' vs Expected='france'
[13:48:31] DEBUG: Overlap=1, Precision=1.000, Recall=1.000
[13:48:31] DEBUG: F1=1.000, EM=1.0, Overlap=1.000
[13:48:31] DEBUG: Generated='9th century -- 9th century' vs Expected='10th and 11th centuries'
[13:48:31] DEBUG: Overlap=0, Precision=0.000, Recall=0.000
[13:48:31] DEBUG: F1=0.000, EM=0.0, Overlap=0.000
[13:48:32] DEBUG: Generated='iceland' vs Expected='denmark, iceland and norway'
[13:48:32] DEBUG: Overlap=1, Precision=1.000, Recall=0.250
[13:48:32] DEBUG: F1=0.400, EM=0.0, Overlap=0.250
[13:48:32] DEBUG: Generated='bjorn ulvaeus' vs Expected='rollo'
[13:48:32] DEBUG: Overlap=0, Precision=0.000, Recall=0.000
[13:48:32] DEBUG: F1=0.000, EM=0.0, Overlap=0.000
[13:48:33] DEBUG: Generated='the ninth century' vs Expected='10th century'
[13:48:33] DEBUG: Overlap=1, Precision=0.333, Recall=0.500
[13:48:33] DEBUG: F1=0.400, EM=0.0, Overlap=0.500
[13:48:34] DEBUG: Generated='william' vs Expected='william the conqueror'
[13:48:34] DEBUG: Overlap=1, Precision=1.000, Recall=0.333
[13:48:34] DEBUG: F1=0.500, EM=0.0, Overlap=0.333
[13:48:34] DEBUG: Generated='king charles iii' vs Expected='richard i'
[13:48:34] DEBUG: Overlap=0, Precision=0.000, Recall=0.000
[13:48:34] DEBUG: F1=0.000, EM=0.0, Overlap=0.000
[13:48:35] DEBUG: Generated='catholicism' vs Expected='catholic'
[13:48:35] DEBUG: Overlap=0, Precision=0.000, Recall=0.000
[13:48:35] DEBUG: F1=0.000, EM=0.0, Overlap=0.000
[13:48:35] DEBUG: Generated='north' vs Expected='viking'
[13:48:35] DEBUG: Overlap=0, Precision=0.000, Recall=0.000
[13:48:35] DEBUG: F1=0.000, EM=0.0, Overlap=0.000
[13:48:35] DEBUG: Generated='in 1024' vs Expected='9th century'
[13:48:35] DEBUG: Overlap=0, Precision=0.000, Recall=0.000
[13:48:35] DEBUG: F1=0.000, EM=0.0, Overlap=0.000
[13:48:35]   Progress: 10/30 - Recent F1: 0.230
[13:48:36] DEBUG: Generated='1066' vs Expected='911'
[13:48:36] DEBUG: Overlap=0, Precision=0.000, Recall=0.000
[13:48:36] DEBUG: F1=0.000, EM=0.0, Overlap=0.000
[13:48:37] DEBUG: Generated='the franks' vs Expected='king charles iii'
[13:48:37] DEBUG: Overlap=0, Precision=0.000, Recall=0.000
[13:48:37] DEBUG: F1=0.000, EM=0.0, Overlap=0.000
[13:48:37] DEBUG: Generated='tennessee river' vs Expected='seine'
[13:48:37] DEBUG: Overlap=0, Precision=0.000, Recall=0.000
[13:48:37] DEBUG: F1=0.000, EM=0.0, Overlap=0.000
[13:48:37] DEBUG: Generated='the inuit' vs Expected='rollo'
[13:48:37] DEBUG: Overlap=0, Precision=0.000, Recall=0.000
[13:48:37] DEBUG: F1=0.000, EM=0.0, Overlap=0.000
[13:48:38] DEBUG: Generated='islam' vs Expected='catholicism'
[13:48:38] DEBUG: Overlap=0, Precision=0.000, Recall=0.000
[13:48:38] DEBUG: F1=0.000, EM=0.0, Overlap=0.000
[13:48:39] DEBUG: Generated='normandy' vs Expected='north'
[13:48:39] DEBUG: Overlap=0, Precision=0.000, Recall=0.000
[13:48:39] DEBUG: F1=0.000, EM=0.0, Overlap=0.000
[13:48:39] DEBUG: Generated='foodstuffs' vs Expected='fighting horsemen'
[13:48:39] DEBUG: Overlap=0, Precision=0.000, Recall=0.000
[13:48:39] DEBUG: F1=0.000, EM=0.0, Overlap=0.000
[13:48:39] DEBUG: Generated='byzantine empire' vs Expected='seljuk turks'
[13:48:39] DEBUG: Overlap=0, Precision=0.000, Recall=0.000
[13:48:39] DEBUG: F1=0.000, EM=0.0, Overlap=0.000
[13:48:40] DEBUG: Generated='1984 -- 86' vs Expected='1050s'
[13:48:40] DEBUG: Overlap=0, Precision=0.000, Recall=0.000
[13:48:40] DEBUG: F1=0.000, EM=0.0, Overlap=0.000
[13:48:41] DEBUG: Generated='1984' vs Expected='1060s'
[13:48:41] DEBUG: Overlap=0, Precision=0.000, Recall=0.000
[13:48:41] DEBUG: F1=0.000, EM=0.0, Overlap=0.000
[13:48:41]   Progress: 20/30 - Recent F1: 0.000
[13:48:41] DEBUG: Generated='factorials' vs Expected='alexius komnenos'
[13:48:41] DEBUG: Overlap=0, Precision=0.000, Recall=0.000
[13:48:41] DEBUG: F1=0.000, EM=0.0, Overlap=0.000
[13:48:42] DEBUG: Generated='the château de caen' vs Expected='afranji'
[13:48:42] DEBUG: Overlap=0, Precision=0.000, Recall=0.000
[13:48:42] DEBUG: F1=0.000, EM=0.0, Overlap=0.000
[13:48:42] DEBUG: Generated='' vs Expected='oursel'
[13:48:42] DEBUG: F1=0.000, EM=0.0, Overlap=0.000
[13:48:43] DEBUG: Generated='turkey' vs Expected='turkish forces'
[13:48:43] DEBUG: Overlap=0, Precision=0.000, Recall=0.000
[13:48:43] DEBUG: F1=0.000, EM=0.0, Overlap=0.000
[13:48:43] DEBUG: Generated='byzantine origin' vs Expected='norman mercenary'
[13:48:43] DEBUG: Overlap=0, Precision=0.000, Recall=0.000
[13:48:43] DEBUG: F1=0.000, EM=0.0, Overlap=0.000
[13:48:44] DEBUG: Generated='( last ) frederick iii' vs Expected='robert guiscard'
[13:48:44] DEBUG: Overlap=0, Precision=0.000, Recall=0.000
[13:48:44] DEBUG: F1=0.000, EM=0.0, Overlap=0.000
[13:48:44] DEBUG: Generated='true' vs Expected='1082'
[13:48:44] DEBUG: Overlap=0, Precision=0.000, Recall=0.000
[13:48:44] DEBUG: F1=0.000, EM=0.0, Overlap=0.000
[13:48:45] DEBUG: Generated='about 100,000 and 150,000' vs Expected='30,000'
[13:48:45] DEBUG: Overlap=0, Precision=0.000, Recall=0.000
[13:48:45] DEBUG: F1=0.000, EM=0.0, Overlap=0.000
[13:48:45] DEBUG: Generated='constantinople' vs Expected='deabolis'
[13:48:45] DEBUG: Overlap=0, Precision=0.000, Recall=0.000
[13:48:45] DEBUG: F1=0.000, EM=0.0, Overlap=0.000
[13:48:46] DEBUG: Generated='robert's son' vs Expected='bohemond'
[13:48:46] DEBUG: Overlap=0, Precision=0.000, Recall=0.000
[13:48:46] DEBUG: F1=0.000, EM=0.0, Overlap=0.000
[13:48:46]   Progress: 30/30 - Recent F1: 0.000
[13:48:46]    retrieval_focused completed: F1=0.077, EM=0.033
[13:48:46] 
🔄 Testing template: knowledge_synthesis
[13:48:47] DEBUG: Generated='france' vs Expected='france'
[13:48:47] DEBUG: Overlap=1, Precision=1.000, Recall=1.000
[13:48:47] DEBUG: F1=1.000, EM=1.0, Overlap=1.000
[13:48:47] DEBUG: Generated='10th century -- 15th century' vs Expected='10th and 11th centuries'
[13:48:47] DEBUG: Overlap=1, Precision=0.250, Recall=0.250
[13:48:47] DEBUG: F1=0.250, EM=0.0, Overlap=0.250
[13:48:48] DEBUG: Generated='scandinavia' vs Expected='denmark, iceland and norway'
[13:48:48] DEBUG: Overlap=0, Precision=0.000, Recall=0.000
[13:48:48] DEBUG: F1=0.000, EM=0.0, Overlap=0.000
[13:48:48] DEBUG: Generated='who was the norse leader' vs Expected='rollo'
[13:48:48] DEBUG: Overlap=0, Precision=0.000, Recall=0.000
[13:48:48] DEBUG: F1=0.000, EM=0.0, Overlap=0.000
[13:48:49] DEBUG: Generated='the ninth century' vs Expected='10th century'
[13:48:49] DEBUG: Overlap=1, Precision=0.333, Recall=0.500
[13:48:49] DEBUG: F1=0.400, EM=0.0, Overlap=0.500
[13:48:49] DEBUG: Generated='normandy duke of normandy' vs Expected='william the conqueror'
[13:48:49] DEBUG: Overlap=0, Precision=0.000, Recall=0.000
[13:48:49] DEBUG: F1=0.000, EM=0.0, Overlap=0.000
[13:48:50] DEBUG: Generated='king charles iii' vs Expected='richard i'
[13:48:50] DEBUG: Overlap=0, Precision=0.000, Recall=0.000
[13:48:50] DEBUG: F1=0.000, EM=0.0, Overlap=0.000
[13:48:50] DEBUG: Generated='catholicism' vs Expected='catholic'
[13:48:50] DEBUG: Overlap=0, Precision=0.000, Recall=0.000
[13:48:50] DEBUG: F1=0.000, EM=0.0, Overlap=0.000
[13:48:51] DEBUG: Generated='data visuali zation' vs Expected='viking'
[13:48:51] DEBUG: Overlap=0, Precision=0.000, Recall=0.000
[13:48:51] DEBUG: F1=0.000, EM=0.0, Overlap=0.000
[13:48:52] DEBUG: Generated='in 1024' vs Expected='9th century'
[13:48:52] DEBUG: Overlap=0, Precision=0.000, Recall=0.000
[13:48:52] DEBUG: F1=0.000, EM=0.0, Overlap=0.000
[13:48:52]   Progress: 10/30 - Recent F1: 0.165
[13:48:52] DEBUG: Generated='1066' vs Expected='911'
[13:48:52] DEBUG: Overlap=0, Precision=0.000, Recall=0.000
[13:48:52] DEBUG: F1=0.000, EM=0.0, Overlap=0.000
[13:48:53] DEBUG: Generated='patrick alexander russell' vs Expected='king charles iii'
[13:48:53] DEBUG: Overlap=0, Precision=0.000, Recall=0.000
[13:48:53] DEBUG: F1=0.000, EM=0.0, Overlap=0.000
[13:48:53] DEBUG: Generated='tennessee river' vs Expected='seine'
[13:48:53] DEBUG: Overlap=0, Precision=0.000, Recall=0.000
[13:48:53] DEBUG: F1=0.000, EM=0.0, Overlap=0.000
[13:48:54] DEBUG: Generated='the normans' vs Expected='rollo'
[13:48:54] DEBUG: Overlap=0, Precision=0.000, Recall=0.000
[13:48:54] DEBUG: F1=0.000, EM=0.0, Overlap=0.000
[13:48:54] DEBUG: Generated='islam' vs Expected='catholicism'
[13:48:54] DEBUG: Overlap=0, Precision=0.000, Recall=0.000
[13:48:54] DEBUG: F1=0.000, EM=0.0, Overlap=0.000
[13:48:55] DEBUG: Generated='normandy' vs Expected='north'
[13:48:55] DEBUG: Overlap=0, Precision=0.000, Recall=0.000
[13:48:55] DEBUG: F1=0.000, EM=0.0, Overlap=0.000
[13:48:56] DEBUG: Generated='266,827' vs Expected='fighting horsemen'
[13:48:56] DEBUG: Overlap=0, Precision=0.000, Recall=0.000
[13:48:56] DEBUG: F1=0.000, EM=0.0, Overlap=0.000
[13:48:56] DEBUG: Generated='byzantine empire' vs Expected='seljuk turks'
[13:48:56] DEBUG: Overlap=0, Precision=0.000, Recall=0.000
[13:48:56] DEBUG: F1=0.000, EM=0.0, Overlap=0.000
[13:48:57] DEBUG: Generated='1984 -- 86' vs Expected='1050s'
[13:48:57] DEBUG: Overlap=0, Precision=0.000, Recall=0.000
[13:48:57] DEBUG: F1=0.000, EM=0.0, Overlap=0.000
[13:48:57] DEBUG: Generated='robert crispin's diary' vs Expected='1060s'
[13:48:57] DEBUG: Overlap=0, Precision=0.000, Recall=0.000
[13:48:57] DEBUG: F1=0.000, EM=0.0, Overlap=0.000
[13:48:57]   Progress: 20/30 - Recent F1: 0.000
[13:48:58] DEBUG: Generated='british empire' vs Expected='alexius komnenos'
[13:48:58] DEBUG: Overlap=0, Precision=0.000, Recall=0.000
[13:48:58] DEBUG: F1=0.000, EM=0.0, Overlap=0.000
[13:48:58] DEBUG: Generated='' vs Expected='afranji'
[13:48:58] DEBUG: F1=0.000, EM=0.0, Overlap=0.000
[13:48:58] DEBUG: Generated='2018' vs Expected='oursel'
[13:48:58] DEBUG: Overlap=0, Precision=0.000, Recall=0.000
[13:48:58] DEBUG: F1=0.000, EM=0.0, Overlap=0.000
[13:48:59] DEBUG: Generated='turkey' vs Expected='turkish forces'
[13:48:59] DEBUG: Overlap=0, Precision=0.000, Recall=0.000
[13:48:59] DEBUG: F1=0.000, EM=0.0, Overlap=0.000
[13:48:59] DEBUG: Generated='byzantine origin' vs Expected='norman mercenary'
[13:48:59] DEBUG: Overlap=0, Precision=0.000, Recall=0.000
[13:48:59] DEBUG: F1=0.000, EM=0.0, Overlap=0.000
[13:49:00] DEBUG: Generated='' vs Expected='robert guiscard'
[13:49:00] DEBUG: F1=0.000, EM=0.0, Overlap=0.000
[13:49:00] DEBUG: Generated='1970s' vs Expected='1082'
[13:49:00] DEBUG: Overlap=0, Precision=0.000, Recall=0.000
[13:49:00] DEBUG: F1=0.000, EM=0.0, Overlap=0.000
[13:49:01] DEBUG: Generated='1,250,000 men' vs Expected='30,000'
[13:49:01] DEBUG: Overlap=0, Precision=0.000, Recall=0.000
[13:49:01] DEBUG: F1=0.000, EM=0.0, Overlap=0.000
[13:49:01] DEBUG: Generated='constantinople' vs Expected='deabolis'
[13:49:01] DEBUG: Overlap=0, Precision=0.000, Recall=0.000
[13:49:01] DEBUG: F1=0.000, EM=0.0, Overlap=0.000
[13:49:02] DEBUG: Generated='' vs Expected='bohemond'
[13:49:02] DEBUG: F1=0.000, EM=0.0, Overlap=0.000
[13:49:02]   Progress: 30/30 - Recent F1: 0.000
[13:49:02]    knowledge_synthesis completed: F1=0.055, EM=0.033
[13:49:02] 
🔄 Testing template: instructional_clear
[13:49:02] DEBUG: Generated='france' vs Expected='france'
[13:49:02] DEBUG: Overlap=1, Precision=1.000, Recall=1.000
[13:49:02] DEBUG: F1=1.000, EM=1.0, Overlap=1.000
[13:49:03] DEBUG: Generated='during the trojan war' vs Expected='10th and 11th centuries'
[13:49:03] DEBUG: Overlap=0, Precision=0.000, Recall=0.000
[13:49:03] DEBUG: F1=0.000, EM=0.0, Overlap=0.000
[13:49:03] DEBUG: Generated='iceland' vs Expected='denmark, iceland and norway'
[13:49:03] DEBUG: Overlap=1, Precision=1.000, Recall=0.250
[13:49:03] DEBUG: F1=0.400, EM=0.0, Overlap=0.250
[13:49:04] DEBUG: Generated='the question' vs Expected='rollo'
[13:49:04] DEBUG: Overlap=0, Precision=0.000, Recall=0.000
[13:49:04] DEBUG: F1=0.000, EM=0.0, Overlap=0.000
[13:49:04] DEBUG: Generated='the ninth century' vs Expected='10th century'
[13:49:04] DEBUG: Overlap=1, Precision=0.333, Recall=0.500
[13:49:04] DEBUG: F1=0.400, EM=0.0, Overlap=0.500
[13:49:05] DEBUG: Generated='the duke of normandy' vs Expected='william the conqueror'
[13:49:05] DEBUG: Overlap=1, Precision=0.250, Recall=0.333
[13:49:05] DEBUG: F1=0.286, EM=0.0, Overlap=0.333
[13:49:05] DEBUG: Generated='king charles iii' vs Expected='richard i'
[13:49:05] DEBUG: Overlap=0, Precision=0.000, Recall=0.000
[13:49:05] DEBUG: F1=0.000, EM=0.0, Overlap=0.000
[13:49:06] DEBUG: Generated='islam' vs Expected='catholic'
[13:49:06] DEBUG: Overlap=0, Precision=0.000, Recall=0.000
[13:49:06] DEBUG: F1=0.000, EM=0.0, Overlap=0.000
[13:49:06] DEBUG: Generated='norman' vs Expected='viking'
[13:49:06] DEBUG: Overlap=0, Precision=0.000, Recall=0.000
[13:49:06] DEBUG: F1=0.000, EM=0.0, Overlap=0.000
[13:49:07] DEBUG: Generated='in 1024' vs Expected='9th century'
[13:49:07] DEBUG: Overlap=0, Precision=0.000, Recall=0.000
[13:49:07] DEBUG: F1=0.000, EM=0.0, Overlap=0.000
[13:49:07]   Progress: 10/30 - Recent F1: 0.209
[13:49:07] DEBUG: Generated='1066' vs Expected='911'
[13:49:07] DEBUG: Overlap=0, Precision=0.000, Recall=0.000
[13:49:07] DEBUG: F1=0.000, EM=0.0, Overlap=0.000
[13:49:08] DEBUG: Generated='charles' vs Expected='king charles iii'
[13:49:08] DEBUG: Overlap=1, Precision=1.000, Recall=0.333
[13:49:08] DEBUG: F1=0.500, EM=0.0, Overlap=0.333
[13:49:08] DEBUG: Generated='what turns you on?' vs Expected='seine'
[13:49:08] DEBUG: Overlap=0, Precision=0.000, Recall=0.000
[13:49:08] DEBUG: F1=0.000, EM=0.0, Overlap=0.000
[13:49:09] DEBUG: Generated='the normans' vs Expected='rollo'
[13:49:09] DEBUG: Overlap=0, Precision=0.000, Recall=0.000
[13:49:09] DEBUG: F1=0.000, EM=0.0, Overlap=0.000
[13:49:09] DEBUG: Generated='what turns you on?' vs Expected='catholicism'
[13:49:09] DEBUG: Overlap=0, Precision=0.000, Recall=0.000
[13:49:09] DEBUG: F1=0.000, EM=0.0, Overlap=0.000
[13:49:10] DEBUG: Generated='normandy' vs Expected='north'
[13:49:10] DEBUG: Overlap=0, Precision=0.000, Recall=0.000
[13:49:10] DEBUG: F1=0.000, EM=0.0, Overlap=0.000
[13:49:10] DEBUG: Generated='what turns you on?' vs Expected='fighting horsemen'
[13:49:10] DEBUG: Overlap=0, Precision=0.000, Recall=0.000
[13:49:10] DEBUG: F1=0.000, EM=0.0, Overlap=0.000
[13:49:11] DEBUG: Generated='byzantine empire' vs Expected='seljuk turks'
[13:49:11] DEBUG: Overlap=0, Precision=0.000, Recall=0.000
[13:49:11] DEBUG: F1=0.000, EM=0.0, Overlap=0.000
[13:49:11] DEBUG: Generated='602 -- 603' vs Expected='1050s'
[13:49:11] DEBUG: Overlap=0, Precision=0.000, Recall=0.000
[13:49:11] DEBUG: F1=0.000, EM=0.0, Overlap=0.000
[13:49:12] DEBUG: Generated='robert crispin and the turks' vs Expected='1060s'
[13:49:12] DEBUG: Overlap=0, Precision=0.000, Recall=0.000
[13:49:12] DEBUG: F1=0.000, EM=0.0, Overlap=0.000
[13:49:12]   Progress: 20/30 - Recent F1: 0.050
[13:49:13] DEBUG: Generated='can you please provide a clear answer' vs Expected='alexius komnenos'
[13:49:13] DEBUG: Overlap=0, Precision=0.000, Recall=0.000
[13:49:13] DEBUG: F1=0.000, EM=0.0, Overlap=0.000
[13:49:13] DEBUG: Generated='what turns you on?' vs Expected='afranji'
[13:49:13] DEBUG: Overlap=0, Precision=0.000, Recall=0.000
[13:49:13] DEBUG: F1=0.000, EM=0.0, Overlap=0.000
[13:49:14] DEBUG: Generated='roosevelt' vs Expected='oursel'
[13:49:14] DEBUG: Overlap=0, Precision=0.000, Recall=0.000
[13:49:14] DEBUG: F1=0.000, EM=0.0, Overlap=0.000
[13:49:14] DEBUG: Generated='turkey' vs Expected='turkish forces'
[13:49:14] DEBUG: Overlap=0, Precision=0.000, Recall=0.000
[13:49:14] DEBUG: F1=0.000, EM=0.0, Overlap=0.000
[13:49:15] DEBUG: Generated='normandy, france' vs Expected='norman mercenary'
[13:49:15] DEBUG: Overlap=0, Precision=0.000, Recall=0.000
[13:49:15] DEBUG: F1=0.000, EM=0.0, Overlap=0.000
[13:49:15] DEBUG: Generated='lord canning' vs Expected='robert guiscard'
[13:49:15] DEBUG: Overlap=0, Precision=0.000, Recall=0.000
[13:49:15] DEBUG: F1=0.000, EM=0.0, Overlap=0.000
[13:49:16] DEBUG: Generated='what happened to dyrrachium?' vs Expected='1082'
[13:49:16] DEBUG: Overlap=0, Precision=0.000, Recall=0.000
[13:49:16] DEBUG: F1=0.000, EM=0.0, Overlap=0.000
[13:49:16] DEBUG: Generated='1,000,000' vs Expected='30,000'
[13:49:16] DEBUG: Overlap=0, Precision=0.000, Recall=0.000
[13:49:16] DEBUG: F1=0.000, EM=0.0, Overlap=0.000
[13:49:17] DEBUG: Generated='constantinople' vs Expected='deabolis'
[13:49:17] DEBUG: Overlap=0, Precision=0.000, Recall=0.000
[13:49:17] DEBUG: F1=0.000, EM=0.0, Overlap=0.000
[13:49:17] DEBUG: Generated=', andrew' vs Expected='bohemond'
[13:49:17] DEBUG: Overlap=0, Precision=0.000, Recall=0.000
[13:49:17] DEBUG: F1=0.000, EM=0.0, Overlap=0.000
[13:49:17]   Progress: 30/30 - Recent F1: 0.000
[13:49:17]    instructional_clear completed: F1=0.086, EM=0.033
[13:49:17] 
🔄 Testing template: context_guided
[13:49:18] DEBUG: Generated='france' vs Expected='france'
[13:49:18] DEBUG: Overlap=1, Precision=1.000, Recall=1.000
[13:49:18] DEBUG: F1=1.000, EM=1.0, Overlap=1.000
[13:49:18] DEBUG: Generated='the 10th and 13th centuries' vs Expected='10th and 11th centuries'
[13:49:18] DEBUG: Overlap=3, Precision=0.600, Recall=0.750
[13:49:18] DEBUG: F1=0.667, EM=0.0, Overlap=0.750
[13:49:19] DEBUG: Generated='scandinavia' vs Expected='denmark, iceland and norway'
[13:49:19] DEBUG: Overlap=0, Precision=0.000, Recall=0.000
[13:49:19] DEBUG: F1=0.000, EM=0.0, Overlap=0.000
[13:49:19] DEBUG: Generated='who was the norse leader' vs Expected='rollo'
[13:49:19] DEBUG: Overlap=0, Precision=0.000, Recall=0.000
[13:49:19] DEBUG: F1=0.000, EM=0.0, Overlap=0.000
[13:49:20] DEBUG: Generated='the ninth century' vs Expected='10th century'
[13:49:20] DEBUG: Overlap=1, Precision=0.333, Recall=0.500
[13:49:20] DEBUG: F1=0.400, EM=0.0, Overlap=0.500
[13:49:21] DEBUG: Generated='normandy duke of normandy' vs Expected='william the conqueror'
[13:49:21] DEBUG: Overlap=0, Precision=0.000, Recall=0.000
[13:49:21] DEBUG: F1=0.000, EM=0.0, Overlap=0.000
[13:49:21] DEBUG: Generated='king charles iii' vs Expected='richard i'
[13:49:21] DEBUG: Overlap=0, Precision=0.000, Recall=0.000
[13:49:21] DEBUG: F1=0.000, EM=0.0, Overlap=0.000
[13:49:22] DEBUG: Generated='catholicism' vs Expected='catholic'
[13:49:22] DEBUG: Overlap=0, Precision=0.000, Recall=0.000
[13:49:22] DEBUG: F1=0.000, EM=0.0, Overlap=0.000
[13:49:22] DEBUG: Generated='norman' vs Expected='viking'
[13:49:22] DEBUG: Overlap=0, Precision=0.000, Recall=0.000
[13:49:22] DEBUG: F1=0.000, EM=0.0, Overlap=0.000
[13:49:23] DEBUG: Generated='in 1024' vs Expected='9th century'
[13:49:23] DEBUG: Overlap=0, Precision=0.000, Recall=0.000
[13:49:23] DEBUG: F1=0.000, EM=0.0, Overlap=0.000
[13:49:23]   Progress: 10/30 - Recent F1: 0.207
[13:49:23] DEBUG: Generated='1066' vs Expected='911'
[13:49:23] DEBUG: Overlap=0, Precision=0.000, Recall=0.000
[13:49:23] DEBUG: F1=0.000, EM=0.0, Overlap=0.000
[13:49:24] DEBUG: Generated='charles the simple' vs Expected='king charles iii'
[13:49:24] DEBUG: Overlap=1, Precision=0.333, Recall=0.333
[13:49:24] DEBUG: F1=0.333, EM=0.0, Overlap=0.333
[13:49:24] DEBUG: Generated='tennessee river' vs Expected='seine'
[13:49:24] DEBUG: Overlap=0, Precision=0.000, Recall=0.000
[13:49:24] DEBUG: F1=0.000, EM=0.0, Overlap=0.000
[13:49:25] DEBUG: Generated='the normans' vs Expected='rollo'
[13:49:25] DEBUG: Overlap=0, Precision=0.000, Recall=0.000
[13:49:25] DEBUG: F1=0.000, EM=0.0, Overlap=0.000
[13:49:25] DEBUG: Generated='normanism' vs Expected='catholicism'
[13:49:25] DEBUG: Overlap=0, Precision=0.000, Recall=0.000
[13:49:25] DEBUG: F1=0.000, EM=0.0, Overlap=0.000
[13:49:26] DEBUG: Generated='normandy' vs Expected='north'
[13:49:26] DEBUG: Overlap=0, Precision=0.000, Recall=0.000
[13:49:26] DEBUG: F1=0.000, EM=0.0, Overlap=0.000
[13:49:26] DEBUG: Generated='foodstuffs' vs Expected='fighting horsemen'
[13:49:26] DEBUG: Overlap=0, Precision=0.000, Recall=0.000
[13:49:26] DEBUG: F1=0.000, EM=0.0, Overlap=0.000
[13:49:27] DEBUG: Generated='the byzantine empire' vs Expected='seljuk turks'
[13:49:27] DEBUG: Overlap=0, Precision=0.000, Recall=0.000
[13:49:27] DEBUG: F1=0.000, EM=0.0, Overlap=0.000
[13:49:28] DEBUG: Generated='during the byzantine war' vs Expected='1050s'
[13:49:28] DEBUG: Overlap=0, Precision=0.000, Recall=0.000
[13:49:28] DEBUG: F1=0.000, EM=0.0, Overlap=0.000
[13:49:28] DEBUG: Generated='2003' vs Expected='1060s'
[13:49:28] DEBUG: Overlap=0, Precision=0.000, Recall=0.000
[13:49:28] DEBUG: F1=0.000, EM=0.0, Overlap=0.000
[13:49:28]   Progress: 20/30 - Recent F1: 0.033
[13:49:28] DEBUG: Generated='ask the question' vs Expected='alexius komnenos'
[13:49:28] DEBUG: Overlap=0, Precision=0.000, Recall=0.000
[13:49:28] DEBUG: F1=0.000, EM=0.0, Overlap=0.000
[13:49:29] DEBUG: Generated='neuschwanstein castle' vs Expected='afranji'
[13:49:29] DEBUG: Overlap=0, Precision=0.000, Recall=0.000
[13:49:29] DEBUG: F1=0.000, EM=0.0, Overlap=0.000
[13:49:29] DEBUG: Generated='roosevelt' vs Expected='oursel'
[13:49:29] DEBUG: Overlap=0, Precision=0.000, Recall=0.000
[13:49:29] DEBUG: F1=0.000, EM=0.0, Overlap=0.000
[13:49:30] DEBUG: Generated='turkey' vs Expected='turkish forces'
[13:49:30] DEBUG: Overlap=0, Precision=0.000, Recall=0.000
[13:49:30] DEBUG: F1=0.000, EM=0.0, Overlap=0.000
[13:49:30] DEBUG: Generated='normandy' vs Expected='norman mercenary'
[13:49:30] DEBUG: Overlap=0, Precision=0.000, Recall=0.000
[13:49:30] DEBUG: F1=0.000, EM=0.0, Overlap=0.000
[13:49:31] DEBUG: Generated='( last ) frederick iii' vs Expected='robert guiscard'
[13:49:31] DEBUG: Overlap=0, Precision=0.000, Recall=0.000
[13:49:31] DEBUG: F1=0.000, EM=0.0, Overlap=0.000
[13:49:32] DEBUG: Generated='180 bc' vs Expected='1082'
[13:49:32] DEBUG: Overlap=0, Precision=0.000, Recall=0.000
[13:49:32] DEBUG: F1=0.000, EM=0.0, Overlap=0.000
[13:49:32] DEBUG: Generated='about a million men' vs Expected='30,000'
[13:49:32] DEBUG: Overlap=0, Precision=0.000, Recall=0.000
[13:49:32] DEBUG: F1=0.000, EM=0.0, Overlap=0.000
[13:49:33] DEBUG: Generated='in jaffa' vs Expected='deabolis'
[13:49:33] DEBUG: Overlap=0, Precision=0.000, Recall=0.000
[13:49:33] DEBUG: F1=0.000, EM=0.0, Overlap=0.000
[13:49:33] DEBUG: Generated='robert's son' vs Expected='bohemond'
[13:49:33] DEBUG: Overlap=0, Precision=0.000, Recall=0.000
[13:49:33] DEBUG: F1=0.000, EM=0.0, Overlap=0.000
[13:49:33]   Progress: 30/30 - Recent F1: 0.000
[13:49:33]    context_guided completed: F1=0.080, EM=0.033
[13:49:33] 
🔄 Testing template: confident_direct
[13:49:34] DEBUG: Generated='france' vs Expected='france'
[13:49:34] DEBUG: Overlap=1, Precision=1.000, Recall=1.000
[13:49:34] DEBUG: F1=1.000, EM=1.0, Overlap=1.000
[13:49:34] DEBUG: Generated='10th century -- 15th century' vs Expected='10th and 11th centuries'
[13:49:34] DEBUG: Overlap=1, Precision=0.250, Recall=0.250
[13:49:34] DEBUG: F1=0.250, EM=0.0, Overlap=0.250
[13:49:35] DEBUG: Generated='iceland' vs Expected='denmark, iceland and norway'
[13:49:35] DEBUG: Overlap=1, Precision=1.000, Recall=0.250
[13:49:35] DEBUG: F1=0.400, EM=0.0, Overlap=0.250
[13:49:35] DEBUG: Generated='who was the norse leader' vs Expected='rollo'
[13:49:35] DEBUG: Overlap=0, Precision=0.000, Recall=0.000
[13:49:35] DEBUG: F1=0.000, EM=0.0, Overlap=0.000
[13:49:36] DEBUG: Generated='the ninth century' vs Expected='10th century'
[13:49:36] DEBUG: Overlap=1, Precision=0.333, Recall=0.500
[13:49:36] DEBUG: F1=0.400, EM=0.0, Overlap=0.500
[13:49:36] DEBUG: Generated='william' vs Expected='william the conqueror'
[13:49:36] DEBUG: Overlap=1, Precision=1.000, Recall=0.333
[13:49:36] DEBUG: F1=0.500, EM=0.0, Overlap=0.333
[13:49:37] DEBUG: Generated='the king of england' vs Expected='richard i'
[13:49:37] DEBUG: Overlap=0, Precision=0.000, Recall=0.000
[13:49:37] DEBUG: F1=0.000, EM=0.0, Overlap=0.000
[13:49:37] DEBUG: Generated='catholicism' vs Expected='catholic'
[13:49:37] DEBUG: Overlap=0, Precision=0.000, Recall=0.000
[13:49:37] DEBUG: F1=0.000, EM=0.0, Overlap=0.000
[13:49:38] DEBUG: Generated='north' vs Expected='viking'
[13:49:38] DEBUG: Overlap=0, Precision=0.000, Recall=0.000
[13:49:38] DEBUG: F1=0.000, EM=0.0, Overlap=0.000
[13:49:38] DEBUG: Generated='in 1024' vs Expected='9th century'
[13:49:38] DEBUG: Overlap=0, Precision=0.000, Recall=0.000
[13:49:38] DEBUG: F1=0.000, EM=0.0, Overlap=0.000
[13:49:38]   Progress: 10/30 - Recent F1: 0.255
[13:49:39] DEBUG: Generated='1066' vs Expected='911'
[13:49:39] DEBUG: Overlap=0, Precision=0.000, Recall=0.000
[13:49:39] DEBUG: F1=0.000, EM=0.0, Overlap=0.000
[13:49:39] DEBUG: Generated='charles the simple' vs Expected='king charles iii'
[13:49:39] DEBUG: Overlap=1, Precision=0.333, Recall=0.333
[13:49:39] DEBUG: F1=0.333, EM=0.0, Overlap=0.333
[13:49:40] DEBUG: Generated='river of british columbia' vs Expected='seine'
[13:49:40] DEBUG: Overlap=0, Precision=0.000, Recall=0.000
[13:49:40] DEBUG: F1=0.000, EM=0.0, Overlap=0.000
[13:49:40] DEBUG: Generated='the normans' vs Expected='rollo'
[13:49:40] DEBUG: Overlap=0, Precision=0.000, Recall=0.000
[13:49:40] DEBUG: F1=0.000, EM=0.0, Overlap=0.000
[13:49:41] DEBUG: Generated='islam' vs Expected='catholicism'
[13:49:41] DEBUG: Overlap=0, Precision=0.000, Recall=0.000
[13:49:41] DEBUG: F1=0.000, EM=0.0, Overlap=0.000
[13:49:41] DEBUG: Generated='normandy' vs Expected='north'
[13:49:41] DEBUG: Overlap=0, Precision=0.000, Recall=0.000
[13:49:41] DEBUG: F1=0.000, EM=0.0, Overlap=0.000
[13:49:42] DEBUG: Generated='cloth' vs Expected='fighting horsemen'
[13:49:42] DEBUG: Overlap=0, Precision=0.000, Recall=0.000
[13:49:42] DEBUG: F1=0.000, EM=0.0, Overlap=0.000
[13:49:42] DEBUG: Generated='byzantine empire' vs Expected='seljuk turks'
[13:49:42] DEBUG: Overlap=0, Precision=0.000, Recall=0.000
[13:49:42] DEBUG: F1=0.000, EM=0.0, Overlap=0.000
[13:49:43] DEBUG: Generated='during the byzantine war' vs Expected='1050s'
[13:49:43] DEBUG: Overlap=0, Precision=0.000, Recall=0.000
[13:49:43] DEBUG: F1=0.000, EM=0.0, Overlap=0.000
[13:49:43] DEBUG: Generated='2003' vs Expected='1060s'
[13:49:43] DEBUG: Overlap=0, Precision=0.000, Recall=0.000
[13:49:43] DEBUG: F1=0.000, EM=0.0, Overlap=0.000
[13:49:43]   Progress: 20/30 - Recent F1: 0.033
[13:49:44] DEBUG: Generated='oliver cromwell' vs Expected='alexius komnenos'
[13:49:44] DEBUG: Overlap=0, Precision=0.000, Recall=0.000
[13:49:44] DEBUG: F1=0.000, EM=0.0, Overlap=0.000
[13:49:45] DEBUG: Generated='château paris' vs Expected='afranji'
[13:49:45] DEBUG: Overlap=0, Precision=0.000, Recall=0.000
[13:49:45] DEBUG: F1=0.000, EM=0.0, Overlap=0.000
[13:49:45] DEBUG: Generated='theudebert i' vs Expected='oursel'
[13:49:45] DEBUG: Overlap=0, Precision=0.000, Recall=0.000
[13:49:45] DEBUG: F1=0.000, EM=0.0, Overlap=0.000
[13:49:46] DEBUG: Generated='turkey' vs Expected='turkish forces'
[13:49:46] DEBUG: Overlap=0, Precision=0.000, Recall=0.000
[13:49:46] DEBUG: F1=0.000, EM=0.0, Overlap=0.000
[13:49:46] DEBUG: Generated='answers the question' vs Expected='norman mercenary'
[13:49:46] DEBUG: Overlap=0, Precision=0.000, Recall=0.000
[13:49:46] DEBUG: F1=0.000, EM=0.0, Overlap=0.000
[13:49:47] DEBUG: Generated='tobey' vs Expected='robert guiscard'
[13:49:47] DEBUG: Overlap=0, Precision=0.000, Recall=0.000
[13:49:47] DEBUG: F1=0.000, EM=0.0, Overlap=0.000
[13:49:47] DEBUG: Generated='2011' vs Expected='1082'
[13:49:47] DEBUG: Overlap=0, Precision=0.000, Recall=0.000
[13:49:47] DEBUG: F1=0.000, EM=0.0, Overlap=0.000
[13:49:48] DEBUG: Generated='350,000 and 150,000' vs Expected='30,000'
[13:49:48] DEBUG: Overlap=0, Precision=0.000, Recall=0.000
[13:49:48] DEBUG: F1=0.000, EM=0.0, Overlap=0.000
[13:49:48] DEBUG: Generated='constantinople' vs Expected='deabolis'
[13:49:48] DEBUG: Overlap=0, Precision=0.000, Recall=0.000
[13:49:48] DEBUG: F1=0.000, EM=0.0, Overlap=0.000
[13:49:49] DEBUG: Generated='steffon' vs Expected='bohemond'
[13:49:49] DEBUG: Overlap=0, Precision=0.000, Recall=0.000
[13:49:49] DEBUG: F1=0.000, EM=0.0, Overlap=0.000
[13:49:49]   Progress: 30/30 - Recent F1: 0.000
[13:49:49]    confident_direct completed: F1=0.096, EM=0.033
[13:49:49] 
🔄 Testing template: structured_response
[13:49:49] DEBUG: Generated='france' vs Expected='france'
[13:49:49] DEBUG: Overlap=1, Precision=1.000, Recall=1.000
[13:49:49] DEBUG: F1=1.000, EM=1.0, Overlap=1.000
[13:49:50] DEBUG: Generated='between the 10th and 13th centuries' vs Expected='10th and 11th centuries'
[13:49:50] DEBUG: Overlap=3, Precision=0.500, Recall=0.750
[13:49:50] DEBUG: F1=0.600, EM=0.0, Overlap=0.750
[13:49:50] DEBUG: Generated='iceland' vs Expected='denmark, iceland and norway'
[13:49:50] DEBUG: Overlap=1, Precision=1.000, Recall=0.250
[13:49:50] DEBUG: F1=0.400, EM=0.0, Overlap=0.250
[13:49:51] DEBUG: Generated='the norse leader' vs Expected='rollo'
[13:49:51] DEBUG: Overlap=0, Precision=0.000, Recall=0.000
[13:49:51] DEBUG: F1=0.000, EM=0.0, Overlap=0.000
[13:49:51] DEBUG: Generated='the european renaissance' vs Expected='10th century'
[13:49:51] DEBUG: Overlap=0, Precision=0.000, Recall=0.000
[13:49:51] DEBUG: F1=0.000, EM=0.0, Overlap=0.000
[13:49:52] DEBUG: Generated='the duke of normandy' vs Expected='william the conqueror'
[13:49:52] DEBUG: Overlap=1, Precision=0.250, Recall=0.333
[13:49:52] DEBUG: F1=0.286, EM=0.0, Overlap=0.333
[13:49:52] DEBUG: Generated='king' vs Expected='richard i'
[13:49:52] DEBUG: Overlap=0, Precision=0.000, Recall=0.000
[13:49:52] DEBUG: F1=0.000, EM=0.0, Overlap=0.000
[13:49:53] DEBUG: Generated='islam' vs Expected='catholic'
[13:49:53] DEBUG: Overlap=0, Precision=0.000, Recall=0.000
[13:49:53] DEBUG: F1=0.000, EM=0.0, Overlap=0.000
[13:49:53] DEBUG: Generated='what turns you on?' vs Expected='viking'
[13:49:53] DEBUG: Overlap=0, Precision=0.000, Recall=0.000
[13:49:53] DEBUG: F1=0.000, EM=0.0, Overlap=0.000
[13:49:54] DEBUG: Generated='in 1024' vs Expected='9th century'
[13:49:54] DEBUG: Overlap=0, Precision=0.000, Recall=0.000
[13:49:54] DEBUG: F1=0.000, EM=0.0, Overlap=0.000
[13:49:54]   Progress: 10/30 - Recent F1: 0.229
[13:49:54] DEBUG: Generated='987' vs Expected='911'
[13:49:54] DEBUG: Overlap=0, Precision=0.000, Recall=0.000
[13:49:54] DEBUG: F1=0.000, EM=0.0, Overlap=0.000
[13:49:55] DEBUG: Generated='the franks' vs Expected='king charles iii'
[13:49:55] DEBUG: Overlap=0, Precision=0.000, Recall=0.000
[13:49:55] DEBUG: F1=0.000, EM=0.0, Overlap=0.000
[13:49:56] DEBUG: Generated='the rio de janeiro' vs Expected='seine'
[13:49:56] DEBUG: Overlap=0, Precision=0.000, Recall=0.000
[13:49:56] DEBUG: F1=0.000, EM=0.0, Overlap=0.000
[13:49:56] DEBUG: Generated='the question' vs Expected='rollo'
[13:49:56] DEBUG: Overlap=0, Precision=0.000, Recall=0.000
[13:49:56] DEBUG: F1=0.000, EM=0.0, Overlap=0.000
[13:49:56] DEBUG: Generated='islam' vs Expected='catholicism'
[13:49:56] DEBUG: Overlap=0, Precision=0.000, Recall=0.000
[13:49:56] DEBUG: F1=0.000, EM=0.0, Overlap=0.000
[13:49:57] DEBUG: Generated='northern france' vs Expected='north'
[13:49:57] DEBUG: Overlap=0, Precision=0.000, Recall=0.000
[13:49:57] DEBUG: F1=0.000, EM=0.0, Overlap=0.000
[13:49:58] DEBUG: Generated='foodstuffs' vs Expected='fighting horsemen'
[13:49:58] DEBUG: Overlap=0, Precision=0.000, Recall=0.000
[13:49:58] DEBUG: F1=0.000, EM=0.0, Overlap=0.000
[13:49:58] DEBUG: Generated='byzantine empire' vs Expected='seljuk turks'
[13:49:58] DEBUG: Overlap=0, Precision=0.000, Recall=0.000
[13:49:58] DEBUG: F1=0.000, EM=0.0, Overlap=0.000
[13:49:59] DEBUG: Generated='1984 -- 86' vs Expected='1050s'
[13:49:59] DEBUG: Overlap=0, Precision=0.000, Recall=0.000
[13:49:59] DEBUG: F1=0.000, EM=0.0, Overlap=0.000
[13:49:59] DEBUG: Generated='2017' vs Expected='1060s'
[13:49:59] DEBUG: Overlap=0, Precision=0.000, Recall=0.000
[13:49:59] DEBUG: F1=0.000, EM=0.0, Overlap=0.000
[13:49:59]   Progress: 20/30 - Recent F1: 0.000
[13:50:00] DEBUG: Generated='his idea of kingship' vs Expected='alexius komnenos'
[13:50:00] DEBUG: Overlap=0, Precision=0.000, Recall=0.000
[13:50:00] DEBUG: F1=0.000, EM=0.0, Overlap=0.000
[13:50:00] DEBUG: Generated='the classic roman republic' vs Expected='afranji'
[13:50:00] DEBUG: Overlap=0, Precision=0.000, Recall=0.000
[13:50:00] DEBUG: F1=0.000, EM=0.0, Overlap=0.000
[13:50:01] DEBUG: Generated='charles martel' vs Expected='oursel'
[13:50:01] DEBUG: Overlap=0, Precision=0.000, Recall=0.000
[13:50:01] DEBUG: F1=0.000, EM=0.0, Overlap=0.000
[13:50:01] DEBUG: Generated='turkey' vs Expected='turkish forces'
[13:50:01] DEBUG: Overlap=0, Precision=0.000, Recall=0.000
[13:50:01] DEBUG: F1=0.000, EM=0.0, Overlap=0.000
[13:50:02] DEBUG: Generated='norman origin' vs Expected='norman mercenary'
[13:50:02] DEBUG: Overlap=1, Precision=0.500, Recall=0.500
[13:50:02] DEBUG: F1=0.500, EM=0.0, Overlap=0.500
[13:50:02] DEBUG: Generated='( last ) frederick iii' vs Expected='robert guiscard'
[13:50:02] DEBUG: Overlap=0, Precision=0.000, Recall=0.000
[13:50:02] DEBUG: F1=0.000, EM=0.0, Overlap=0.000
[13:50:03] DEBUG: Generated='what turns you on?' vs Expected='1082'
[13:50:03] DEBUG: Overlap=0, Precision=0.000, Recall=0.000
[13:50:03] DEBUG: F1=0.000, EM=0.0, Overlap=0.000
[13:50:04] DEBUG: Generated='3,000 infantry and 300 horsemen' vs Expected='30,000'
[13:50:04] DEBUG: Overlap=0, Precision=0.000, Recall=0.000
[13:50:04] DEBUG: F1=0.000, EM=0.0, Overlap=0.000
[13:50:04] DEBUG: Generated='constantinople' vs Expected='deabolis'
[13:50:04] DEBUG: Overlap=0, Precision=0.000, Recall=0.000
[13:50:04] DEBUG: F1=0.000, EM=0.0, Overlap=0.000
[13:50:05] DEBUG: Generated='robert's son' vs Expected='bohemond'
[13:50:05] DEBUG: Overlap=0, Precision=0.000, Recall=0.000
[13:50:05] DEBUG: F1=0.000, EM=0.0, Overlap=0.000
[13:50:05]   Progress: 30/30 - Recent F1: 0.050
[13:50:05]    structured_response completed: F1=0.093, EM=0.033
[13:50:05] 
🔄 Testing template: basic
[13:50:05] DEBUG: Generated='france' vs Expected='france'
[13:50:05] DEBUG: Overlap=1, Precision=1.000, Recall=1.000
[13:50:05] DEBUG: F1=1.000, EM=1.0, Overlap=1.000
[13:50:06] DEBUG: Generated='9th century -- 9th century' vs Expected='10th and 11th centuries'
[13:50:06] DEBUG: Overlap=0, Precision=0.000, Recall=0.000
[13:50:06] DEBUG: F1=0.000, EM=0.0, Overlap=0.000
[13:50:06] DEBUG: Generated='sweden' vs Expected='denmark, iceland and norway'
[13:50:06] DEBUG: Overlap=0, Precision=0.000, Recall=0.000
[13:50:06] DEBUG: F1=0.000, EM=0.0, Overlap=0.000
[13:50:06] DEBUG: Generated='cnut' vs Expected='rollo'
[13:50:06] DEBUG: Overlap=0, Precision=0.000, Recall=0.000
[13:50:06] DEBUG: F1=0.000, EM=0.0, Overlap=0.000
[13:50:07] DEBUG: Generated='the ninth century' vs Expected='10th century'
[13:50:07] DEBUG: Overlap=1, Precision=0.333, Recall=0.500
[13:50:07] DEBUG: F1=0.400, EM=0.0, Overlap=0.500
[13:50:08] DEBUG: Generated='william' vs Expected='william the conqueror'
[13:50:08] DEBUG: Overlap=1, Precision=1.000, Recall=0.333
[13:50:08] DEBUG: F1=0.500, EM=0.0, Overlap=0.333
[13:50:08] DEBUG: Generated='king charles iii of west francia' vs Expected='richard i'
[13:50:08] DEBUG: Overlap=0, Precision=0.000, Recall=0.000
[13:50:08] DEBUG: F1=0.000, EM=0.0, Overlap=0.000
[13:50:09] DEBUG: Generated='catholicism' vs Expected='catholic'
[13:50:09] DEBUG: Overlap=0, Precision=0.000, Recall=0.000
[13:50:09] DEBUG: F1=0.000, EM=0.0, Overlap=0.000
[13:50:09] DEBUG: Generated='north' vs Expected='viking'
[13:50:09] DEBUG: Overlap=0, Precision=0.000, Recall=0.000
[13:50:09] DEBUG: F1=0.000, EM=0.0, Overlap=0.000
[13:50:10] DEBUG: Generated='1024' vs Expected='9th century'
[13:50:10] DEBUG: Overlap=0, Precision=0.000, Recall=0.000
[13:50:10] DEBUG: F1=0.000, EM=0.0, Overlap=0.000
[13:50:10]   Progress: 10/30 - Recent F1: 0.190
[13:50:10] DEBUG: Generated='1066' vs Expected='911'
[13:50:10] DEBUG: Overlap=0, Precision=0.000, Recall=0.000
[13:50:10] DEBUG: F1=0.000, EM=0.0, Overlap=0.000
[13:50:11] DEBUG: Generated='charles the simple' vs Expected='king charles iii'
[13:50:11] DEBUG: Overlap=1, Precision=0.333, Recall=0.333
[13:50:11] DEBUG: F1=0.333, EM=0.0, Overlap=0.333
[13:50:11] DEBUG: Generated='elbe' vs Expected='seine'
[13:50:11] DEBUG: Overlap=0, Precision=0.000, Recall=0.000
[13:50:11] DEBUG: F1=0.000, EM=0.0, Overlap=0.000
[13:50:12] DEBUG: Generated='the byzantines' vs Expected='rollo'
[13:50:12] DEBUG: Overlap=0, Precision=0.000, Recall=0.000
[13:50:12] DEBUG: F1=0.000, EM=0.0, Overlap=0.000
[13:50:12] DEBUG: Generated='catholicism' vs Expected='catholicism'
[13:50:12] DEBUG: Overlap=1, Precision=1.000, Recall=1.000
[13:50:12] DEBUG: F1=1.000, EM=1.0, Overlap=1.000
[13:50:13] DEBUG: Generated='west france' vs Expected='north'
[13:50:13] DEBUG: Overlap=0, Precision=0.000, Recall=0.000
[13:50:13] DEBUG: F1=0.000, EM=0.0, Overlap=0.000
[13:50:13] DEBUG: Generated='cloth' vs Expected='fighting horsemen'
[13:50:13] DEBUG: Overlap=0, Precision=0.000, Recall=0.000
[13:50:13] DEBUG: F1=0.000, EM=0.0, Overlap=0.000
[13:50:13] DEBUG: Generated='hohenstaufen' vs Expected='seljuk turks'
[13:50:13] DEBUG: Overlap=0, Precision=0.000, Recall=0.000
[13:50:13] DEBUG: F1=0.000, EM=0.0, Overlap=0.000
[13:50:14] DEBUG: Generated='1984 -- 86' vs Expected='1050s'
[13:50:14] DEBUG: Overlap=0, Precision=0.000, Recall=0.000
[13:50:14] DEBUG: F1=0.000, EM=0.0, Overlap=0.000
[13:50:14] DEBUG: Generated='862' vs Expected='1060s'
[13:50:14] DEBUG: Overlap=0, Precision=0.000, Recall=0.000
[13:50:14] DEBUG: F1=0.000, EM=0.0, Overlap=0.000
[13:50:14]   Progress: 20/30 - Recent F1: 0.133
[13:50:15] DEBUG: Generated='henshaw' vs Expected='alexius komnenos'
[13:50:15] DEBUG: Overlap=0, Precision=0.000, Recall=0.000
[13:50:15] DEBUG: F1=0.000, EM=0.0, Overlap=0.000
[13:50:15] DEBUG: Generated='neath castle' vs Expected='afranji'
[13:50:15] DEBUG: Overlap=0, Precision=0.000, Recall=0.000
[13:50:15] DEBUG: F1=0.000, EM=0.0, Overlap=0.000
[13:50:16] DEBUG: Generated='theudebert i' vs Expected='oursel'
[13:50:16] DEBUG: Overlap=0, Precision=0.000, Recall=0.000
[13:50:16] DEBUG: F1=0.000, EM=0.0, Overlap=0.000
[13:50:16] DEBUG: Generated='turkey' vs Expected='turkish forces'
[13:50:16] DEBUG: Overlap=0, Precision=0.000, Recall=0.000
[13:50:16] DEBUG: F1=0.000, EM=0.0, Overlap=0.000
[13:50:17] DEBUG: Generated='english' vs Expected='norman mercenary'
[13:50:17] DEBUG: Overlap=0, Precision=0.000, Recall=0.000
[13:50:17] DEBUG: F1=0.000, EM=0.0, Overlap=0.000
[13:50:17] DEBUG: Generated='( last ) frederick iii' vs Expected='robert guiscard'
[13:50:17] DEBUG: Overlap=0, Precision=0.000, Recall=0.000
[13:50:17] DEBUG: F1=0.000, EM=0.0, Overlap=0.000
[13:50:18] DEBUG: Generated='10th century' vs Expected='1082'
[13:50:18] DEBUG: Overlap=0, Precision=0.000, Recall=0.000
[13:50:18] DEBUG: F1=0.000, EM=0.0, Overlap=0.000
[13:50:19] DEBUG: Generated='1,000,000' vs Expected='30,000'
[13:50:19] DEBUG: Overlap=0, Precision=0.000, Recall=0.000
[13:50:19] DEBUG: F1=0.000, EM=0.0, Overlap=0.000
[13:50:19] DEBUG: Generated='constantinople' vs Expected='deabolis'
[13:50:19] DEBUG: Overlap=0, Precision=0.000, Recall=0.000
[13:50:19] DEBUG: F1=0.000, EM=0.0, Overlap=0.000
[13:50:20] DEBUG: Generated='steffon' vs Expected='bohemond'
[13:50:20] DEBUG: Overlap=0, Precision=0.000, Recall=0.000
[13:50:20] DEBUG: F1=0.000, EM=0.0, Overlap=0.000
[13:50:20]   Progress: 30/30 - Recent F1: 0.000
[13:50:20]    basic completed: F1=0.108, EM=0.067
[13:50:20] 
🎉 Experiment completed! Total results: 210
[13:50:20] 
🔍 ANALYZING RESULTS...
[13:50:20] 
🏆 TEMPLATE PERFORMANCE RANKING:
[13:50:20] --------------------------------------------------------------------------------
[13:50:20] Template             F1 Score   EM Score   Samples  Improvement 
[13:50:20] --------------------------------------------------------------------------------
[13:50:20] basic                0.108     0.067     30       BASELINE    
[13:50:20] confident_direct     0.096     0.033     30       +-10.8%     
[13:50:20] structured_response  0.093     0.033     30       +-13.8%     
[13:50:20] instructional_clear  0.086     0.033     30       +-20.0%     
[13:50:20] context_guided       0.080     0.033     30       +-25.8%     
[13:50:20] retrieval_focused    0.077     0.033     30       +-28.9%     
[13:50:20] knowledge_synthesis  0.055     0.033     30       +-49.0%     
[13:50:20] 
📊 SUCCESS ANALYSIS:
[13:50:20]   🥇 Best Template: basic (F1: 0.108)
[13:50:20]   ❌ Basic template still dominates (rank 1)
[13:50:20]   💡 Suggestion: Try even simpler prompts or different question types
[13:50:20] 
📋 SAMPLE RESULTS:
[13:50:20] ======================================================================
[13:50:20] 
🔸 Template: basic (Rank 1)
[13:50:20]    Q: In what country is Normandy located?...
[13:50:20]    Expected: France
[13:50:20]    Generated: france
[13:50:20]    Score: F1=1.000
[13:50:20]    Q: When were the Normans in Normandy?...
[13:50:20]    Expected: 10th and 11th centuries
[13:50:20]    Generated: 9th century -- 9th century
[13:50:20]    Score: F1=0.000
[13:50:20] 
🔸 Template: confident_direct (Rank 2)
[13:50:20]    Q: In what country is Normandy located?...
[13:50:20]    Expected: France
[13:50:20]    Generated: france
[13:50:20]    Score: F1=1.000
[13:50:20]    Q: When were the Normans in Normandy?...
[13:50:20]    Expected: 10th and 11th centuries
[13:50:20]    Generated: 10th century -- 15th century
[13:50:20]    Score: F1=0.250
[13:50:20] 
🔸 Template: structured_response (Rank 3)
[13:50:20]    Q: In what country is Normandy located?...
[13:50:20]    Expected: France
[13:50:20]    Generated: france
[13:50:20]    Score: F1=1.000
[13:50:20]    Q: When were the Normans in Normandy?...
[13:50:20]    Expected: 10th and 11th centuries
[13:50:20]    Generated: between the 10th and 13th centuries
[13:50:20]    Score: F1=0.600
[13:50:20] 
🎉 TARGETED EXPERIMENT COMPLETED!
