[16:48:43]  Setting up GPU configuration...
[16:48:43]  Using device: cuda:1
[16:48:43]  Loading RAG models...
[16:52:10]  RAG system ready!
[16:52:10]  Loading targeted evaluation dataset...
[16:52:14]  Dataset loaded: 50 questions
[16:52:14]    - SQuAD questions: 91
[16:52:14]  Starting targeted RAG experiment...
[16:52:14]  Testing 7 templates on 50 questions
[16:52:14] 
 Testing template: retrieval_focused
[16:52:15] DEBUG: Generated='france' vs Expected='france'
[16:52:15] DEBUG: Overlap=1, Precision=1.000, Recall=1.000
[16:52:15] DEBUG: F1=1.000, EM=1.0, Overlap=1.000
[16:52:16] DEBUG: Generated='9th century -- 9th century' vs Expected='10th and 11th centuries'
[16:52:16] DEBUG: Overlap=0, Precision=0.000, Recall=0.000
[16:52:16] DEBUG: F1=0.000, EM=0.0, Overlap=0.000
[16:52:16] DEBUG: Generated='iceland' vs Expected='denmark, iceland and norway'
[16:52:16] DEBUG: Overlap=1, Precision=1.000, Recall=0.250
[16:52:16] DEBUG: F1=0.400, EM=0.0, Overlap=0.250
[16:52:17] DEBUG: Generated='bjorn ulvaeus' vs Expected='rollo'
[16:52:17] DEBUG: Overlap=0, Precision=0.000, Recall=0.000
[16:52:17] DEBUG: F1=0.000, EM=0.0, Overlap=0.000
[16:52:17] DEBUG: Generated='the ninth century' vs Expected='10th century'
[16:52:17] DEBUG: Overlap=1, Precision=0.333, Recall=0.500
[16:52:17] DEBUG: F1=0.400, EM=0.0, Overlap=0.500
[16:52:18] DEBUG: Generated='william' vs Expected='william the conqueror'
[16:52:18] DEBUG: Overlap=1, Precision=1.000, Recall=0.333
[16:52:18] DEBUG: F1=0.500, EM=0.0, Overlap=0.333
[16:52:18] DEBUG: Generated='king charles iii' vs Expected='richard i'
[16:52:18] DEBUG: Overlap=0, Precision=0.000, Recall=0.000
[16:52:18] DEBUG: F1=0.000, EM=0.0, Overlap=0.000
[16:52:19] DEBUG: Generated='catholicism' vs Expected='catholic'
[16:52:19] DEBUG: Overlap=0, Precision=0.000, Recall=0.000
[16:52:19] DEBUG: F1=0.000, EM=0.0, Overlap=0.000
[16:52:19] DEBUG: Generated='north' vs Expected='viking'
[16:52:19] DEBUG: Overlap=0, Precision=0.000, Recall=0.000
[16:52:19] DEBUG: F1=0.000, EM=0.0, Overlap=0.000
[16:52:20] DEBUG: Generated='in 1024' vs Expected='9th century'
[16:52:20] DEBUG: Overlap=0, Precision=0.000, Recall=0.000
[16:52:20] DEBUG: F1=0.000, EM=0.0, Overlap=0.000
[16:52:20]   Progress: 10/50 - Recent F1: 0.230
[16:52:20] DEBUG: Generated='1066' vs Expected='911'
[16:52:20] DEBUG: Overlap=0, Precision=0.000, Recall=0.000
[16:52:20] DEBUG: F1=0.000, EM=0.0, Overlap=0.000
[16:52:21] DEBUG: Generated='the franks' vs Expected='king charles iii'
[16:52:21] DEBUG: Overlap=0, Precision=0.000, Recall=0.000
[16:52:21] DEBUG: F1=0.000, EM=0.0, Overlap=0.000
[16:52:21] DEBUG: Generated='tennessee river' vs Expected='seine'
[16:52:21] DEBUG: Overlap=0, Precision=0.000, Recall=0.000
[16:52:21] DEBUG: F1=0.000, EM=0.0, Overlap=0.000
[16:52:22] DEBUG: Generated='the inuit' vs Expected='rollo'
[16:52:22] DEBUG: Overlap=0, Precision=0.000, Recall=0.000
[16:52:22] DEBUG: F1=0.000, EM=0.0, Overlap=0.000
[16:52:22] DEBUG: Generated='islam' vs Expected='catholicism'
[16:52:22] DEBUG: Overlap=0, Precision=0.000, Recall=0.000
[16:52:22] DEBUG: F1=0.000, EM=0.0, Overlap=0.000
[16:52:23] DEBUG: Generated='normandy' vs Expected='north'
[16:52:23] DEBUG: Overlap=0, Precision=0.000, Recall=0.000
[16:52:23] DEBUG: F1=0.000, EM=0.0, Overlap=0.000
[16:52:23] DEBUG: Generated='foodstuffs' vs Expected='fighting horsemen'
[16:52:23] DEBUG: Overlap=0, Precision=0.000, Recall=0.000
[16:52:23] DEBUG: F1=0.000, EM=0.0, Overlap=0.000
[16:52:24] DEBUG: Generated='byzantine empire' vs Expected='seljuk turks'
[16:52:24] DEBUG: Overlap=0, Precision=0.000, Recall=0.000
[16:52:24] DEBUG: F1=0.000, EM=0.0, Overlap=0.000
[16:52:24] DEBUG: Generated='1984 -- 86' vs Expected='1050s'
[16:52:24] DEBUG: Overlap=0, Precision=0.000, Recall=0.000
[16:52:24] DEBUG: F1=0.000, EM=0.0, Overlap=0.000
[16:52:25] DEBUG: Generated='1984' vs Expected='1060s'
[16:52:25] DEBUG: Overlap=0, Precision=0.000, Recall=0.000
[16:52:25] DEBUG: F1=0.000, EM=0.0, Overlap=0.000
[16:52:25]   Progress: 20/50 - Recent F1: 0.000
[16:52:25] DEBUG: Generated='factorials' vs Expected='alexius komnenos'
[16:52:25] DEBUG: Overlap=0, Precision=0.000, Recall=0.000
[16:52:25] DEBUG: F1=0.000, EM=0.0, Overlap=0.000
[16:52:26] DEBUG: Generated='the château de caen' vs Expected='afranji'
[16:52:26] DEBUG: Overlap=0, Precision=0.000, Recall=0.000
[16:52:26] DEBUG: F1=0.000, EM=0.0, Overlap=0.000
[16:52:26] DEBUG: Generated='' vs Expected='oursel'
[16:52:26] DEBUG: F1=0.000, EM=0.0, Overlap=0.000
[16:52:27] DEBUG: Generated='turkey' vs Expected='turkish forces'
[16:52:27] DEBUG: Overlap=0, Precision=0.000, Recall=0.000
[16:52:27] DEBUG: F1=0.000, EM=0.0, Overlap=0.000
[16:52:27] DEBUG: Generated='byzantine origin' vs Expected='norman mercenary'
[16:52:27] DEBUG: Overlap=0, Precision=0.000, Recall=0.000
[16:52:27] DEBUG: F1=0.000, EM=0.0, Overlap=0.000
[16:52:28] DEBUG: Generated='( last ) frederick iii' vs Expected='robert guiscard'
[16:52:28] DEBUG: Overlap=0, Precision=0.000, Recall=0.000
[16:52:28] DEBUG: F1=0.000, EM=0.0, Overlap=0.000
[16:52:28] DEBUG: Generated='true' vs Expected='1082'
[16:52:28] DEBUG: Overlap=0, Precision=0.000, Recall=0.000
[16:52:28] DEBUG: F1=0.000, EM=0.0, Overlap=0.000
[16:52:29] DEBUG: Generated='about 100,000 and 150,000' vs Expected='30,000'
[16:52:29] DEBUG: Overlap=0, Precision=0.000, Recall=0.000
[16:52:29] DEBUG: F1=0.000, EM=0.0, Overlap=0.000
[16:52:29] DEBUG: Generated='constantinople' vs Expected='deabolis'
[16:52:29] DEBUG: Overlap=0, Precision=0.000, Recall=0.000
[16:52:29] DEBUG: F1=0.000, EM=0.0, Overlap=0.000
[16:52:30] DEBUG: Generated='robert's son' vs Expected='bohemond'
[16:52:30] DEBUG: Overlap=0, Precision=0.000, Recall=0.000
[16:52:30] DEBUG: F1=0.000, EM=0.0, Overlap=0.000
[16:52:30]   Progress: 30/50 - Recent F1: 0.000
[16:52:30] DEBUG: Generated='river sita' vs Expected='deabolis'
[16:52:30] DEBUG: Overlap=0, Precision=0.000, Recall=0.000
[16:52:30] DEBUG: F1=0.000, EM=0.0, Overlap=0.000
[16:52:31] DEBUG: Generated='2003' vs Expected='1185'
[16:52:31] DEBUG: Overlap=0, Precision=0.000, Recall=0.000
[16:52:31] DEBUG: F1=0.000, EM=0.0, Overlap=0.000
[16:52:31] DEBUG: Generated='naval station guantanamo bay' vs Expected='dyrrachium'
[16:52:31] DEBUG: Overlap=0, Precision=0.000, Recall=0.000
[16:52:31] DEBUG: F1=0.000, EM=0.0, Overlap=0.000
[16:52:32] DEBUG: Generated='north - western asia' vs Expected='the adriatic'
[16:52:32] DEBUG: Overlap=0, Precision=0.000, Recall=0.000
[16:52:32] DEBUG: F1=0.000, EM=0.0, Overlap=0.000
[16:52:32] DEBUG: Generated='matt willis' vs Expected='king ethelred ii'
[16:52:32] DEBUG: Overlap=0, Precision=0.000, Recall=0.000
[16:52:32] DEBUG: F1=0.000, EM=0.0, Overlap=0.000
[16:52:33] DEBUG: Generated='bryce gheisar' vs Expected='duke richard ii'
[16:52:33] DEBUG: Overlap=0, Precision=0.000, Recall=0.000
[16:52:33] DEBUG: F1=0.000, EM=0.0, Overlap=0.000
[16:52:33] DEBUG: Generated='britain' vs Expected='normandy'
[16:52:33] DEBUG: Overlap=0, Precision=0.000, Recall=0.000
[16:52:33] DEBUG: F1=0.000, EM=0.0, Overlap=0.000
[16:52:34] DEBUG: Generated='the undertaker' vs Expected='sweyn forkbeard'
[16:52:34] DEBUG: Overlap=0, Precision=0.000, Recall=0.000
[16:52:34] DEBUG: F1=0.000, EM=0.0, Overlap=0.000
[16:52:34] DEBUG: Generated='' vs Expected='harthacnut'
[16:52:34] DEBUG: F1=0.000, EM=0.0, Overlap=0.000
[16:52:34] DEBUG: Generated='25 january 2016' vs Expected='1041'
[16:52:34] DEBUG: Overlap=0, Precision=0.000, Recall=0.000
[16:52:34] DEBUG: F1=0.000, EM=0.0, Overlap=0.000
[16:52:34]   Progress: 40/50 - Recent F1: 0.000
[16:52:35] DEBUG: Generated='who' vs Expected='robert of jumièges'
[16:52:35] DEBUG: Overlap=0, Precision=0.000, Recall=0.000
[16:52:35] DEBUG: F1=0.000, EM=0.0, Overlap=0.000
[16:52:35] DEBUG: Generated='at the battle of hastings' vs Expected='battle of hastings'
[16:52:35] DEBUG: Overlap=3, Precision=0.600, Recall=1.000
[16:52:35] DEBUG: F1=0.750, EM=0.0, Overlap=1.000
[16:52:36] DEBUG: Generated='question : who killed harold ii' vs Expected='william ii'
[16:52:36] DEBUG: Overlap=1, Precision=0.167, Recall=0.500
[16:52:36] DEBUG: F1=0.250, EM=0.0, Overlap=0.500
[16:52:36] DEBUG: Generated='14 october 1066' vs Expected='1066'
[16:52:36] DEBUG: Overlap=1, Precision=0.333, Recall=1.000
[16:52:36] DEBUG: F1=0.500, EM=0.0, Overlap=1.000
[16:52:37] DEBUG: Generated='the trojans' vs Expected='anglo-saxons'
[16:52:37] DEBUG: Overlap=0, Precision=0.000, Recall=0.000
[16:52:37] DEBUG: F1=0.000, EM=0.0, Overlap=0.000
[16:52:37] DEBUG: Generated='' vs Expected='modern english'
[16:52:37] DEBUG: F1=0.000, EM=0.0, Overlap=0.000
[16:52:38] DEBUG: Generated='1169' vs Expected='1169'
[16:52:38] DEBUG: Overlap=1, Precision=1.000, Recall=1.000
[16:52:38] DEBUG: F1=1.000, EM=1.0, Overlap=1.000
[16:52:38] DEBUG: Generated='england' vs Expected='ireland'
[16:52:38] DEBUG: Overlap=0, Precision=0.000, Recall=0.000
[16:52:38] DEBUG: F1=0.000, EM=0.0, Overlap=0.000
[16:52:38] DEBUG: Generated='irish' vs Expected='irish'
[16:52:38] DEBUG: Overlap=1, Precision=1.000, Recall=1.000
[16:52:38] DEBUG: F1=1.000, EM=1.0, Overlap=1.000
[16:52:39] DEBUG: Generated='eamonn's father' vs Expected='edgar'
[16:52:39] DEBUG: Overlap=0, Precision=0.000, Recall=0.000
[16:52:39] DEBUG: F1=0.000, EM=0.0, Overlap=0.000
[16:52:39]   Progress: 50/50 - Recent F1: 0.350
[16:52:39]    retrieval_focused completed: F1=0.116, EM=0.060
[16:52:39] 
 Testing template: knowledge_synthesis
[16:52:39] DEBUG: Generated='france' vs Expected='france'
[16:52:39] DEBUG: Overlap=1, Precision=1.000, Recall=1.000
[16:52:39] DEBUG: F1=1.000, EM=1.0, Overlap=1.000
[16:52:40] DEBUG: Generated='10th century -- 15th century' vs Expected='10th and 11th centuries'
[16:52:40] DEBUG: Overlap=1, Precision=0.250, Recall=0.250
[16:52:40] DEBUG: F1=0.250, EM=0.0, Overlap=0.250
[16:52:40] DEBUG: Generated='scandinavia' vs Expected='denmark, iceland and norway'
[16:52:40] DEBUG: Overlap=0, Precision=0.000, Recall=0.000
[16:52:40] DEBUG: F1=0.000, EM=0.0, Overlap=0.000
[16:52:41] DEBUG: Generated='who was the norse leader' vs Expected='rollo'
[16:52:41] DEBUG: Overlap=0, Precision=0.000, Recall=0.000
[16:52:41] DEBUG: F1=0.000, EM=0.0, Overlap=0.000
[16:52:41] DEBUG: Generated='the ninth century' vs Expected='10th century'
[16:52:41] DEBUG: Overlap=1, Precision=0.333, Recall=0.500
[16:52:41] DEBUG: F1=0.400, EM=0.0, Overlap=0.500
[16:52:42] DEBUG: Generated='normandy duke of normandy' vs Expected='william the conqueror'
[16:52:42] DEBUG: Overlap=0, Precision=0.000, Recall=0.000
[16:52:42] DEBUG: F1=0.000, EM=0.0, Overlap=0.000
[16:52:42] DEBUG: Generated='king charles iii' vs Expected='richard i'
[16:52:42] DEBUG: Overlap=0, Precision=0.000, Recall=0.000
[16:52:42] DEBUG: F1=0.000, EM=0.0, Overlap=0.000
[16:52:43] DEBUG: Generated='catholicism' vs Expected='catholic'
[16:52:43] DEBUG: Overlap=0, Precision=0.000, Recall=0.000
[16:52:43] DEBUG: F1=0.000, EM=0.0, Overlap=0.000
[16:52:43] DEBUG: Generated='data visuali zation' vs Expected='viking'
[16:52:43] DEBUG: Overlap=0, Precision=0.000, Recall=0.000
[16:52:43] DEBUG: F1=0.000, EM=0.0, Overlap=0.000
[16:52:44] DEBUG: Generated='in 1024' vs Expected='9th century'
[16:52:44] DEBUG: Overlap=0, Precision=0.000, Recall=0.000
[16:52:44] DEBUG: F1=0.000, EM=0.0, Overlap=0.000
[16:52:44]   Progress: 10/50 - Recent F1: 0.165
[16:52:44] DEBUG: Generated='1066' vs Expected='911'
[16:52:44] DEBUG: Overlap=0, Precision=0.000, Recall=0.000
[16:52:44] DEBUG: F1=0.000, EM=0.0, Overlap=0.000
[16:52:45] DEBUG: Generated='patrick alexander russell' vs Expected='king charles iii'
[16:52:45] DEBUG: Overlap=0, Precision=0.000, Recall=0.000
[16:52:45] DEBUG: F1=0.000, EM=0.0, Overlap=0.000
[16:52:45] DEBUG: Generated='tennessee river' vs Expected='seine'
[16:52:45] DEBUG: Overlap=0, Precision=0.000, Recall=0.000
[16:52:45] DEBUG: F1=0.000, EM=0.0, Overlap=0.000
[16:52:46] DEBUG: Generated='the normans' vs Expected='rollo'
[16:52:46] DEBUG: Overlap=0, Precision=0.000, Recall=0.000
[16:52:46] DEBUG: F1=0.000, EM=0.0, Overlap=0.000
[16:52:46] DEBUG: Generated='islam' vs Expected='catholicism'
[16:52:46] DEBUG: Overlap=0, Precision=0.000, Recall=0.000
[16:52:46] DEBUG: F1=0.000, EM=0.0, Overlap=0.000
[16:52:47] DEBUG: Generated='normandy' vs Expected='north'
[16:52:47] DEBUG: Overlap=0, Precision=0.000, Recall=0.000
[16:52:47] DEBUG: F1=0.000, EM=0.0, Overlap=0.000
[16:52:47] DEBUG: Generated='266,827' vs Expected='fighting horsemen'
[16:52:47] DEBUG: Overlap=0, Precision=0.000, Recall=0.000
[16:52:47] DEBUG: F1=0.000, EM=0.0, Overlap=0.000
[16:52:47] DEBUG: Generated='byzantine empire' vs Expected='seljuk turks'
[16:52:47] DEBUG: Overlap=0, Precision=0.000, Recall=0.000
[16:52:47] DEBUG: F1=0.000, EM=0.0, Overlap=0.000
[16:52:48] DEBUG: Generated='1984 -- 86' vs Expected='1050s'
[16:52:48] DEBUG: Overlap=0, Precision=0.000, Recall=0.000
[16:52:48] DEBUG: F1=0.000, EM=0.0, Overlap=0.000
[16:52:48] DEBUG: Generated='robert crispin's diary' vs Expected='1060s'
[16:52:48] DEBUG: Overlap=0, Precision=0.000, Recall=0.000
[16:52:48] DEBUG: F1=0.000, EM=0.0, Overlap=0.000
[16:52:48]   Progress: 20/50 - Recent F1: 0.000
[16:52:49] DEBUG: Generated='british empire' vs Expected='alexius komnenos'
[16:52:49] DEBUG: Overlap=0, Precision=0.000, Recall=0.000
[16:52:49] DEBUG: F1=0.000, EM=0.0, Overlap=0.000
[16:52:49] DEBUG: Generated='' vs Expected='afranji'
[16:52:49] DEBUG: F1=0.000, EM=0.0, Overlap=0.000
[16:52:50] DEBUG: Generated='2018' vs Expected='oursel'
[16:52:50] DEBUG: Overlap=0, Precision=0.000, Recall=0.000
[16:52:50] DEBUG: F1=0.000, EM=0.0, Overlap=0.000
[16:52:50] DEBUG: Generated='turkey' vs Expected='turkish forces'
[16:52:50] DEBUG: Overlap=0, Precision=0.000, Recall=0.000
[16:52:50] DEBUG: F1=0.000, EM=0.0, Overlap=0.000
[16:52:50] DEBUG: Generated='byzantine origin' vs Expected='norman mercenary'
[16:52:50] DEBUG: Overlap=0, Precision=0.000, Recall=0.000
[16:52:50] DEBUG: F1=0.000, EM=0.0, Overlap=0.000
[16:52:51] DEBUG: Generated='' vs Expected='robert guiscard'
[16:52:51] DEBUG: F1=0.000, EM=0.0, Overlap=0.000
[16:52:51] DEBUG: Generated='1970s' vs Expected='1082'
[16:52:51] DEBUG: Overlap=0, Precision=0.000, Recall=0.000
[16:52:51] DEBUG: F1=0.000, EM=0.0, Overlap=0.000
[16:52:52] DEBUG: Generated='1,250,000 men' vs Expected='30,000'
[16:52:52] DEBUG: Overlap=0, Precision=0.000, Recall=0.000
[16:52:52] DEBUG: F1=0.000, EM=0.0, Overlap=0.000
[16:52:52] DEBUG: Generated='constantinople' vs Expected='deabolis'
[16:52:52] DEBUG: Overlap=0, Precision=0.000, Recall=0.000
[16:52:52] DEBUG: F1=0.000, EM=0.0, Overlap=0.000
[16:52:53] DEBUG: Generated='' vs Expected='bohemond'
[16:52:53] DEBUG: F1=0.000, EM=0.0, Overlap=0.000
[16:52:53]   Progress: 30/50 - Recent F1: 0.000
[16:52:53] DEBUG: Generated='river sita' vs Expected='deabolis'
[16:52:53] DEBUG: Overlap=0, Precision=0.000, Recall=0.000
[16:52:53] DEBUG: F1=0.000, EM=0.0, Overlap=0.000
[16:52:53] DEBUG: Generated='2018' vs Expected='1185'
[16:52:53] DEBUG: Overlap=0, Precision=0.000, Recall=0.000
[16:52:53] DEBUG: F1=0.000, EM=0.0, Overlap=0.000
[16:52:54] DEBUG: Generated='guantanamo bay naval base' vs Expected='dyrrachium'
[16:52:54] DEBUG: Overlap=0, Precision=0.000, Recall=0.000
[16:52:54] DEBUG: F1=0.000, EM=0.0, Overlap=0.000
[16:52:54] DEBUG: Generated='the earth's crust' vs Expected='the adriatic'
[16:52:54] DEBUG: Overlap=1, Precision=0.333, Recall=0.500
[16:52:54] DEBUG: F1=0.400, EM=0.0, Overlap=0.500
[16:52:55] DEBUG: Generated='theo' vs Expected='king ethelred ii'
[16:52:55] DEBUG: Overlap=0, Precision=0.000, Recall=0.000
[16:52:55] DEBUG: F1=0.000, EM=0.0, Overlap=0.000
[16:52:55] DEBUG: Generated='madhavrao' vs Expected='duke richard ii'
[16:52:55] DEBUG: Overlap=0, Precision=0.000, Recall=0.000
[16:52:55] DEBUG: F1=0.000, EM=0.0, Overlap=0.000
[16:52:56] DEBUG: Generated='to the netherlands' vs Expected='normandy'
[16:52:56] DEBUG: Overlap=0, Precision=0.000, Recall=0.000
[16:52:56] DEBUG: F1=0.000, EM=0.0, Overlap=0.000
[16:52:56] DEBUG: Generated='ethelred' vs Expected='sweyn forkbeard'
[16:52:56] DEBUG: Overlap=0, Precision=0.000, Recall=0.000
[16:52:56] DEBUG: F1=0.000, EM=0.0, Overlap=0.000
[16:52:57] DEBUG: Generated='' vs Expected='harthacnut'
[16:52:57] DEBUG: F1=0.000, EM=0.0, Overlap=0.000
[16:52:57] DEBUG: Generated='25 february 2010' vs Expected='1041'
[16:52:57] DEBUG: Overlap=0, Precision=0.000, Recall=0.000
[16:52:57] DEBUG: F1=0.000, EM=0.0, Overlap=0.000
[16:52:57]   Progress: 40/50 - Recent F1: 0.040
[16:52:57] DEBUG: Generated='himself' vs Expected='robert of jumièges'
[16:52:57] DEBUG: Overlap=0, Precision=0.000, Recall=0.000
[16:52:57] DEBUG: F1=0.000, EM=0.0, Overlap=0.000
[16:52:58] DEBUG: Generated='at the battle of hastings' vs Expected='battle of hastings'
[16:52:58] DEBUG: Overlap=3, Precision=0.600, Recall=1.000
[16:52:58] DEBUG: F1=0.750, EM=0.0, Overlap=1.000
[16:52:58] DEBUG: Generated='' vs Expected='william ii'
[16:52:58] DEBUG: F1=0.000, EM=0.0, Overlap=0.000
[16:52:59] DEBUG: Generated='14 october 1066' vs Expected='1066'
[16:52:59] DEBUG: Overlap=1, Precision=0.333, Recall=1.000
[16:52:59] DEBUG: F1=0.500, EM=0.0, Overlap=1.000
[16:52:59] DEBUG: Generated='the trojans' vs Expected='anglo-saxons'
[16:52:59] DEBUG: Overlap=0, Precision=0.000, Recall=0.000
[16:52:59] DEBUG: F1=0.000, EM=0.0, Overlap=0.000
[16:52:59] DEBUG: Generated='' vs Expected='modern english'
[16:52:59] DEBUG: F1=0.000, EM=0.0, Overlap=0.000
[16:53:00] DEBUG: Generated='11 may 1167' vs Expected='1169'
[16:53:00] DEBUG: Overlap=0, Precision=0.000, Recall=0.000
[16:53:00] DEBUG: F1=0.000, EM=0.0, Overlap=0.000
[16:53:00] DEBUG: Generated='england' vs Expected='ireland'
[16:53:00] DEBUG: Overlap=0, Precision=0.000, Recall=0.000
[16:53:00] DEBUG: F1=0.000, EM=0.0, Overlap=0.000
[16:53:01] DEBUG: Generated='irish' vs Expected='irish'
[16:53:01] DEBUG: Overlap=1, Precision=1.000, Recall=1.000
[16:53:01] DEBUG: F1=1.000, EM=1.0, Overlap=1.000
[16:53:01] DEBUG: Generated='eamonn' vs Expected='edgar'
[16:53:01] DEBUG: Overlap=0, Precision=0.000, Recall=0.000
[16:53:01] DEBUG: F1=0.000, EM=0.0, Overlap=0.000
[16:53:01]   Progress: 50/50 - Recent F1: 0.225
[16:53:01]    knowledge_synthesis completed: F1=0.086, EM=0.040
[16:53:01] 
 Testing template: instructional_clear
[16:53:02] DEBUG: Generated='france' vs Expected='france'
[16:53:02] DEBUG: Overlap=1, Precision=1.000, Recall=1.000
[16:53:02] DEBUG: F1=1.000, EM=1.0, Overlap=1.000
[16:53:02] DEBUG: Generated='during the trojan war' vs Expected='10th and 11th centuries'
[16:53:02] DEBUG: Overlap=0, Precision=0.000, Recall=0.000
[16:53:02] DEBUG: F1=0.000, EM=0.0, Overlap=0.000
[16:53:03] DEBUG: Generated='iceland' vs Expected='denmark, iceland and norway'
[16:53:03] DEBUG: Overlap=1, Precision=1.000, Recall=0.250
[16:53:03] DEBUG: F1=0.400, EM=0.0, Overlap=0.250
[16:53:03] DEBUG: Generated='the question' vs Expected='rollo'
[16:53:03] DEBUG: Overlap=0, Precision=0.000, Recall=0.000
[16:53:03] DEBUG: F1=0.000, EM=0.0, Overlap=0.000
[16:53:04] DEBUG: Generated='the ninth century' vs Expected='10th century'
[16:53:04] DEBUG: Overlap=1, Precision=0.333, Recall=0.500
[16:53:04] DEBUG: F1=0.400, EM=0.0, Overlap=0.500
[16:53:05] DEBUG: Generated='the duke of normandy' vs Expected='william the conqueror'
[16:53:05] DEBUG: Overlap=1, Precision=0.250, Recall=0.333
[16:53:05] DEBUG: F1=0.286, EM=0.0, Overlap=0.333
[16:53:06] DEBUG: Generated='king charles iii' vs Expected='richard i'
[16:53:06] DEBUG: Overlap=0, Precision=0.000, Recall=0.000
[16:53:06] DEBUG: F1=0.000, EM=0.0, Overlap=0.000
[16:53:06] DEBUG: Generated='islam' vs Expected='catholic'
[16:53:06] DEBUG: Overlap=0, Precision=0.000, Recall=0.000
[16:53:06] DEBUG: F1=0.000, EM=0.0, Overlap=0.000
[16:53:07] DEBUG: Generated='norman' vs Expected='viking'
[16:53:07] DEBUG: Overlap=0, Precision=0.000, Recall=0.000
[16:53:07] DEBUG: F1=0.000, EM=0.0, Overlap=0.000
[16:53:08] DEBUG: Generated='in 1024' vs Expected='9th century'
[16:53:08] DEBUG: Overlap=0, Precision=0.000, Recall=0.000
[16:53:08] DEBUG: F1=0.000, EM=0.0, Overlap=0.000
[16:53:08]   Progress: 10/50 - Recent F1: 0.209
[16:53:08] DEBUG: Generated='1066' vs Expected='911'
[16:53:08] DEBUG: Overlap=0, Precision=0.000, Recall=0.000
[16:53:08] DEBUG: F1=0.000, EM=0.0, Overlap=0.000
[16:53:09] DEBUG: Generated='charles' vs Expected='king charles iii'
[16:53:09] DEBUG: Overlap=1, Precision=1.000, Recall=0.333
[16:53:09] DEBUG: F1=0.500, EM=0.0, Overlap=0.333
[16:53:10] DEBUG: Generated='what turns you on?' vs Expected='seine'
[16:53:10] DEBUG: Overlap=0, Precision=0.000, Recall=0.000
[16:53:10] DEBUG: F1=0.000, EM=0.0, Overlap=0.000
[16:53:10] DEBUG: Generated='the normans' vs Expected='rollo'
[16:53:10] DEBUG: Overlap=0, Precision=0.000, Recall=0.000
[16:53:10] DEBUG: F1=0.000, EM=0.0, Overlap=0.000
[16:53:11] DEBUG: Generated='what turns you on?' vs Expected='catholicism'
[16:53:11] DEBUG: Overlap=0, Precision=0.000, Recall=0.000
[16:53:11] DEBUG: F1=0.000, EM=0.0, Overlap=0.000
[16:53:11] DEBUG: Generated='normandy' vs Expected='north'
[16:53:11] DEBUG: Overlap=0, Precision=0.000, Recall=0.000
[16:53:11] DEBUG: F1=0.000, EM=0.0, Overlap=0.000
[16:53:12] DEBUG: Generated='what turns you on?' vs Expected='fighting horsemen'
[16:53:12] DEBUG: Overlap=0, Precision=0.000, Recall=0.000
[16:53:12] DEBUG: F1=0.000, EM=0.0, Overlap=0.000
[16:53:13] DEBUG: Generated='byzantine empire' vs Expected='seljuk turks'
[16:53:13] DEBUG: Overlap=0, Precision=0.000, Recall=0.000
[16:53:13] DEBUG: F1=0.000, EM=0.0, Overlap=0.000
[16:53:13] DEBUG: Generated='602 -- 603' vs Expected='1050s'
[16:53:13] DEBUG: Overlap=0, Precision=0.000, Recall=0.000
[16:53:13] DEBUG: F1=0.000, EM=0.0, Overlap=0.000
[16:53:14] DEBUG: Generated='robert crispin and the turks' vs Expected='1060s'
[16:53:14] DEBUG: Overlap=0, Precision=0.000, Recall=0.000
[16:53:14] DEBUG: F1=0.000, EM=0.0, Overlap=0.000
[16:53:14]   Progress: 20/50 - Recent F1: 0.050
[16:53:15] DEBUG: Generated='can you please provide a clear answer' vs Expected='alexius komnenos'
[16:53:15] DEBUG: Overlap=0, Precision=0.000, Recall=0.000
[16:53:15] DEBUG: F1=0.000, EM=0.0, Overlap=0.000
[16:53:16] DEBUG: Generated='what turns you on?' vs Expected='afranji'
[16:53:16] DEBUG: Overlap=0, Precision=0.000, Recall=0.000
[16:53:16] DEBUG: F1=0.000, EM=0.0, Overlap=0.000
[16:53:16] DEBUG: Generated='roosevelt' vs Expected='oursel'
[16:53:16] DEBUG: Overlap=0, Precision=0.000, Recall=0.000
[16:53:16] DEBUG: F1=0.000, EM=0.0, Overlap=0.000
[16:53:17] DEBUG: Generated='turkey' vs Expected='turkish forces'
[16:53:17] DEBUG: Overlap=0, Precision=0.000, Recall=0.000
[16:53:17] DEBUG: F1=0.000, EM=0.0, Overlap=0.000
[16:53:18] DEBUG: Generated='normandy, france' vs Expected='norman mercenary'
[16:53:18] DEBUG: Overlap=0, Precision=0.000, Recall=0.000
[16:53:18] DEBUG: F1=0.000, EM=0.0, Overlap=0.000
[16:53:18] DEBUG: Generated='lord canning' vs Expected='robert guiscard'
[16:53:18] DEBUG: Overlap=0, Precision=0.000, Recall=0.000
[16:53:18] DEBUG: F1=0.000, EM=0.0, Overlap=0.000
[16:53:19] DEBUG: Generated='what happened to dyrrachium?' vs Expected='1082'
[16:53:19] DEBUG: Overlap=0, Precision=0.000, Recall=0.000
[16:53:19] DEBUG: F1=0.000, EM=0.0, Overlap=0.000
[16:53:20] DEBUG: Generated='1,000,000' vs Expected='30,000'
[16:53:20] DEBUG: Overlap=0, Precision=0.000, Recall=0.000
[16:53:20] DEBUG: F1=0.000, EM=0.0, Overlap=0.000
[16:53:21] DEBUG: Generated='constantinople' vs Expected='deabolis'
[16:53:21] DEBUG: Overlap=0, Precision=0.000, Recall=0.000
[16:53:21] DEBUG: F1=0.000, EM=0.0, Overlap=0.000
[16:53:21] DEBUG: Generated=', andrew' vs Expected='bohemond'
[16:53:21] DEBUG: Overlap=0, Precision=0.000, Recall=0.000
[16:53:21] DEBUG: F1=0.000, EM=0.0, Overlap=0.000
[16:53:21]   Progress: 30/50 - Recent F1: 0.000
[16:53:22] DEBUG: Generated='river sitka' vs Expected='deabolis'
[16:53:22] DEBUG: Overlap=0, Precision=0.000, Recall=0.000
[16:53:22] DEBUG: F1=0.000, EM=0.0, Overlap=0.000
[16:53:23] DEBUG: Generated='2003' vs Expected='1185'
[16:53:23] DEBUG: Overlap=0, Precision=0.000, Recall=0.000
[16:53:23] DEBUG: F1=0.000, EM=0.0, Overlap=0.000
[16:53:23] DEBUG: Generated='what turns you on?' vs Expected='dyrrachium'
[16:53:23] DEBUG: Overlap=0, Precision=0.000, Recall=0.000
[16:53:23] DEBUG: F1=0.000, EM=0.0, Overlap=0.000
[16:53:24] DEBUG: Generated='what turns you on?' vs Expected='the adriatic'
[16:53:24] DEBUG: Overlap=0, Precision=0.000, Recall=0.000
[16:53:24] DEBUG: F1=0.000, EM=0.0, Overlap=0.000
[16:53:25] DEBUG: Generated='admiral horatio nelson' vs Expected='king ethelred ii'
[16:53:25] DEBUG: Overlap=0, Precision=0.000, Recall=0.000
[16:53:25] DEBUG: F1=0.000, EM=0.0, Overlap=0.000
[16:53:25] DEBUG: Generated='the question' vs Expected='duke richard ii'
[16:53:25] DEBUG: Overlap=0, Precision=0.000, Recall=0.000
[16:53:25] DEBUG: F1=0.000, EM=0.0, Overlap=0.000
[16:53:26] DEBUG: Generated='to return to england' vs Expected='normandy'
[16:53:26] DEBUG: Overlap=0, Precision=0.000, Recall=0.000
[16:53:26] DEBUG: F1=0.000, EM=0.0, Overlap=0.000
[16:53:27] DEBUG: Generated='parliament' vs Expected='sweyn forkbeard'
[16:53:27] DEBUG: Overlap=0, Precision=0.000, Recall=0.000
[16:53:27] DEBUG: F1=0.000, EM=0.0, Overlap=0.000
[16:53:27] DEBUG: Generated='what turns you on?' vs Expected='harthacnut'
[16:53:27] DEBUG: Overlap=0, Precision=0.000, Recall=0.000
[16:53:27] DEBUG: F1=0.000, EM=0.0, Overlap=0.000
[16:53:28] DEBUG: Generated='what turns you on?' vs Expected='1041'
[16:53:28] DEBUG: Overlap=0, Precision=0.000, Recall=0.000
[16:53:28] DEBUG: F1=0.000, EM=0.0, Overlap=0.000
[16:53:28]   Progress: 40/50 - Recent F1: 0.000
[16:53:29] DEBUG: Generated='the archbishop of canterbury' vs Expected='robert of jumièges'
[16:53:29] DEBUG: Overlap=1, Precision=0.250, Recall=0.333
[16:53:29] DEBUG: F1=0.286, EM=0.0, Overlap=0.333
[16:53:30] DEBUG: Generated='at the battle of hastings' vs Expected='battle of hastings'
[16:53:30] DEBUG: Overlap=3, Precision=0.600, Recall=1.000
[16:53:30] DEBUG: F1=0.750, EM=0.0, Overlap=1.000
[16:53:30] DEBUG: Generated='henshaw' vs Expected='william ii'
[16:53:30] DEBUG: Overlap=0, Precision=0.000, Recall=0.000
[16:53:30] DEBUG: F1=0.000, EM=0.0, Overlap=0.000
[16:53:31] DEBUG: Generated='14 october 1066' vs Expected='1066'
[16:53:31] DEBUG: Overlap=1, Precision=0.333, Recall=1.000
[16:53:31] DEBUG: F1=0.500, EM=0.0, Overlap=1.000
[16:53:32] DEBUG: Generated='the bourgeoisie' vs Expected='anglo-saxons'
[16:53:32] DEBUG: Overlap=0, Precision=0.000, Recall=0.000
[16:53:32] DEBUG: F1=0.000, EM=0.0, Overlap=0.000
[16:53:32] DEBUG: Generated='' vs Expected='modern english'
[16:53:32] DEBUG: F1=0.000, EM=0.0, Overlap=0.000
[16:53:33] DEBUG: Generated='1984' vs Expected='1169'
[16:53:33] DEBUG: Overlap=0, Precision=0.000, Recall=0.000
[16:53:33] DEBUG: F1=0.000, EM=0.0, Overlap=0.000
[16:53:33] DEBUG: Generated='england' vs Expected='ireland'
[16:53:33] DEBUG: Overlap=0, Precision=0.000, Recall=0.000
[16:53:33] DEBUG: F1=0.000, EM=0.0, Overlap=0.000
[16:53:34] DEBUG: Generated='irish' vs Expected='irish'
[16:53:34] DEBUG: Overlap=1, Precision=1.000, Recall=1.000
[16:53:34] DEBUG: F1=1.000, EM=1.0, Overlap=1.000
[16:53:34] DEBUG: Generated='what turns you on?' vs Expected='edgar'
[16:53:34] DEBUG: Overlap=0, Precision=0.000, Recall=0.000
[16:53:34] DEBUG: F1=0.000, EM=0.0, Overlap=0.000
[16:53:34]   Progress: 50/50 - Recent F1: 0.254
[16:53:34]    instructional_clear completed: F1=0.102, EM=0.040
[16:53:34] 
 Testing template: context_guided
[16:53:35] DEBUG: Generated='france' vs Expected='france'
[16:53:35] DEBUG: Overlap=1, Precision=1.000, Recall=1.000
[16:53:35] DEBUG: F1=1.000, EM=1.0, Overlap=1.000
[16:53:36] DEBUG: Generated='the 10th and 13th centuries' vs Expected='10th and 11th centuries'
[16:53:36] DEBUG: Overlap=3, Precision=0.600, Recall=0.750
[16:53:36] DEBUG: F1=0.667, EM=0.0, Overlap=0.750
[16:53:36] DEBUG: Generated='scandinavia' vs Expected='denmark, iceland and norway'
[16:53:36] DEBUG: Overlap=0, Precision=0.000, Recall=0.000
[16:53:36] DEBUG: F1=0.000, EM=0.0, Overlap=0.000
[16:53:37] DEBUG: Generated='who was the norse leader' vs Expected='rollo'
[16:53:37] DEBUG: Overlap=0, Precision=0.000, Recall=0.000
[16:53:37] DEBUG: F1=0.000, EM=0.0, Overlap=0.000
[16:53:38] DEBUG: Generated='the ninth century' vs Expected='10th century'
[16:53:38] DEBUG: Overlap=1, Precision=0.333, Recall=0.500
[16:53:38] DEBUG: F1=0.400, EM=0.0, Overlap=0.500
[16:53:39] DEBUG: Generated='normandy duke of normandy' vs Expected='william the conqueror'
[16:53:39] DEBUG: Overlap=0, Precision=0.000, Recall=0.000
[16:53:39] DEBUG: F1=0.000, EM=0.0, Overlap=0.000
[16:53:39] DEBUG: Generated='king charles iii' vs Expected='richard i'
[16:53:39] DEBUG: Overlap=0, Precision=0.000, Recall=0.000
[16:53:39] DEBUG: F1=0.000, EM=0.0, Overlap=0.000
[16:53:40] DEBUG: Generated='catholicism' vs Expected='catholic'
[16:53:40] DEBUG: Overlap=0, Precision=0.000, Recall=0.000
[16:53:40] DEBUG: F1=0.000, EM=0.0, Overlap=0.000
[16:53:41] DEBUG: Generated='norman' vs Expected='viking'
[16:53:41] DEBUG: Overlap=0, Precision=0.000, Recall=0.000
[16:53:41] DEBUG: F1=0.000, EM=0.0, Overlap=0.000
[16:53:41] DEBUG: Generated='in 1024' vs Expected='9th century'
[16:53:41] DEBUG: Overlap=0, Precision=0.000, Recall=0.000
[16:53:41] DEBUG: F1=0.000, EM=0.0, Overlap=0.000
[16:53:41]   Progress: 10/50 - Recent F1: 0.207
[16:53:42] DEBUG: Generated='1066' vs Expected='911'
[16:53:42] DEBUG: Overlap=0, Precision=0.000, Recall=0.000
[16:53:42] DEBUG: F1=0.000, EM=0.0, Overlap=0.000
[16:53:43] DEBUG: Generated='charles the simple' vs Expected='king charles iii'
[16:53:43] DEBUG: Overlap=1, Precision=0.333, Recall=0.333
[16:53:43] DEBUG: F1=0.333, EM=0.0, Overlap=0.333
[16:53:43] DEBUG: Generated='tennessee river' vs Expected='seine'
[16:53:43] DEBUG: Overlap=0, Precision=0.000, Recall=0.000
[16:53:43] DEBUG: F1=0.000, EM=0.0, Overlap=0.000
[16:53:44] DEBUG: Generated='the normans' vs Expected='rollo'
[16:53:44] DEBUG: Overlap=0, Precision=0.000, Recall=0.000
[16:53:44] DEBUG: F1=0.000, EM=0.0, Overlap=0.000
[16:53:44] DEBUG: Generated='normanism' vs Expected='catholicism'
[16:53:44] DEBUG: Overlap=0, Precision=0.000, Recall=0.000
[16:53:44] DEBUG: F1=0.000, EM=0.0, Overlap=0.000
[16:53:45] DEBUG: Generated='normandy' vs Expected='north'
[16:53:45] DEBUG: Overlap=0, Precision=0.000, Recall=0.000
[16:53:45] DEBUG: F1=0.000, EM=0.0, Overlap=0.000
[16:53:46] DEBUG: Generated='foodstuffs' vs Expected='fighting horsemen'
[16:53:46] DEBUG: Overlap=0, Precision=0.000, Recall=0.000
[16:53:46] DEBUG: F1=0.000, EM=0.0, Overlap=0.000
[16:53:46] DEBUG: Generated='the byzantine empire' vs Expected='seljuk turks'
[16:53:46] DEBUG: Overlap=0, Precision=0.000, Recall=0.000
[16:53:46] DEBUG: F1=0.000, EM=0.0, Overlap=0.000
[16:53:47] DEBUG: Generated='during the byzantine war' vs Expected='1050s'
[16:53:47] DEBUG: Overlap=0, Precision=0.000, Recall=0.000
[16:53:47] DEBUG: F1=0.000, EM=0.0, Overlap=0.000
[16:53:48] DEBUG: Generated='2003' vs Expected='1060s'
[16:53:48] DEBUG: Overlap=0, Precision=0.000, Recall=0.000
[16:53:48] DEBUG: F1=0.000, EM=0.0, Overlap=0.000
[16:53:48]   Progress: 20/50 - Recent F1: 0.033
[16:53:48] DEBUG: Generated='ask the question' vs Expected='alexius komnenos'
[16:53:48] DEBUG: Overlap=0, Precision=0.000, Recall=0.000
[16:53:48] DEBUG: F1=0.000, EM=0.0, Overlap=0.000
[16:53:49] DEBUG: Generated='neuschwanstein castle' vs Expected='afranji'
[16:53:49] DEBUG: Overlap=0, Precision=0.000, Recall=0.000
[16:53:49] DEBUG: F1=0.000, EM=0.0, Overlap=0.000
[16:53:49] DEBUG: Generated='roosevelt' vs Expected='oursel'
[16:53:49] DEBUG: Overlap=0, Precision=0.000, Recall=0.000
[16:53:49] DEBUG: F1=0.000, EM=0.0, Overlap=0.000
[16:53:50] DEBUG: Generated='turkey' vs Expected='turkish forces'
[16:53:50] DEBUG: Overlap=0, Precision=0.000, Recall=0.000
[16:53:50] DEBUG: F1=0.000, EM=0.0, Overlap=0.000
[16:53:51] DEBUG: Generated='normandy' vs Expected='norman mercenary'
[16:53:51] DEBUG: Overlap=0, Precision=0.000, Recall=0.000
[16:53:51] DEBUG: F1=0.000, EM=0.0, Overlap=0.000
[16:53:51] DEBUG: Generated='( last ) frederick iii' vs Expected='robert guiscard'
[16:53:51] DEBUG: Overlap=0, Precision=0.000, Recall=0.000
[16:53:51] DEBUG: F1=0.000, EM=0.0, Overlap=0.000
[16:53:52] DEBUG: Generated='180 bc' vs Expected='1082'
[16:53:52] DEBUG: Overlap=0, Precision=0.000, Recall=0.000
[16:53:52] DEBUG: F1=0.000, EM=0.0, Overlap=0.000
[16:53:52] DEBUG: Generated='about a million men' vs Expected='30,000'
[16:53:52] DEBUG: Overlap=0, Precision=0.000, Recall=0.000
[16:53:52] DEBUG: F1=0.000, EM=0.0, Overlap=0.000
[16:53:53] DEBUG: Generated='in jaffa' vs Expected='deabolis'
[16:53:53] DEBUG: Overlap=0, Precision=0.000, Recall=0.000
[16:53:53] DEBUG: F1=0.000, EM=0.0, Overlap=0.000
[16:53:54] DEBUG: Generated='robert's son' vs Expected='bohemond'
[16:53:54] DEBUG: Overlap=0, Precision=0.000, Recall=0.000
[16:53:54] DEBUG: F1=0.000, EM=0.0, Overlap=0.000
[16:53:54]   Progress: 30/50 - Recent F1: 0.000
[16:53:55] DEBUG: Generated='river sita' vs Expected='deabolis'
[16:53:55] DEBUG: Overlap=0, Precision=0.000, Recall=0.000
[16:53:55] DEBUG: F1=0.000, EM=0.0, Overlap=0.000
[16:53:55] DEBUG: Generated='2018' vs Expected='1185'
[16:53:55] DEBUG: Overlap=0, Precision=0.000, Recall=0.000
[16:53:55] DEBUG: F1=0.000, EM=0.0, Overlap=0.000
[16:53:56] DEBUG: Generated='naval air station' vs Expected='dyrrachium'
[16:53:56] DEBUG: Overlap=0, Precision=0.000, Recall=0.000
[16:53:56] DEBUG: F1=0.000, EM=0.0, Overlap=0.000
[16:53:56] DEBUG: Generated='the fundamental question' vs Expected='the adriatic'
[16:53:56] DEBUG: Overlap=1, Precision=0.333, Recall=0.500
[16:53:56] DEBUG: F1=0.400, EM=0.0, Overlap=0.500
[16:53:57] DEBUG: Generated='mr. knightley' vs Expected='king ethelred ii'
[16:53:57] DEBUG: Overlap=0, Precision=0.000, Recall=0.000
[16:53:57] DEBUG: F1=0.000, EM=0.0, Overlap=0.000
[16:53:57] DEBUG: Generated='ellen' vs Expected='duke richard ii'
[16:53:57] DEBUG: Overlap=0, Precision=0.000, Recall=0.000
[16:53:57] DEBUG: F1=0.000, EM=0.0, Overlap=0.000
[16:53:58] DEBUG: Generated='to return to england' vs Expected='normandy'
[16:53:58] DEBUG: Overlap=0, Precision=0.000, Recall=0.000
[16:53:58] DEBUG: F1=0.000, EM=0.0, Overlap=0.000
[16:53:59] DEBUG: Generated='what turns you on?' vs Expected='sweyn forkbeard'
[16:53:59] DEBUG: Overlap=0, Precision=0.000, Recall=0.000
[16:53:59] DEBUG: F1=0.000, EM=0.0, Overlap=0.000
[16:53:59] DEBUG: Generated='the crux of the question' vs Expected='harthacnut'
[16:53:59] DEBUG: Overlap=0, Precision=0.000, Recall=0.000
[16:53:59] DEBUG: F1=0.000, EM=0.0, Overlap=0.000
[16:54:00] DEBUG: Generated='2018' vs Expected='1041'
[16:54:00] DEBUG: Overlap=0, Precision=0.000, Recall=0.000
[16:54:00] DEBUG: F1=0.000, EM=0.0, Overlap=0.000
[16:54:00]   Progress: 40/50 - Recent F1: 0.040
[16:54:01] DEBUG: Generated='who should be archbishop of canterbury' vs Expected='robert of jumièges'
[16:54:01] DEBUG: Overlap=1, Precision=0.167, Recall=0.333
[16:54:01] DEBUG: F1=0.222, EM=0.0, Overlap=0.333
[16:54:01] DEBUG: Generated='in the caribbean' vs Expected='battle of hastings'
[16:54:01] DEBUG: Overlap=0, Precision=0.000, Recall=0.000
[16:54:01] DEBUG: F1=0.000, EM=0.0, Overlap=0.000
[16:54:02] DEBUG: Generated='' vs Expected='william ii'
[16:54:02] DEBUG: F1=0.000, EM=0.0, Overlap=0.000
[16:54:03] DEBUG: Generated='14 october 1066' vs Expected='1066'
[16:54:03] DEBUG: Overlap=1, Precision=0.333, Recall=1.000
[16:54:03] DEBUG: F1=0.500, EM=0.0, Overlap=1.000
[16:54:03] DEBUG: Generated='the trojans' vs Expected='anglo-saxons'
[16:54:03] DEBUG: Overlap=0, Precision=0.000, Recall=0.000
[16:54:03] DEBUG: F1=0.000, EM=0.0, Overlap=0.000
[16:54:04] DEBUG: Generated='' vs Expected='modern english'
[16:54:04] DEBUG: F1=0.000, EM=0.0, Overlap=0.000
[16:54:05] DEBUG: Generated='1169' vs Expected='1169'
[16:54:05] DEBUG: Overlap=1, Precision=1.000, Recall=1.000
[16:54:05] DEBUG: F1=1.000, EM=1.0, Overlap=1.000
[16:54:05] DEBUG: Generated='england' vs Expected='ireland'
[16:54:05] DEBUG: Overlap=0, Precision=0.000, Recall=0.000
[16:54:05] DEBUG: F1=0.000, EM=0.0, Overlap=0.000
[16:54:06] DEBUG: Generated='irish' vs Expected='irish'
[16:54:06] DEBUG: Overlap=1, Precision=1.000, Recall=1.000
[16:54:06] DEBUG: F1=1.000, EM=1.0, Overlap=1.000
[16:54:06] DEBUG: Generated='eamonn' vs Expected='edgar'
[16:54:06] DEBUG: Overlap=0, Precision=0.000, Recall=0.000
[16:54:06] DEBUG: F1=0.000, EM=0.0, Overlap=0.000
[16:54:06]   Progress: 50/50 - Recent F1: 0.272
[16:54:06]    context_guided completed: F1=0.110, EM=0.060
[16:54:06] 
 Testing template: confident_direct
[16:54:07] DEBUG: Generated='france' vs Expected='france'
[16:54:07] DEBUG: Overlap=1, Precision=1.000, Recall=1.000
[16:54:07] DEBUG: F1=1.000, EM=1.0, Overlap=1.000
[16:54:08] DEBUG: Generated='10th century -- 15th century' vs Expected='10th and 11th centuries'
[16:54:08] DEBUG: Overlap=1, Precision=0.250, Recall=0.250
[16:54:08] DEBUG: F1=0.250, EM=0.0, Overlap=0.250
[16:54:08] DEBUG: Generated='iceland' vs Expected='denmark, iceland and norway'
[16:54:08] DEBUG: Overlap=1, Precision=1.000, Recall=0.250
[16:54:08] DEBUG: F1=0.400, EM=0.0, Overlap=0.250
[16:54:09] DEBUG: Generated='who was the norse leader' vs Expected='rollo'
[16:54:09] DEBUG: Overlap=0, Precision=0.000, Recall=0.000
[16:54:09] DEBUG: F1=0.000, EM=0.0, Overlap=0.000
[16:54:10] DEBUG: Generated='the ninth century' vs Expected='10th century'
[16:54:10] DEBUG: Overlap=1, Precision=0.333, Recall=0.500
[16:54:10] DEBUG: F1=0.400, EM=0.0, Overlap=0.500
[16:54:10] DEBUG: Generated='william' vs Expected='william the conqueror'
[16:54:10] DEBUG: Overlap=1, Precision=1.000, Recall=0.333
[16:54:10] DEBUG: F1=0.500, EM=0.0, Overlap=0.333
[16:54:11] DEBUG: Generated='the king of england' vs Expected='richard i'
[16:54:11] DEBUG: Overlap=0, Precision=0.000, Recall=0.000
[16:54:11] DEBUG: F1=0.000, EM=0.0, Overlap=0.000
[16:54:12] DEBUG: Generated='catholicism' vs Expected='catholic'
[16:54:12] DEBUG: Overlap=0, Precision=0.000, Recall=0.000
[16:54:12] DEBUG: F1=0.000, EM=0.0, Overlap=0.000
[16:54:12] DEBUG: Generated='north' vs Expected='viking'
[16:54:12] DEBUG: Overlap=0, Precision=0.000, Recall=0.000
[16:54:12] DEBUG: F1=0.000, EM=0.0, Overlap=0.000
[16:54:13] DEBUG: Generated='in 1024' vs Expected='9th century'
[16:54:13] DEBUG: Overlap=0, Precision=0.000, Recall=0.000
[16:54:13] DEBUG: F1=0.000, EM=0.0, Overlap=0.000
[16:54:13]   Progress: 10/50 - Recent F1: 0.255
[16:54:14] DEBUG: Generated='1066' vs Expected='911'
[16:54:14] DEBUG: Overlap=0, Precision=0.000, Recall=0.000
[16:54:14] DEBUG: F1=0.000, EM=0.0, Overlap=0.000
[16:54:14] DEBUG: Generated='charles the simple' vs Expected='king charles iii'
[16:54:14] DEBUG: Overlap=1, Precision=0.333, Recall=0.333
[16:54:14] DEBUG: F1=0.333, EM=0.0, Overlap=0.333
[16:54:15] DEBUG: Generated='river of british columbia' vs Expected='seine'
[16:54:15] DEBUG: Overlap=0, Precision=0.000, Recall=0.000
[16:54:15] DEBUG: F1=0.000, EM=0.0, Overlap=0.000
[16:54:16] DEBUG: Generated='the normans' vs Expected='rollo'
[16:54:16] DEBUG: Overlap=0, Precision=0.000, Recall=0.000
[16:54:16] DEBUG: F1=0.000, EM=0.0, Overlap=0.000
[16:54:16] DEBUG: Generated='islam' vs Expected='catholicism'
[16:54:16] DEBUG: Overlap=0, Precision=0.000, Recall=0.000
[16:54:16] DEBUG: F1=0.000, EM=0.0, Overlap=0.000
[16:54:17] DEBUG: Generated='normandy' vs Expected='north'
[16:54:17] DEBUG: Overlap=0, Precision=0.000, Recall=0.000
[16:54:17] DEBUG: F1=0.000, EM=0.0, Overlap=0.000
[16:54:17] DEBUG: Generated='cloth' vs Expected='fighting horsemen'
[16:54:17] DEBUG: Overlap=0, Precision=0.000, Recall=0.000
[16:54:17] DEBUG: F1=0.000, EM=0.0, Overlap=0.000
[16:54:18] DEBUG: Generated='byzantine empire' vs Expected='seljuk turks'
[16:54:18] DEBUG: Overlap=0, Precision=0.000, Recall=0.000
[16:54:18] DEBUG: F1=0.000, EM=0.0, Overlap=0.000
[16:54:19] DEBUG: Generated='during the byzantine war' vs Expected='1050s'
[16:54:19] DEBUG: Overlap=0, Precision=0.000, Recall=0.000
[16:54:19] DEBUG: F1=0.000, EM=0.0, Overlap=0.000
[16:54:20] DEBUG: Generated='2003' vs Expected='1060s'
[16:54:20] DEBUG: Overlap=0, Precision=0.000, Recall=0.000
[16:54:20] DEBUG: F1=0.000, EM=0.0, Overlap=0.000
[16:54:20]   Progress: 20/50 - Recent F1: 0.033
[16:54:20] DEBUG: Generated='oliver cromwell' vs Expected='alexius komnenos'
[16:54:20] DEBUG: Overlap=0, Precision=0.000, Recall=0.000
[16:54:20] DEBUG: F1=0.000, EM=0.0, Overlap=0.000
[16:54:21] DEBUG: Generated='château paris' vs Expected='afranji'
[16:54:21] DEBUG: Overlap=0, Precision=0.000, Recall=0.000
[16:54:21] DEBUG: F1=0.000, EM=0.0, Overlap=0.000
[16:54:22] DEBUG: Generated='theudebert i' vs Expected='oursel'
[16:54:22] DEBUG: Overlap=0, Precision=0.000, Recall=0.000
[16:54:22] DEBUG: F1=0.000, EM=0.0, Overlap=0.000
[16:54:22] DEBUG: Generated='turkey' vs Expected='turkish forces'
[16:54:22] DEBUG: Overlap=0, Precision=0.000, Recall=0.000
[16:54:22] DEBUG: F1=0.000, EM=0.0, Overlap=0.000
[16:54:23] DEBUG: Generated='answers the question' vs Expected='norman mercenary'
[16:54:23] DEBUG: Overlap=0, Precision=0.000, Recall=0.000
[16:54:23] DEBUG: F1=0.000, EM=0.0, Overlap=0.000
[16:54:24] DEBUG: Generated='tobey' vs Expected='robert guiscard'
[16:54:24] DEBUG: Overlap=0, Precision=0.000, Recall=0.000
[16:54:24] DEBUG: F1=0.000, EM=0.0, Overlap=0.000
[16:54:24] DEBUG: Generated='2011' vs Expected='1082'
[16:54:24] DEBUG: Overlap=0, Precision=0.000, Recall=0.000
[16:54:24] DEBUG: F1=0.000, EM=0.0, Overlap=0.000
[16:54:25] DEBUG: Generated='350,000 and 150,000' vs Expected='30,000'
[16:54:25] DEBUG: Overlap=0, Precision=0.000, Recall=0.000
[16:54:25] DEBUG: F1=0.000, EM=0.0, Overlap=0.000
[16:54:25] DEBUG: Generated='constantinople' vs Expected='deabolis'
[16:54:25] DEBUG: Overlap=0, Precision=0.000, Recall=0.000
[16:54:25] DEBUG: F1=0.000, EM=0.0, Overlap=0.000
[16:54:26] DEBUG: Generated='steffon' vs Expected='bohemond'
[16:54:26] DEBUG: Overlap=0, Precision=0.000, Recall=0.000
[16:54:26] DEBUG: F1=0.000, EM=0.0, Overlap=0.000
[16:54:26]   Progress: 30/50 - Recent F1: 0.000
[16:54:27] DEBUG: Generated='river sita' vs Expected='deabolis'
[16:54:27] DEBUG: Overlap=0, Precision=0.000, Recall=0.000
[16:54:27] DEBUG: F1=0.000, EM=0.0, Overlap=0.000
[16:54:27] DEBUG: Generated='2014' vs Expected='1185'
[16:54:27] DEBUG: Overlap=0, Precision=0.000, Recall=0.000
[16:54:27] DEBUG: F1=0.000, EM=0.0, Overlap=0.000
[16:54:28] DEBUG: Generated='guantanamo bay' vs Expected='dyrrachium'
[16:54:28] DEBUG: Overlap=0, Precision=0.000, Recall=0.000
[16:54:28] DEBUG: F1=0.000, EM=0.0, Overlap=0.000
[16:54:29] DEBUG: Generated='north america' vs Expected='the adriatic'
[16:54:29] DEBUG: Overlap=0, Precision=0.000, Recall=0.000
[16:54:29] DEBUG: F1=0.000, EM=0.0, Overlap=0.000
[16:54:29] DEBUG: Generated='matt willis' vs Expected='king ethelred ii'
[16:54:29] DEBUG: Overlap=0, Precision=0.000, Recall=0.000
[16:54:29] DEBUG: F1=0.000, EM=0.0, Overlap=0.000
[16:54:30] DEBUG: Generated='elliot reeve' vs Expected='duke richard ii'
[16:54:30] DEBUG: Overlap=0, Precision=0.000, Recall=0.000
[16:54:30] DEBUG: F1=0.000, EM=0.0, Overlap=0.000
[16:54:31] DEBUG: Generated='to return to england' vs Expected='normandy'
[16:54:31] DEBUG: Overlap=0, Precision=0.000, Recall=0.000
[16:54:31] DEBUG: F1=0.000, EM=0.0, Overlap=0.000
[16:54:31] DEBUG: Generated='the old man' vs Expected='sweyn forkbeard'
[16:54:31] DEBUG: Overlap=0, Precision=0.000, Recall=0.000
[16:54:31] DEBUG: F1=0.000, EM=0.0, Overlap=0.000
[16:54:32] DEBUG: Generated='' vs Expected='harthacnut'
[16:54:32] DEBUG: F1=0.000, EM=0.0, Overlap=0.000
[16:54:32] DEBUG: Generated='2006' vs Expected='1041'
[16:54:32] DEBUG: Overlap=0, Precision=0.000, Recall=0.000
[16:54:32] DEBUG: F1=0.000, EM=0.0, Overlap=0.000
[16:54:32]   Progress: 40/50 - Recent F1: 0.000
[16:54:33] DEBUG: Generated='the pope' vs Expected='robert of jumièges'
[16:54:33] DEBUG: Overlap=0, Precision=0.000, Recall=0.000
[16:54:33] DEBUG: F1=0.000, EM=0.0, Overlap=0.000
[16:54:34] DEBUG: Generated='at the battle of hastings' vs Expected='battle of hastings'
[16:54:34] DEBUG: Overlap=3, Precision=0.600, Recall=1.000
[16:54:34] DEBUG: F1=0.750, EM=0.0, Overlap=1.000
[16:54:34] DEBUG: Generated='henshaw' vs Expected='william ii'
[16:54:34] DEBUG: Overlap=0, Precision=0.000, Recall=0.000
[16:54:34] DEBUG: F1=0.000, EM=0.0, Overlap=0.000
[16:54:35] DEBUG: Generated='14 october 1066' vs Expected='1066'
[16:54:35] DEBUG: Overlap=1, Precision=0.333, Recall=1.000
[16:54:35] DEBUG: F1=0.500, EM=0.0, Overlap=1.000
[16:54:35] DEBUG: Generated='the monarchy' vs Expected='anglo-saxons'
[16:54:35] DEBUG: Overlap=0, Precision=0.000, Recall=0.000
[16:54:35] DEBUG: F1=0.000, EM=0.0, Overlap=0.000
[16:54:36] DEBUG: Generated='' vs Expected='modern english'
[16:54:36] DEBUG: F1=0.000, EM=0.0, Overlap=0.000
[16:54:36] DEBUG: Generated='1169' vs Expected='1169'
[16:54:36] DEBUG: Overlap=1, Precision=1.000, Recall=1.000
[16:54:36] DEBUG: F1=1.000, EM=1.0, Overlap=1.000
[16:54:37] DEBUG: Generated='england' vs Expected='ireland'
[16:54:37] DEBUG: Overlap=0, Precision=0.000, Recall=0.000
[16:54:37] DEBUG: F1=0.000, EM=0.0, Overlap=0.000
[16:54:37] DEBUG: Generated='irish' vs Expected='irish'
[16:54:37] DEBUG: Overlap=1, Precision=1.000, Recall=1.000
[16:54:37] DEBUG: F1=1.000, EM=1.0, Overlap=1.000
[16:54:38] DEBUG: Generated='philip' vs Expected='edgar'
[16:54:38] DEBUG: Overlap=0, Precision=0.000, Recall=0.000
[16:54:38] DEBUG: F1=0.000, EM=0.0, Overlap=0.000
[16:54:38]   Progress: 50/50 - Recent F1: 0.325
[16:54:38]    confident_direct completed: F1=0.123, EM=0.060
[16:54:38] 
 Testing template: structured_response
[16:54:38] DEBUG: Generated='france' vs Expected='france'
[16:54:38] DEBUG: Overlap=1, Precision=1.000, Recall=1.000
[16:54:38] DEBUG: F1=1.000, EM=1.0, Overlap=1.000
[16:54:39] DEBUG: Generated='between the 10th and 13th centuries' vs Expected='10th and 11th centuries'
[16:54:39] DEBUG: Overlap=3, Precision=0.500, Recall=0.750
[16:54:39] DEBUG: F1=0.600, EM=0.0, Overlap=0.750
[16:54:39] DEBUG: Generated='iceland' vs Expected='denmark, iceland and norway'
[16:54:39] DEBUG: Overlap=1, Precision=1.000, Recall=0.250
[16:54:39] DEBUG: F1=0.400, EM=0.0, Overlap=0.250
[16:54:40] DEBUG: Generated='the norse leader' vs Expected='rollo'
[16:54:40] DEBUG: Overlap=0, Precision=0.000, Recall=0.000
[16:54:40] DEBUG: F1=0.000, EM=0.0, Overlap=0.000
[16:54:41] DEBUG: Generated='the european renaissance' vs Expected='10th century'
[16:54:41] DEBUG: Overlap=0, Precision=0.000, Recall=0.000
[16:54:41] DEBUG: F1=0.000, EM=0.0, Overlap=0.000
[16:54:42] DEBUG: Generated='the duke of normandy' vs Expected='william the conqueror'
[16:54:42] DEBUG: Overlap=1, Precision=0.250, Recall=0.333
[16:54:42] DEBUG: F1=0.286, EM=0.0, Overlap=0.333
[16:54:42] DEBUG: Generated='king' vs Expected='richard i'
[16:54:42] DEBUG: Overlap=0, Precision=0.000, Recall=0.000
[16:54:42] DEBUG: F1=0.000, EM=0.0, Overlap=0.000
[16:54:43] DEBUG: Generated='islam' vs Expected='catholic'
[16:54:43] DEBUG: Overlap=0, Precision=0.000, Recall=0.000
[16:54:43] DEBUG: F1=0.000, EM=0.0, Overlap=0.000
[16:54:44] DEBUG: Generated='what turns you on?' vs Expected='viking'
[16:54:44] DEBUG: Overlap=0, Precision=0.000, Recall=0.000
[16:54:44] DEBUG: F1=0.000, EM=0.0, Overlap=0.000
[16:54:44] DEBUG: Generated='in 1024' vs Expected='9th century'
[16:54:44] DEBUG: Overlap=0, Precision=0.000, Recall=0.000
[16:54:44] DEBUG: F1=0.000, EM=0.0, Overlap=0.000
[16:54:44]   Progress: 10/50 - Recent F1: 0.229
[16:54:45] DEBUG: Generated='987' vs Expected='911'
[16:54:45] DEBUG: Overlap=0, Precision=0.000, Recall=0.000
[16:54:45] DEBUG: F1=0.000, EM=0.0, Overlap=0.000
[16:54:46] DEBUG: Generated='the franks' vs Expected='king charles iii'
[16:54:46] DEBUG: Overlap=0, Precision=0.000, Recall=0.000
[16:54:46] DEBUG: F1=0.000, EM=0.0, Overlap=0.000
[16:54:46] DEBUG: Generated='the rio de janeiro' vs Expected='seine'
[16:54:46] DEBUG: Overlap=0, Precision=0.000, Recall=0.000
[16:54:46] DEBUG: F1=0.000, EM=0.0, Overlap=0.000
[16:54:47] DEBUG: Generated='the question' vs Expected='rollo'
[16:54:47] DEBUG: Overlap=0, Precision=0.000, Recall=0.000
[16:54:47] DEBUG: F1=0.000, EM=0.0, Overlap=0.000
[16:54:48] DEBUG: Generated='islam' vs Expected='catholicism'
[16:54:48] DEBUG: Overlap=0, Precision=0.000, Recall=0.000
[16:54:48] DEBUG: F1=0.000, EM=0.0, Overlap=0.000
[16:54:48] DEBUG: Generated='northern france' vs Expected='north'
[16:54:48] DEBUG: Overlap=0, Precision=0.000, Recall=0.000
[16:54:48] DEBUG: F1=0.000, EM=0.0, Overlap=0.000
[16:54:49] DEBUG: Generated='foodstuffs' vs Expected='fighting horsemen'
[16:54:49] DEBUG: Overlap=0, Precision=0.000, Recall=0.000
[16:54:49] DEBUG: F1=0.000, EM=0.0, Overlap=0.000
[16:54:50] DEBUG: Generated='byzantine empire' vs Expected='seljuk turks'
[16:54:50] DEBUG: Overlap=0, Precision=0.000, Recall=0.000
[16:54:50] DEBUG: F1=0.000, EM=0.0, Overlap=0.000
[16:54:50] DEBUG: Generated='1984 -- 86' vs Expected='1050s'
[16:54:50] DEBUG: Overlap=0, Precision=0.000, Recall=0.000
[16:54:50] DEBUG: F1=0.000, EM=0.0, Overlap=0.000
[16:54:51] DEBUG: Generated='2017' vs Expected='1060s'
[16:54:51] DEBUG: Overlap=0, Precision=0.000, Recall=0.000
[16:54:51] DEBUG: F1=0.000, EM=0.0, Overlap=0.000
[16:54:51]   Progress: 20/50 - Recent F1: 0.000
[16:54:51] DEBUG: Generated='his idea of kingship' vs Expected='alexius komnenos'
[16:54:51] DEBUG: Overlap=0, Precision=0.000, Recall=0.000
[16:54:51] DEBUG: F1=0.000, EM=0.0, Overlap=0.000
[16:54:52] DEBUG: Generated='the classic roman republic' vs Expected='afranji'
[16:54:52] DEBUG: Overlap=0, Precision=0.000, Recall=0.000
[16:54:52] DEBUG: F1=0.000, EM=0.0, Overlap=0.000
[16:54:53] DEBUG: Generated='charles martel' vs Expected='oursel'
[16:54:53] DEBUG: Overlap=0, Precision=0.000, Recall=0.000
[16:54:53] DEBUG: F1=0.000, EM=0.0, Overlap=0.000
[16:54:54] DEBUG: Generated='turkey' vs Expected='turkish forces'
[16:54:54] DEBUG: Overlap=0, Precision=0.000, Recall=0.000
[16:54:54] DEBUG: F1=0.000, EM=0.0, Overlap=0.000
[16:54:54] DEBUG: Generated='norman origin' vs Expected='norman mercenary'
[16:54:54] DEBUG: Overlap=1, Precision=0.500, Recall=0.500
[16:54:54] DEBUG: F1=0.500, EM=0.0, Overlap=0.500
[16:54:55] DEBUG: Generated='( last ) frederick iii' vs Expected='robert guiscard'
[16:54:55] DEBUG: Overlap=0, Precision=0.000, Recall=0.000
[16:54:55] DEBUG: F1=0.000, EM=0.0, Overlap=0.000
[16:54:56] DEBUG: Generated='what turns you on?' vs Expected='1082'
[16:54:56] DEBUG: Overlap=0, Precision=0.000, Recall=0.000
[16:54:56] DEBUG: F1=0.000, EM=0.0, Overlap=0.000
[16:54:56] DEBUG: Generated='3,000 infantry and 300 horsemen' vs Expected='30,000'
[16:54:56] DEBUG: Overlap=0, Precision=0.000, Recall=0.000
[16:54:56] DEBUG: F1=0.000, EM=0.0, Overlap=0.000
[16:54:57] DEBUG: Generated='constantinople' vs Expected='deabolis'
[16:54:57] DEBUG: Overlap=0, Precision=0.000, Recall=0.000
[16:54:57] DEBUG: F1=0.000, EM=0.0, Overlap=0.000
[16:54:58] DEBUG: Generated='robert's son' vs Expected='bohemond'
[16:54:58] DEBUG: Overlap=0, Precision=0.000, Recall=0.000
[16:54:58] DEBUG: F1=0.000, EM=0.0, Overlap=0.000
[16:54:58]   Progress: 30/50 - Recent F1: 0.050
[16:54:58] DEBUG: Generated='river sitka' vs Expected='deabolis'
[16:54:58] DEBUG: Overlap=0, Precision=0.000, Recall=0.000
[16:54:58] DEBUG: F1=0.000, EM=0.0, Overlap=0.000
[16:54:59] DEBUG: Generated='the battle of dyrrachium' vs Expected='1185'
[16:54:59] DEBUG: Overlap=0, Precision=0.000, Recall=0.000
[16:54:59] DEBUG: F1=0.000, EM=0.0, Overlap=0.000
[16:55:00] DEBUG: Generated='naval base or fort' vs Expected='dyrrachium'
[16:55:00] DEBUG: Overlap=0, Precision=0.000, Recall=0.000
[16:55:00] DEBUG: F1=0.000, EM=0.0, Overlap=0.000
[16:55:01] DEBUG: Generated='the fundamental question' vs Expected='the adriatic'
[16:55:01] DEBUG: Overlap=1, Precision=0.333, Recall=0.500
[16:55:01] DEBUG: F1=0.400, EM=0.0, Overlap=0.500
[16:55:01] DEBUG: Generated='the question' vs Expected='king ethelred ii'
[16:55:01] DEBUG: Overlap=0, Precision=0.000, Recall=0.000
[16:55:01] DEBUG: F1=0.000, EM=0.0, Overlap=0.000
[16:55:02] DEBUG: Generated='the fundamental question' vs Expected='duke richard ii'
[16:55:02] DEBUG: Overlap=0, Precision=0.000, Recall=0.000
[16:55:02] DEBUG: F1=0.000, EM=0.0, Overlap=0.000
[16:55:02] DEBUG: Generated='the king's question' vs Expected='normandy'
[16:55:02] DEBUG: Overlap=0, Precision=0.000, Recall=0.000
[16:55:02] DEBUG: F1=0.000, EM=0.0, Overlap=0.000
[16:55:03] DEBUG: Generated='ethelred' vs Expected='sweyn forkbeard'
[16:55:03] DEBUG: Overlap=0, Precision=0.000, Recall=0.000
[16:55:03] DEBUG: F1=0.000, EM=0.0, Overlap=0.000
[16:55:04] DEBUG: Generated='patrick' vs Expected='harthacnut'
[16:55:04] DEBUG: Overlap=0, Precision=0.000, Recall=0.000
[16:55:04] DEBUG: F1=0.000, EM=0.0, Overlap=0.000
[16:55:04] DEBUG: Generated='1998' vs Expected='1041'
[16:55:04] DEBUG: Overlap=0, Precision=0.000, Recall=0.000
[16:55:04] DEBUG: F1=0.000, EM=0.0, Overlap=0.000
[16:55:04]   Progress: 40/50 - Recent F1: 0.040
[16:55:05] DEBUG: Generated='the question' vs Expected='robert of jumièges'
[16:55:05] DEBUG: Overlap=0, Precision=0.000, Recall=0.000
[16:55:05] DEBUG: F1=0.000, EM=0.0, Overlap=0.000
[16:55:06] DEBUG: Generated='in the caribbean' vs Expected='battle of hastings'
[16:55:06] DEBUG: Overlap=0, Precision=0.000, Recall=0.000
[16:55:06] DEBUG: F1=0.000, EM=0.0, Overlap=0.000
[16:55:06] DEBUG: Generated='who' vs Expected='william ii'
[16:55:06] DEBUG: Overlap=0, Precision=0.000, Recall=0.000
[16:55:06] DEBUG: F1=0.000, EM=0.0, Overlap=0.000
[16:55:07] DEBUG: Generated='1887' vs Expected='1066'
[16:55:07] DEBUG: Overlap=0, Precision=0.000, Recall=0.000
[16:55:07] DEBUG: F1=0.000, EM=0.0, Overlap=0.000
[16:55:07] DEBUG: Generated='the bourgeoisie' vs Expected='anglo-saxons'
[16:55:07] DEBUG: Overlap=0, Precision=0.000, Recall=0.000
[16:55:07] DEBUG: F1=0.000, EM=0.0, Overlap=0.000
[16:55:08] DEBUG: Generated='english' vs Expected='modern english'
[16:55:08] DEBUG: Overlap=1, Precision=1.000, Recall=0.500
[16:55:08] DEBUG: F1=0.667, EM=0.0, Overlap=0.500
[16:55:09] DEBUG: Generated='1169' vs Expected='1169'
[16:55:09] DEBUG: Overlap=1, Precision=1.000, Recall=1.000
[16:55:09] DEBUG: F1=1.000, EM=1.0, Overlap=1.000
[16:55:09] DEBUG: Generated='england' vs Expected='ireland'
[16:55:09] DEBUG: Overlap=0, Precision=0.000, Recall=0.000
[16:55:09] DEBUG: F1=0.000, EM=0.0, Overlap=0.000
[16:55:10] DEBUG: Generated='irish' vs Expected='irish'
[16:55:10] DEBUG: Overlap=1, Precision=1.000, Recall=1.000
[16:55:10] DEBUG: F1=1.000, EM=1.0, Overlap=1.000
[16:55:11] DEBUG: Generated='patrick' vs Expected='edgar'
[16:55:11] DEBUG: Overlap=0, Precision=0.000, Recall=0.000
[16:55:11] DEBUG: F1=0.000, EM=0.0, Overlap=0.000
[16:55:11]   Progress: 50/50 - Recent F1: 0.267
[16:55:11]    structured_response completed: F1=0.117, EM=0.060
[16:55:11] 
 Testing template: basic
[16:55:11] DEBUG: Generated='france' vs Expected='france'
[16:55:11] DEBUG: Overlap=1, Precision=1.000, Recall=1.000
[16:55:11] DEBUG: F1=1.000, EM=1.0, Overlap=1.000
[16:55:12] DEBUG: Generated='9th century -- 9th century' vs Expected='10th and 11th centuries'
[16:55:12] DEBUG: Overlap=0, Precision=0.000, Recall=0.000
[16:55:12] DEBUG: F1=0.000, EM=0.0, Overlap=0.000
[16:55:13] DEBUG: Generated='sweden' vs Expected='denmark, iceland and norway'
[16:55:13] DEBUG: Overlap=0, Precision=0.000, Recall=0.000
[16:55:13] DEBUG: F1=0.000, EM=0.0, Overlap=0.000
[16:55:13] DEBUG: Generated='cnut' vs Expected='rollo'
[16:55:13] DEBUG: Overlap=0, Precision=0.000, Recall=0.000
[16:55:13] DEBUG: F1=0.000, EM=0.0, Overlap=0.000
[16:55:14] DEBUG: Generated='the ninth century' vs Expected='10th century'
[16:55:14] DEBUG: Overlap=1, Precision=0.333, Recall=0.500
[16:55:14] DEBUG: F1=0.400, EM=0.0, Overlap=0.500
[16:55:15] DEBUG: Generated='william' vs Expected='william the conqueror'
[16:55:15] DEBUG: Overlap=1, Precision=1.000, Recall=0.333
[16:55:15] DEBUG: F1=0.500, EM=0.0, Overlap=0.333
[16:55:16] DEBUG: Generated='king charles iii of west francia' vs Expected='richard i'
[16:55:16] DEBUG: Overlap=0, Precision=0.000, Recall=0.000
[16:55:16] DEBUG: F1=0.000, EM=0.0, Overlap=0.000
[16:55:16] DEBUG: Generated='catholicism' vs Expected='catholic'
[16:55:16] DEBUG: Overlap=0, Precision=0.000, Recall=0.000
[16:55:16] DEBUG: F1=0.000, EM=0.0, Overlap=0.000
[16:55:17] DEBUG: Generated='north' vs Expected='viking'
[16:55:17] DEBUG: Overlap=0, Precision=0.000, Recall=0.000
[16:55:17] DEBUG: F1=0.000, EM=0.0, Overlap=0.000
[16:55:17] DEBUG: Generated='1024' vs Expected='9th century'
[16:55:17] DEBUG: Overlap=0, Precision=0.000, Recall=0.000
[16:55:17] DEBUG: F1=0.000, EM=0.0, Overlap=0.000
[16:55:17]   Progress: 10/50 - Recent F1: 0.190
[16:55:18] DEBUG: Generated='1066' vs Expected='911'
[16:55:18] DEBUG: Overlap=0, Precision=0.000, Recall=0.000
[16:55:18] DEBUG: F1=0.000, EM=0.0, Overlap=0.000
[16:55:19] DEBUG: Generated='charles the simple' vs Expected='king charles iii'
[16:55:19] DEBUG: Overlap=1, Precision=0.333, Recall=0.333
[16:55:19] DEBUG: F1=0.333, EM=0.0, Overlap=0.333
[16:55:19] DEBUG: Generated='elbe' vs Expected='seine'
[16:55:19] DEBUG: Overlap=0, Precision=0.000, Recall=0.000
[16:55:19] DEBUG: F1=0.000, EM=0.0, Overlap=0.000
[16:55:20] DEBUG: Generated='the byzantines' vs Expected='rollo'
[16:55:20] DEBUG: Overlap=0, Precision=0.000, Recall=0.000
[16:55:20] DEBUG: F1=0.000, EM=0.0, Overlap=0.000
[16:55:21] DEBUG: Generated='catholicism' vs Expected='catholicism'
[16:55:21] DEBUG: Overlap=1, Precision=1.000, Recall=1.000
[16:55:21] DEBUG: F1=1.000, EM=1.0, Overlap=1.000
[16:55:21] DEBUG: Generated='west france' vs Expected='north'
[16:55:21] DEBUG: Overlap=0, Precision=0.000, Recall=0.000
[16:55:21] DEBUG: F1=0.000, EM=0.0, Overlap=0.000
[16:55:22] DEBUG: Generated='cloth' vs Expected='fighting horsemen'
[16:55:22] DEBUG: Overlap=0, Precision=0.000, Recall=0.000
[16:55:22] DEBUG: F1=0.000, EM=0.0, Overlap=0.000
[16:55:22] DEBUG: Generated='hohenstaufen' vs Expected='seljuk turks'
[16:55:22] DEBUG: Overlap=0, Precision=0.000, Recall=0.000
[16:55:22] DEBUG: F1=0.000, EM=0.0, Overlap=0.000
[16:55:23] DEBUG: Generated='1984 -- 86' vs Expected='1050s'
[16:55:23] DEBUG: Overlap=0, Precision=0.000, Recall=0.000
[16:55:23] DEBUG: F1=0.000, EM=0.0, Overlap=0.000
[16:55:23] DEBUG: Generated='862' vs Expected='1060s'
[16:55:23] DEBUG: Overlap=0, Precision=0.000, Recall=0.000
[16:55:23] DEBUG: F1=0.000, EM=0.0, Overlap=0.000
[16:55:23]   Progress: 20/50 - Recent F1: 0.133
[16:55:24] DEBUG: Generated='henshaw' vs Expected='alexius komnenos'
[16:55:24] DEBUG: Overlap=0, Precision=0.000, Recall=0.000
[16:55:24] DEBUG: F1=0.000, EM=0.0, Overlap=0.000
[16:55:25] DEBUG: Generated='neath castle' vs Expected='afranji'
[16:55:25] DEBUG: Overlap=0, Precision=0.000, Recall=0.000
[16:55:25] DEBUG: F1=0.000, EM=0.0, Overlap=0.000
[16:55:25] DEBUG: Generated='theudebert i' vs Expected='oursel'
[16:55:25] DEBUG: Overlap=0, Precision=0.000, Recall=0.000
[16:55:25] DEBUG: F1=0.000, EM=0.0, Overlap=0.000
[16:55:26] DEBUG: Generated='turkey' vs Expected='turkish forces'
[16:55:26] DEBUG: Overlap=0, Precision=0.000, Recall=0.000
[16:55:26] DEBUG: F1=0.000, EM=0.0, Overlap=0.000
[16:55:27] DEBUG: Generated='english' vs Expected='norman mercenary'
[16:55:27] DEBUG: Overlap=0, Precision=0.000, Recall=0.000
[16:55:27] DEBUG: F1=0.000, EM=0.0, Overlap=0.000
[16:55:28] DEBUG: Generated='( last ) frederick iii' vs Expected='robert guiscard'
[16:55:28] DEBUG: Overlap=0, Precision=0.000, Recall=0.000
[16:55:28] DEBUG: F1=0.000, EM=0.0, Overlap=0.000
[16:55:28] DEBUG: Generated='10th century' vs Expected='1082'
[16:55:28] DEBUG: Overlap=0, Precision=0.000, Recall=0.000
[16:55:28] DEBUG: F1=0.000, EM=0.0, Overlap=0.000
[16:55:29] DEBUG: Generated='1,000,000' vs Expected='30,000'
[16:55:29] DEBUG: Overlap=0, Precision=0.000, Recall=0.000
[16:55:29] DEBUG: F1=0.000, EM=0.0, Overlap=0.000
[16:55:30] DEBUG: Generated='constantinople' vs Expected='deabolis'
[16:55:30] DEBUG: Overlap=0, Precision=0.000, Recall=0.000
[16:55:30] DEBUG: F1=0.000, EM=0.0, Overlap=0.000
[16:55:30] DEBUG: Generated='steffon' vs Expected='bohemond'
[16:55:30] DEBUG: Overlap=0, Precision=0.000, Recall=0.000
[16:55:30] DEBUG: F1=0.000, EM=0.0, Overlap=0.000
[16:55:30]   Progress: 30/50 - Recent F1: 0.000
[16:55:31] DEBUG: Generated='river irwell' vs Expected='deabolis'
[16:55:31] DEBUG: Overlap=0, Precision=0.000, Recall=0.000
[16:55:31] DEBUG: F1=0.000, EM=0.0, Overlap=0.000
[16:55:32] DEBUG: Generated='october 1174' vs Expected='1185'
[16:55:32] DEBUG: Overlap=0, Precision=0.000, Recall=0.000
[16:55:32] DEBUG: F1=0.000, EM=0.0, Overlap=0.000
[16:55:32] DEBUG: Generated='guantanamo bay naval base' vs Expected='dyrrachium'
[16:55:32] DEBUG: Overlap=0, Precision=0.000, Recall=0.000
[16:55:32] DEBUG: F1=0.000, EM=0.0, Overlap=0.000
[16:55:33] DEBUG: Generated='canada' vs Expected='the adriatic'
[16:55:33] DEBUG: Overlap=0, Precision=0.000, Recall=0.000
[16:55:33] DEBUG: F1=0.000, EM=0.0, Overlap=0.000
[16:55:34] DEBUG: Generated='will arnett' vs Expected='king ethelred ii'
[16:55:34] DEBUG: Overlap=0, Precision=0.000, Recall=0.000
[16:55:34] DEBUG: F1=0.000, EM=0.0, Overlap=0.000
[16:55:34] DEBUG: Generated='bradley spencer' vs Expected='duke richard ii'
[16:55:34] DEBUG: Overlap=0, Precision=0.000, Recall=0.000
[16:55:34] DEBUG: F1=0.000, EM=0.0, Overlap=0.000
[16:55:35] DEBUG: Generated='fled to be with ethelred' vs Expected='normandy'
[16:55:35] DEBUG: Overlap=0, Precision=0.000, Recall=0.000
[16:55:35] DEBUG: F1=0.000, EM=0.0, Overlap=0.000
[16:55:36] DEBUG: Generated='howard' vs Expected='sweyn forkbeard'
[16:55:36] DEBUG: Overlap=0, Precision=0.000, Recall=0.000
[16:55:36] DEBUG: F1=0.000, EM=0.0, Overlap=0.000
[16:55:36] DEBUG: Generated='edmund irons' vs Expected='harthacnut'
[16:55:36] DEBUG: Overlap=0, Precision=0.000, Recall=0.000
[16:55:36] DEBUG: F1=0.000, EM=0.0, Overlap=0.000
[16:55:37] DEBUG: Generated='1357' vs Expected='1041'
[16:55:37] DEBUG: Overlap=0, Precision=0.000, Recall=0.000
[16:55:37] DEBUG: F1=0.000, EM=0.0, Overlap=0.000
[16:55:37]   Progress: 40/50 - Recent F1: 0.000
[16:55:37] DEBUG: Generated='himself' vs Expected='robert of jumièges'
[16:55:37] DEBUG: Overlap=0, Precision=0.000, Recall=0.000
[16:55:37] DEBUG: F1=0.000, EM=0.0, Overlap=0.000
[16:55:38] DEBUG: Generated='at the battle of hastings' vs Expected='battle of hastings'
[16:55:38] DEBUG: Overlap=3, Precision=0.600, Recall=1.000
[16:55:38] DEBUG: F1=0.750, EM=0.0, Overlap=1.000
[16:55:39] DEBUG: Generated='william the conqueror' vs Expected='william ii'
[16:55:39] DEBUG: Overlap=1, Precision=0.333, Recall=0.500
[16:55:39] DEBUG: F1=0.400, EM=0.0, Overlap=0.500
[16:55:39] DEBUG: Generated='14 october 1066' vs Expected='1066'
[16:55:39] DEBUG: Overlap=1, Precision=0.333, Recall=1.000
[16:55:39] DEBUG: F1=0.500, EM=0.0, Overlap=1.000
[16:55:40] DEBUG: Generated='the bourgeoisie' vs Expected='anglo-saxons'
[16:55:40] DEBUG: Overlap=0, Precision=0.000, Recall=0.000
[16:55:40] DEBUG: F1=0.000, EM=0.0, Overlap=0.000
[16:55:40] DEBUG: Generated='middle english' vs Expected='modern english'
[16:55:40] DEBUG: Overlap=1, Precision=0.500, Recall=0.500
[16:55:40] DEBUG: F1=0.500, EM=0.0, Overlap=0.500
[16:55:41] DEBUG: Generated='1169' vs Expected='1169'
[16:55:41] DEBUG: Overlap=1, Precision=1.000, Recall=1.000
[16:55:41] DEBUG: F1=1.000, EM=1.0, Overlap=1.000
[16:55:42] DEBUG: Generated='england' vs Expected='ireland'
[16:55:42] DEBUG: Overlap=0, Precision=0.000, Recall=0.000
[16:55:42] DEBUG: F1=0.000, EM=0.0, Overlap=0.000
[16:55:42] DEBUG: Generated='irish' vs Expected='irish'
[16:55:42] DEBUG: Overlap=1, Precision=1.000, Recall=1.000
[16:55:42] DEBUG: F1=1.000, EM=1.0, Overlap=1.000
[16:55:43] DEBUG: Generated='philip' vs Expected='edgar'
[16:55:43] DEBUG: Overlap=0, Precision=0.000, Recall=0.000
[16:55:43] DEBUG: F1=0.000, EM=0.0, Overlap=0.000
[16:55:43]   Progress: 50/50 - Recent F1: 0.415
[16:55:43]    basic completed: F1=0.148, EM=0.080
[16:55:43] 
 Experiment completed! Total results: 350
[16:55:43] 
 ANALYZING RESULTS...
[16:55:43] 
 TEMPLATE PERFORMANCE RANKING:
[16:55:43] --------------------------------------------------------------------------------
[16:55:43] Template             F1 Score   EM Score   Samples  Improvement 
[16:55:43] --------------------------------------------------------------------------------
[16:55:43] basic                0.148     0.080     50       BASELINE    
[16:55:43] confident_direct     0.123     0.060     50       +-16.9%     
[16:55:43] structured_response  0.117     0.060     50       +-20.7%     
[16:55:43] retrieval_focused    0.116     0.060     50       +-21.4%     
[16:55:43] context_guided       0.110     0.060     50       +-25.2%     
[16:55:43] instructional_clear  0.102     0.040     50       +-30.6%     
[16:55:43] knowledge_synthesis  0.086     0.040     50       +-41.8%     
[16:55:43] 
 SUCCESS ANALYSIS:
[16:55:43]    Best Template: basic (F1: 0.148)
[16:55:43]    Basic template still dominates (rank 1)
[16:55:43]    Suggestion: Try even simpler prompts or different question types
[16:55:43] 
 SAMPLE RESULTS:
[16:55:43] ======================================================================
[16:55:43] 
 Template: basic (Rank 1)
[16:55:43]    Q: In what country is Normandy located?...
[16:55:43]    Expected: France
[16:55:43]    Generated: france
[16:55:43]    Score: F1=1.000
[16:55:43]    Q: When were the Normans in Normandy?...
[16:55:43]    Expected: 10th and 11th centuries
[16:55:43]    Generated: 9th century -- 9th century
[16:55:43]    Score: F1=0.000
[16:55:43] 
 Template: confident_direct (Rank 2)
[16:55:43]    Q: In what country is Normandy located?...
[16:55:43]    Expected: France
[16:55:43]    Generated: france
[16:55:43]    Score: F1=1.000
[16:55:43]    Q: When were the Normans in Normandy?...
[16:55:43]    Expected: 10th and 11th centuries
[16:55:43]    Generated: 10th century -- 15th century
[16:55:43]    Score: F1=0.250
[16:55:43] 
 Template: structured_response (Rank 3)
[16:55:43]    Q: In what country is Normandy located?...
[16:55:43]    Expected: France
[16:55:43]    Generated: france
[16:55:43]    Score: F1=1.000
[16:55:43]    Q: When were the Normans in Normandy?...
[16:55:43]    Expected: 10th and 11th centuries
[16:55:43]    Generated: between the 10th and 13th centuries
[16:55:43]    Score: F1=0.600
[16:55:43] 
 TARGETED EXPERIMENT COMPLETED!
